This is pdfTeX, Version 3.14159265-2.6-1.40.17 (TeX Live 2016) (preloaded format=latex 2016.6.9)  5 AUG 2017 17:02
entering extended mode
 restricted \write18 enabled.
 %&-line parsing enabled.
**\makeatletter\def\HCode{\futurelet\HCode\HChar}\def\HChar{\ifx"\HCode\def\HCo
de"##1"{\Link##1}\expandafter\HCode\else\expandafter\Link\fi}\def\Link#1.a.b.c.
{\g@addto@macro\@documentclasshook{\RequirePackage[#1,html]{tex4ht}}\let\HCode\
documentstyle\def\documentstyle{\let\documentstyle\HCode\expandafter\def\csname
 tex4ht\endcsname{#1,html}\def\HCode####1{\documentstyle[tex4ht,}\@ifnextchar[{
\HCode}{\documentstyle[tex4ht]}}}\makeatother\HCode .a.b.c.\input  bisonsyntax
(./bisonsyntax.tex
(/usr/local/texlive/2016/texmf-dist/tex/latex/base/article.cls
Document Class: article 2014/09/29 v1.4h Standard LaTeX document class
(/usr/local/texlive/2016/texmf-dist/tex/latex/base/size12.clo
File: size12.clo 2014/09/29 v1.4h Standard LaTeX file (size option)
)
\c@part=\count79
\c@section=\count80
\c@subsection=\count81
\c@subsubsection=\count82
\c@paragraph=\count83
\c@subparagraph=\count84
\c@figure=\count85
\c@table=\count86
\abovecaptionskip=\skip41
\belowcaptionskip=\skip42
\bibindent=\dimen102
)
(/usr/local/texlive/2016/texmf-dist/tex/generic/tex4ht/tex4ht.sty
version 2008-10-27-17:23
Package: tex4ht 
--------------------------------------
--- Note --- for _ at preamble, use the command line option `early_'
--------------------------------------
--------------------------------------
--- Note --- for ^ at preamble, use the command line option `early^'
--------------------------------------
\tmp:toks=\toks14
)
(/usr/local/texlive/2016/texmf-dist/tex/generic/tex4ht/usepackage.4ht
version 2009-05-21-09:32
)
(/usr/local/texlive/2016/texmf-dist/tex/latex/listings/listings.sty
(/usr/local/texlive/2016/texmf-dist/tex/latex/graphics/keyval.sty
Package: keyval 2014/10/28 v1.15 key=value parser (DPC)
\KV@toks@=\toks15
)
\lst@mode=\count87
\lst@gtempboxa=\box26
\lst@token=\toks16
\lst@length=\count88
\lst@currlwidth=\dimen103
\lst@column=\count89
\lst@pos=\count90
\lst@lostspace=\dimen104
\lst@width=\dimen105
\lst@newlines=\count91
\lst@lineno=\count92
\lst@maxwidth=\dimen106

(/usr/local/texlive/2016/texmf-dist/tex/latex/listings/lstmisc.sty
File: lstmisc.sty 2015/06/04 1.6 (Carsten Heinz)
\c@lstnumber=\count93
\lst@skipnumbers=\count94
\lst@framebox=\box27
)
(/usr/local/texlive/2016/texmf-dist/tex/latex/listings/listings.cfg
File: listings.cfg 2015/06/04 1.6 listings configuration
))
Package: listings 2015/06/04 1.6 (Carsten Heinz)

(/usr/local/texlive/2016/texmf-dist/tex/latex/graphics/color.sty
Package: color 2016/05/09 v1.1c Standard LaTeX Color (DPC)

(/usr/local/texlive/2016/texmf-dist/tex/latex/graphics-cfg/color.cfg
File: color.cfg 2016/01/02 v1.6 sample color configuration
)
Package color Info: Driver file: dvips.def on input line 144.

(/usr/local/texlive/2016/texmf-dist/tex/latex/graphics/dvips.def
File: dvips.def 2015/12/30 v3.0k Driver-dependent file (DPC,SPQR)
)
(/usr/local/texlive/2016/texmf-dist/tex/latex/graphics/dvipsnam.def
File: dvipsnam.def 2015/12/30 v3.0k Driver-dependent file (DPC,SPQR)
))
(/usr/local/texlive/2016/texmf-dist/tex/latex/listings/lstlang1.sty
File: lstlang1.sty 2015/06/04 1.6 listings language file
)
(/usr/local/texlive/2016/texmf-dist/tex/latex/euler/euler.sty
Package: euler 1995/03/05 v2.5

Package: `euler' v2.5 <1995/03/05> (FJ and FMi)
LaTeX Font Info:    Redeclaring symbol font `letters' on input line 35.
LaTeX Font Info:    Encoding `OML' has changed to `U' for symbol font
(Font)              `letters' in the math version `normal' on input line 35.
LaTeX Font Info:    Overwriting symbol font `letters' in version `normal'
(Font)                  OML/cmm/m/it --> U/eur/m/n on input line 35.
LaTeX Font Info:    Encoding `OML' has changed to `U' for symbol font
(Font)              `letters' in the math version `bold' on input line 35.
LaTeX Font Info:    Overwriting symbol font `letters' in version `bold'
(Font)                  OML/cmm/b/it --> U/eur/m/n on input line 35.
LaTeX Font Info:    Overwriting symbol font `letters' in version `bold'
(Font)                  U/eur/m/n --> U/eur/b/n on input line 36.
LaTeX Font Info:    Redeclaring math symbol \Gamma on input line 47.
LaTeX Font Info:    Redeclaring math symbol \Delta on input line 48.
LaTeX Font Info:    Redeclaring math symbol \Theta on input line 49.
LaTeX Font Info:    Redeclaring math symbol \Lambda on input line 50.
LaTeX Font Info:    Redeclaring math symbol \Xi on input line 51.
LaTeX Font Info:    Redeclaring math symbol \Pi on input line 52.
LaTeX Font Info:    Redeclaring math symbol \Sigma on input line 53.
LaTeX Font Info:    Redeclaring math symbol \Upsilon on input line 54.
LaTeX Font Info:    Redeclaring math symbol \Phi on input line 55.
LaTeX Font Info:    Redeclaring math symbol \Psi on input line 56.
LaTeX Font Info:    Redeclaring math symbol \Omega on input line 57.
\symEulerFraktur=\mathgroup4
LaTeX Font Info:    Overwriting symbol font `EulerFraktur' in version `bold'
(Font)                  U/euf/m/n --> U/euf/b/n on input line 63.
LaTeX Info: Redefining \oldstylenums on input line 85.
\symEulerScript=\mathgroup5
LaTeX Font Info:    Overwriting symbol font `EulerScript' in version `bold'
(Font)                  U/eus/m/n --> U/eus/b/n on input line 93.
LaTeX Font Info:    Redeclaring math symbol \aleph on input line 97.
LaTeX Font Info:    Redeclaring math symbol \Re on input line 98.
LaTeX Font Info:    Redeclaring math symbol \Im on input line 99.
LaTeX Font Info:    Redeclaring math delimiter \vert on input line 101.
LaTeX Font Info:    Redeclaring math delimiter \backslash on input line 103.
LaTeX Font Info:    Redeclaring math symbol \neg on input line 106.
LaTeX Font Info:    Redeclaring math symbol \wedge on input line 108.
LaTeX Font Info:    Redeclaring math symbol \vee on input line 110.
LaTeX Font Info:    Redeclaring math symbol \setminus on input line 112.
LaTeX Font Info:    Redeclaring math symbol \sim on input line 113.
LaTeX Font Info:    Redeclaring math symbol \mid on input line 114.
LaTeX Font Info:    Redeclaring math delimiter \arrowvert on input line 116.
LaTeX Font Info:    Redeclaring math symbol \mathsection on input line 117.
\symEulerExtension=\mathgroup6
LaTeX Font Info:    Redeclaring math symbol \coprod on input line 125.
LaTeX Font Info:    Redeclaring math symbol \prod on input line 125.
LaTeX Font Info:    Redeclaring math symbol \sum on input line 125.
LaTeX Font Info:    Redeclaring math symbol \intop on input line 130.
LaTeX Font Info:    Redeclaring math symbol \ointop on input line 131.
LaTeX Font Info:    Redeclaring math symbol \braceld on input line 132.
LaTeX Font Info:    Redeclaring math symbol \bracerd on input line 133.
LaTeX Font Info:    Redeclaring math symbol \bracelu on input line 134.
LaTeX Font Info:    Redeclaring math symbol \braceru on input line 135.
LaTeX Font Info:    Redeclaring math symbol \infty on input line 136.
LaTeX Font Info:    Redeclaring math symbol \nearrow on input line 153.
LaTeX Font Info:    Redeclaring math symbol \searrow on input line 154.
LaTeX Font Info:    Redeclaring math symbol \nwarrow on input line 155.
LaTeX Font Info:    Redeclaring math symbol \swarrow on input line 156.
LaTeX Font Info:    Redeclaring math symbol \Leftrightarrow on input line 157.
LaTeX Font Info:    Redeclaring math symbol \Leftarrow on input line 158.
LaTeX Font Info:    Redeclaring math symbol \Rightarrow on input line 159.
LaTeX Font Info:    Redeclaring math symbol \leftrightarrow on input line 160.
LaTeX Font Info:    Redeclaring math symbol \leftarrow on input line 161.
LaTeX Font Info:    Redeclaring math symbol \rightarrow on input line 163.
LaTeX Font Info:    Redeclaring math delimiter \uparrow on input line 166.
LaTeX Font Info:    Redeclaring math delimiter \downarrow on input line 168.
LaTeX Font Info:    Redeclaring math delimiter \updownarrow on input line 170.
LaTeX Font Info:    Redeclaring math delimiter \Uparrow on input line 172.
LaTeX Font Info:    Redeclaring math delimiter \Downarrow on input line 174.
LaTeX Font Info:    Redeclaring math delimiter \Updownarrow on input line 176.
LaTeX Font Info:    Redeclaring math symbol \leftharpoonup on input line 177.
LaTeX Font Info:    Redeclaring math symbol \leftharpoondown on input line 178.

LaTeX Font Info:    Redeclaring math symbol \rightharpoonup on input line 179.
LaTeX Font Info:    Redeclaring math symbol \rightharpoondown on input line 180
.
LaTeX Font Info:    Redeclaring math delimiter \lbrace on input line 182.
LaTeX Font Info:    Redeclaring math delimiter \rbrace on input line 184.
\symcmmigroup=\mathgroup7
LaTeX Font Info:    Overwriting symbol font `cmmigroup' in version `bold'
(Font)                  OML/cmm/m/it --> OML/cmm/b/it on input line 200.
LaTeX Font Info:    Redeclaring math accent \vec on input line 201.
LaTeX Font Info:    Redeclaring math symbol \triangleleft on input line 202.
LaTeX Font Info:    Redeclaring math symbol \triangleright on input line 203.
LaTeX Font Info:    Redeclaring math symbol \star on input line 204.
LaTeX Font Info:    Redeclaring math symbol \lhook on input line 205.
LaTeX Font Info:    Redeclaring math symbol \rhook on input line 206.
LaTeX Font Info:    Redeclaring math symbol \flat on input line 207.
LaTeX Font Info:    Redeclaring math symbol \natural on input line 208.
LaTeX Font Info:    Redeclaring math symbol \sharp on input line 209.
LaTeX Font Info:    Redeclaring math symbol \smile on input line 210.
LaTeX Font Info:    Redeclaring math symbol \frown on input line 211.
LaTeX Font Info:    Redeclaring math accent \hat on input line 254.
) (/usr/local/texlive/2016/texmf-dist/tex/latex/fancyhdr/fancyhdr.sty
\fancy@headwidth=\skip43
\f@ncyO@elh=\skip44
\f@ncyO@erh=\skip45
\f@ncyO@olh=\skip46
\f@ncyO@orh=\skip47
\f@ncyO@elf=\skip48
\f@ncyO@erf=\skip49
\f@ncyO@olf=\skip50
\f@ncyO@orf=\skip51
)
(/usr/local/texlive/2016/texmf-dist/tex/latex/index/index.sty
Package: index 2004/01/20 v4.2beta Improved index support (dmj)
\@indexbox=\insert199
\indexproofstyle=\toks17
)
(/usr/local/texlive/2016/texmf-dist/tex/latex/framed/framed.sty
Package: framed 2011/10/22 v 0.96: framed or shaded text with page breaks
\OuterFrameSep=\skip52
\fb@frw=\dimen107
\fb@frh=\dimen108
\FrameRule=\dimen109
\FrameSep=\dimen110
)
(/usr/local/texlive/2016/texmf-dist/tex/latex/pstricks/pstricks.sty
Package: pstricks 2015/11/14 v0.62 LaTeX wrapper for `PSTricks' (RN,HV)

(/usr/local/texlive/2016/texmf-dist/tex/latex/xcolor/xcolor.sty
Package: xcolor 2016/05/11 v2.12 LaTeX color extensions (UK)

(/usr/local/texlive/2016/texmf-dist/tex/latex/graphics-cfg/color.cfg
File: color.cfg 2016/01/02 v1.6 sample color configuration
)
Package xcolor Info: Driver file: dvips.def on input line 225.
LaTeX Info: Redefining \color on input line 709.
Package xcolor Info: Model `cmy' substituted by `cmy0' on input line 1348.
Package xcolor Info: Model `RGB' extended on input line 1364.
Package xcolor Info: Model `HTML' substituted by `rgb' on input line 1366.
Package xcolor Info: Model `Hsb' substituted by `hsb' on input line 1367.
Package xcolor Info: Model `tHsb' substituted by `hsb' on input line 1368.
Package xcolor Info: Model `HSB' substituted by `hsb' on input line 1369.
Package xcolor Info: Model `Gray' substituted by `gray' on input line 1370.
Package xcolor Info: Model `wave' substituted by `hsb' on input line 1371.
)
(/usr/local/texlive/2016/texmf-dist/tex/generic/pstricks/pstricks.tex
(/usr/local/texlive/2016/texmf-dist/tex/generic/xkeyval/pst-xkey.tex
File: pst-xkey.tex 2005/11/25 v1.6 PSTricks specialization of xkeyval (HA)

(/usr/local/texlive/2016/texmf-dist/tex/latex/xkeyval/xkeyval.sty
Package: xkeyval 2014/12/03 v2.7a package option processing (HA)

(/usr/local/texlive/2016/texmf-dist/tex/generic/xkeyval/xkeyval.tex
(/usr/local/texlive/2016/texmf-dist/tex/generic/xkeyval/xkvutils.tex
\XKV@toks=\toks18
\XKV@tempa@toks=\toks19
)
\XKV@depth=\count95
File: xkeyval.tex 2014/12/03 v2.7a key=value parser (HA)
)))
(/usr/local/texlive/2016/texmf-dist/tex/generic/pstricks/pst-fp.tex
`pst-fp' v0.05, 2010/01/17 (hv)
\pstFP@xs=\count96
\pstFP@xia=\count97
\pstFP@xib=\count98
\pstFP@xfa=\count99
\pstFP@xfb=\count100
\pstFP@rega=\count101
\pstFP@regb=\count102
\pstFP@regs=\count103
\pstFP@times=\count104
)
(/usr/local/texlive/2016/texmf-dist/tex/generic/pgf/utilities/pgfutil-common.te
x
\pgfutil@everybye=\toks20
\pgfutil@tempdima=\dimen111
\pgfutil@tempdimb=\dimen112

(/usr/local/texlive/2016/texmf-dist/tex/generic/pgf/utilities/pgfutil-common-li
sts.tex))
(/usr/local/texlive/2016/texmf-dist/tex/generic/pgf/utilities/pgfkeys.code.tex
\pgfkeys@pathtoks=\toks21
\pgfkeys@temptoks=\toks22

(/usr/local/texlive/2016/texmf-dist/tex/generic/pgf/utilities/pgfkeysfiltered.c
ode.tex
\pgfkeys@tmptoks=\toks23
))
(/usr/local/texlive/2016/texmf-dist/tex/generic/pgf/utilities/pgffor.code.tex
(/usr/local/texlive/2016/texmf-dist/tex/generic/pgf/math/pgfmath.code.tex
(/usr/local/texlive/2016/texmf-dist/tex/generic/pgf/math/pgfmathcalc.code.tex
(/usr/local/texlive/2016/texmf-dist/tex/generic/pgf/math/pgfmathutil.code.tex
\pgf@x=\dimen113
\pgf@xa=\dimen114
\pgf@xb=\dimen115
\pgf@xc=\dimen116
\pgf@y=\dimen117
\pgf@ya=\dimen118
\pgf@yb=\dimen119
\pgf@yc=\dimen120
\c@pgf@counta=\count105
\c@pgf@countb=\count106
\c@pgf@countc=\count107
\c@pgf@countd=\count108
\pgfutil@tempcnta=\count109
\pgfutil@tempcntb=\count110
)
(/usr/local/texlive/2016/texmf-dist/tex/generic/pgf/math/pgfmathparser.code.tex
\pgfmath@dimen=\dimen121
\pgfmath@count=\count111
\pgfmath@box=\box28
\pgfmath@toks=\toks24
\pgfmath@stack@operand=\toks25
\pgfmath@stack@operation=\toks26
)
(/usr/local/texlive/2016/texmf-dist/tex/generic/pgf/math/pgfmathfunctions.code.
tex
(/usr/local/texlive/2016/texmf-dist/tex/generic/pgf/math/pgfmathfunctions.basic
.code.tex)
(/usr/local/texlive/2016/texmf-dist/tex/generic/pgf/math/pgfmathfunctions.trigo
nometric.code.tex)
(/usr/local/texlive/2016/texmf-dist/tex/generic/pgf/math/pgfmathfunctions.rando
m.code.tex)
(/usr/local/texlive/2016/texmf-dist/tex/generic/pgf/math/pgfmathfunctions.compa
rison.code.tex)
(/usr/local/texlive/2016/texmf-dist/tex/generic/pgf/math/pgfmathfunctions.base.
code.tex)
(/usr/local/texlive/2016/texmf-dist/tex/generic/pgf/math/pgfmathfunctions.round
.code.tex)
(/usr/local/texlive/2016/texmf-dist/tex/generic/pgf/math/pgfmathfunctions.misc.
code.tex)
(/usr/local/texlive/2016/texmf-dist/tex/generic/pgf/math/pgfmathfunctions.integ
erarithmetics.code.tex)))
(/usr/local/texlive/2016/texmf-dist/tex/generic/pgf/math/pgfmathfloat.code.tex
\c@pgfmathroundto@lastzeros=\count112
))
\pgffor@iter=\dimen122
\pgffor@skip=\dimen123
\pgffor@stack=\toks27
\pgffor@toks=\toks28
)
\psLoopIndex=\count113

`PSTricks' v2.66  <2016/05/18> (tvz)
\pst@dima=\dimen124
\pst@dimb=\dimen125
\pst@dimc=\dimen126
\pst@dimd=\dimen127
\pst@dimg=\dimen128
\pst@dimh=\dimen129
\pst@dimm=\dimen130
\pst@dimn=\dimen131
\pst@dimo=\dimen132
\pst@dimp=\dimen133
\pst@hbox=\box29
\pst@ibox=\box30
\pst@boxg=\box31
\pst@cnta=\count114
\pst@cntb=\count115
\pst@cntc=\count116
\pst@cntd=\count117
\pst@cntg=\count118
\pst@cnth=\count119
\pst@cntm=\count120
\pst@cntn=\count121
\pst@cnto=\count122
\pst@cntp=\count123
\@zero=\count124
\pst@toks=\toks29
(/usr/local/texlive/2016/texmf-dist/tex/generic/pstricks/pstricks.con)
\psunit=\dimen134
\psxunit=\dimen135
\psyunit=\dimen136
\pst@C@@rType=\count125
\pslinewidth=\dimen137
\psk@startLW=\dimen138
\psk@endLW=\dimen139
\pst@customdefs=\toks30
\pslinearc=\dimen140
\pst@symbolStep=\dimen141
\pst@symbolWidth=\dimen142
\pst@symbolLinewidth=\dimen143
\everypsbox=\toks31
\psframesep=\dimen144
\pslabelsep=\dimen145
\sh@wgridXunit=\dimen146
\sh@wgridYunit=\dimen147
\pst@shift=\dimen148
)
File: pstricks.tex 2016/05/18 v2.66 `PSTricks' (tvz,hv)

(/usr/local/texlive/2016/texmf-dist/tex/generic/pstricks/pst-fp.tex)
File: pst-fp.tex 2016/05/18 v2.66 `PST-fp' (hv)
)
(/usr/local/texlive/2016/texmf-dist/tex/latex/pst-node/pst-node.sty
Package: pst-node 2012/09/18 v1.01 LaTeX wrapper for `pst-node' (HV)
Package: pst-node 2010/04/22 package wrapper for pst-node.tex

(/usr/local/texlive/2016/texmf-dist/tex/generic/pst-node/pst-node.tex
 v1.36, 2016/04/24
\psrow=\count126
\pscol=\count127
\psmatrixcnt=\count128
\psrowsep=\skip53
\pscolsep=\skip54
\pst@args=\count129
\num@pts=\count130
\pst@argcnt=\count131
)
File: pst-node.tex 2016/04/24 1.36 `pst-node' (tvz,hv)
)
(/usr/local/texlive/2016/texmf-dist/tex/latex/pst-plot/pst-plot.sty
Package: pst-plot 2011/06/05 v1.00 LaTeX wrapper for `pst-plot' (HV)

(/usr/local/texlive/2016/texmf-dist/tex/latex/xkeyval/pst-xkey.sty
Package: pst-xkey 2005/11/25 v1.6 package wrapper for pst-xkey.tex (HA)
)
(/usr/local/texlive/2016/texmf-dist/tex/latex/multido/multido.sty
Package: multido 2004/05/17 package wrapper for PSTricks `multido.tex', (HV/RN)


(/usr/local/texlive/2016/texmf-dist/tex/generic/multido/multido.tex
 v1.42, 2010/05/14 <tvz>
\multido@count=\count132
\multidocount=\count133
\multido@stuff=\toks32
)
File: multido.tex 2010/05/14 v1.42 `multido' (tvz,hv)
)
Package: pst-plot 2011/04/13 package wrapper for pst-plot.tex (hv)

(/usr/local/texlive/2016/texmf-dist/tex/generic/pst-plot/pst-plot.tex
(/usr/local/texlive/2016/texmf-dist/tex/generic/pst-tools/pst-tools.tex
`PST-tools' v0.05, 2014/05/12 (hv))
(/usr/local/texlive/2016/texmf-dist/tex/generic/pstricks-add/pstricks-add.tex
(/usr/local/texlive/2016/texmf-dist/tex/generic/pst-3d/pst-3d.tex
`PST-3d' v1.11, 2010/02/14 (tvz))
(/usr/local/texlive/2016/texmf-dist/tex/generic/pst-math/pst-math.tex
`pst-math' v0.63 , (CJ,hv)) `pstricks-add' v3.80, 2016/04/25 (dr,hv)
\psparallelogramsep=\dimen149
\pshooklength=\dimen150
\pshookwidth=\dimen151
\pst@cntC=\count134
\chart@ColorIndex=\dimen152
\chart@ColorStep=\dimen153
\pst@chartHeight=\dimen154
\pst@chartStackDepth=\dimen155
\pst@chartStackWidth=\dimen156
\chart@Toggle=\count135
\psVectorCtr=\count136
)
 v1.75, 2016/05/18 (tvz,hv)
\pstRadUnit=\dimen157
\pstRadUnitInv=\dimen158
\pst@linecnt=\count137
\RCD@file=\read1
\psxlabelsep=\dimen159
\psylabelsep=\dimen160
\psk@subticksize=\dimen161
\pst@xticksizeA=\dimen162
\pst@xticksizeB=\dimen163
\pst@xticksizeC=\dimen164
\pst@yticksizeA=\dimen165
\pst@yticksizeB=\dimen166
\pst@yticksizeC=\dimen167
\@digitcounter=\count138
\psk@llx=\dimen168
\psk@lly=\dimen169
\psk@urx=\dimen170
\psk@ury=\dimen171
\pst@xunit=\dimen172
\pst@yunit=\dimen173
)
File: pst-plot.tex 2016/05/18 1.75 `pst-plot' (tvz,hv)
)
(/usr/local/texlive/2016/texmf-dist/tex/latex/pst-tree/pst-tree.sty
Package: pst-tree 2009/01/25 package wrapper for pst-tree.tex

(/usr/local/texlive/2016/texmf-dist/tex/generic/pst-tree/pst-tree.tex
 v1.12, 2011/02/28(tvz,dg,hv)
\pstree@rootbox=\box32
\pstree@box=\box33
\psnodecnt=\count139
\pstreelevel=\count140
\pstreecnt=\count141
\pstree@cnt=\count142
\pstree@stop=\count143
)
File: pst-tree.tex 2011/02/28 1.12 `pst-tree' (tvz,hv)
)
(/usr/local/texlive/2016/texmf-dist/tex/latex/boxedminipage/boxedminipage.sty)
(/usr/local/texlive/2016/texmf-dist/tex/latex/graphics/epsfig.sty
Package: epsfig 1999/02/16 v1.7a (e)psfig emulation (SPQR)

(/usr/local/texlive/2016/texmf-dist/tex/latex/graphics/graphicx.sty
Package: graphicx 2014/10/28 v1.0g Enhanced LaTeX Graphics (DPC,SPQR)

(/usr/local/texlive/2016/texmf-dist/tex/latex/graphics/graphics.sty
Package: graphics 2016/05/09 v1.0r Standard LaTeX Graphics (DPC,SPQR)

(/usr/local/texlive/2016/texmf-dist/tex/latex/graphics/trig.sty
Package: trig 2016/01/03 v1.10 sin cos tan (DPC)
)
(/usr/local/texlive/2016/texmf-dist/tex/latex/graphics-cfg/graphics.cfg
File: graphics.cfg 2016/01/02 v1.10 sample graphics configuration
)
Package graphics Info: Driver file: dvips.def on input line 96.
)
\Gin@req@height=\dimen174
\Gin@req@width=\dimen175
)
\epsfxsize=\dimen176
\epsfysize=\dimen177
)
(/usr/local/texlive/2016/texmf-dist/tex/latex/harvard/harvard.sty
Package: harvard 

(/usr/local/texlive/2016/texmf-dist/tex/latex/base/ifthen.sty
Package: ifthen 2014/09/29 v1.1c Standard LaTeX ifthen package (DPC)
))
(/usr/local/texlive/2016/texmf-dist/tex/latex/amsmath/amsmath.sty
Package: amsmath 2016/03/10 v2.15b AMS math features
\@mathmargin=\skip55

For additional information on amsmath, use the `?' option.
(/usr/local/texlive/2016/texmf-dist/tex/latex/amsmath/amstext.sty
Package: amstext 2000/06/29 v2.01 AMS text

(/usr/local/texlive/2016/texmf-dist/tex/latex/amsmath/amsgen.sty
File: amsgen.sty 1999/11/30 v2.0 generic functions
\@emptytoks=\toks33
\ex@=\dimen178
))
(/usr/local/texlive/2016/texmf-dist/tex/latex/amsmath/amsbsy.sty
Package: amsbsy 1999/11/29 v1.2d Bold Symbols
\pmbraise@=\dimen179
)
(/usr/local/texlive/2016/texmf-dist/tex/latex/amsmath/amsopn.sty
Package: amsopn 2016/03/08 v2.02 operator names
)
\inf@bad=\count144
LaTeX Info: Redefining \frac on input line 199.
\uproot@=\count145
\leftroot@=\count146
LaTeX Info: Redefining \overline on input line 297.
\classnum@=\count147
\DOTSCASE@=\count148
LaTeX Info: Redefining \ldots on input line 394.
LaTeX Info: Redefining \dots on input line 397.
LaTeX Info: Redefining \cdots on input line 518.
\Mathstrutbox@=\box34
\strutbox@=\box35
\big@size=\dimen180
LaTeX Font Info:    Redeclaring font encoding OML on input line 634.
LaTeX Font Info:    Redeclaring font encoding OMS on input line 635.
\macc@depth=\count149
\c@MaxMatrixCols=\count150
\dotsspace@=\muskip10
\c@parentequation=\count151
\dspbrk@lvl=\count152
\tag@help=\toks34
\row@=\count153
\column@=\count154
\maxfields@=\count155
\andhelp@=\toks35
\eqnshift@=\dimen181
\alignsep@=\dimen182
\tagshift@=\dimen183
\tagwidth@=\dimen184
\totwidth@=\dimen185
\lineht@=\dimen186
\@envbody=\toks36
\multlinegap=\skip56
\multlinetaggap=\skip57
\mathdisplay@stack=\toks37
LaTeX Info: Redefining \[ on input line 2739.
LaTeX Info: Redefining \] on input line 2740.
)
(/usr/local/texlive/2016/texmf-dist/tex/latex/amsfonts/amsfonts.sty
Package: amsfonts 2013/01/14 v3.01 Basic AMSFonts support
\symAMSa=\mathgroup8
\symAMSb=\mathgroup9
LaTeX Info: Redefining \frak on input line 111.
)
(/usr/local/texlive/2016/texmf-dist/tex/latex/amsfonts/amssymb.sty
Package: amssymb 2013/01/14 v3.01 AMS font symbols
)
(/usr/local/texlive/2016/texmf-dist/tex/latex/eurosym/eurosym.sty
Package: eurosym 1998/08/06 v1.1 European currency symbol ``Euro''
\@eurobox=\box36
)
(/usr/local/texlive/2016/texmf-dist/tex/latex/rotating/rotating.sty
Package: rotating 2009/03/28 v2.16a rotated objects in LaTeX
\c@r@tfl@t=\count156
\rotFPtop=\skip58
\rotFPbot=\skip59
\rot@float@box=\box37
\rot@mess@toks=\toks38
)
(/usr/local/texlive/2016/texmf-dist/tex/latex/subfigure/subfigure.sty
Package: subfigure 2002/03/15 v2.1.5 subfigure package
\subfigtopskip=\skip60
\subfigcapskip=\skip61
\subfigcaptopadj=\dimen187
\subfigbottomskip=\skip62
\subfigcapmargin=\dimen188
\subfiglabelskip=\skip63
\c@subfigure=\count157
\c@lofdepth=\count158
\c@subtable=\count159
\c@lotdepth=\count160

****************************************
* Local config file subfigure.cfg used *
****************************************
(/usr/local/texlive/2016/texmf-dist/tex/latex/subfigure/subfigure.cfg)
\subfig@top=\skip64
\subfig@bottom=\skip65
)
(/usr/local/texlive/2016/texmf-dist/tex/latex/appendix/appendix.sty
Package: appendix 2009/09/02 v1.2b extra appendix facilities
\c@@pps=\count161
\c@@ppsavesec=\count162
\c@@ppsaveapp=\count163
)
(/usr/local/texlive/2016/texmf-dist/tex/latex/caption/caption.sty
Package: caption 2016/02/21 v3.3-144 Customizing captions (AR)

(/usr/local/texlive/2016/texmf-dist/tex/latex/caption/caption3.sty
Package: caption3 2016/02/04 v1.7-139 caption3 kernel (AR)
Package caption3 Info: TeX engine: e-TeX on input line 67.
\captionmargin=\dimen189
\captionmargin@=\dimen190
\captionwidth=\dimen191
\caption@tempdima=\dimen192
\caption@indent=\dimen193
\caption@parindent=\dimen194
\caption@hangindent=\dimen195
)
\c@ContinuedFloat=\count164
Package caption Info: listings package is loaded.
Package caption Info: rotating package is loaded.
Package caption Info: subfigure package is loaded.
)
(/usr/local/texlive/2016/texmf-dist/tex/latex/tools/dcolumn.sty
Package: dcolumn 2014/10/28 v1.06 decimal alignment package (DPC)

(/usr/local/texlive/2016/texmf-dist/tex/latex/tools/array.sty
Package: array 2014/10/28 v2.4c Tabular extension package (FMi)
\col@sep=\dimen196
\extrarowheight=\dimen197
\NC@list=\toks39
\extratabsurround=\skip66
\backup@length=\skip67
))
(/usr/local/texlive/2016/texmf-dist/tex/latex/multirow/multirow.sty
\bigstrutjot=\dimen198
)
(/usr/local/texlive/2016/texmf-dist/tex/latex/tools/longtable.sty
Package: longtable 2014/10/28 v4.11 Multi-page Table package (DPC)
\LTleft=\skip68
\LTright=\skip69
\LTpre=\skip70
\LTpost=\skip71
\LTchunksize=\count165
\LTcapwidth=\dimen256
\LT@head=\box38
\LT@firsthead=\box39
\LT@foot=\box40
\LT@lastfoot=\box41
\LT@cols=\count166
\LT@rows=\count167
\c@LT@tables=\count168
\c@LT@chunks=\count169
\LT@p@ftn=\toks40
)
\c@definition=\count170
\c@theorem=\count171

(/usr/local/texlive/2016/texmf-dist/tex/generic/tex4ht/tex4ht.4ht
version 2009-01-07-07:11
--------------------------------------
--- Note --- for additional information, use the command line option `info'
--------------------------------------

::::::::::::::::::::::::::::::::::::::::::
 TeX4ht info is available in the log file 
::::::::::::::::::::::::::::::::::::::::::
) (/usr/local/texlive/2016/texmf-dist/tex/generic/tex4ht/tex4ht.sty
version 2008-10-27-17:23

--- needs --- tex4ht bisonsyntax ---
\tmp:cnt=\count172
\openout15 = `bisonsyntax.tmp'.

(./bisonsyntax.tmp)
\tmp:dim=\skip72
--------------------------------------
--- Note --- for XML code, use the command line option `xml' or `xhtml'
--------------------------------------
 (./bisonsyntax.xref)
\:refout=\write3
\openout3 = `bisonsyntax.xref'.


(/usr/local/texlive/2016/texmf-dist/tex/generic/tex4ht/html4.4ht
version 2016-03-31-11:13
--------------------------------------
--- Note --- to remove the <?xml version=...?> processing instruction use the c
ommand line option `no-VERSION'
--------------------------------------
--------------------------------------
--- Note --- to remove the DOCTYPE declaration use the command line option `no-
DOCTYPE'
--------------------------------------
)
(/usr/local/texlive/2016/texmf-dist/tex/generic/tex4ht/html4-math.4ht
version 2009-05-18-23:01
)
--------------------------------------
--- Note --- for marking of the base font, use the command line option `fonts+'

--------------------------------------
--------------------------------------
--- Note --- for non active _, use the command line option `no_'
--------------------------------------
--------------------------------------
--- Note --- for _ of catcode 13, use the command line option `_13'
--------------------------------------
--------------------------------------
--- Note --- for non active ^, use the command line option `no^'
--------------------------------------
--------------------------------------
--- Note --- for ^ of catcode 13, use the command line option `^13'
--------------------------------------

(/usr/local/texlive/2016/texmf-dist/tex/generic/tex4ht/html4.4ht
version 2016-03-31-11:13
--------------------------------------
--- Note --- for alternative charset, use the command line option `charset=...'

--------------------------------------
--------------------------------------
--- Note --- to ignore CSS font decoration, use the `NoFonts' command line opti
on
--------------------------------------
--------------------------------------
--- Note --- for jpg bitmaps of pictures, use the `jpg' command line option. (C
haracter bitmaps are controled only by `g' records of tex4ht.env and `-g' switc
hes of tex4ht.c) 
--------------------------------------
--------------------------------------
--- Note --- for gif bitmaps of pictures, use the `gif' command line option. (C
haracter bitmaps are controled only by `g' records of tex4ht.env and `-g' switc
hes of tex4ht.c) 
--------------------------------------
--------------------------------------
--- Note --- for content and toc in 2 frames, use the command line option `fram
es'
--------------------------------------
--------------------------------------
--- Note --- for content, toc, and footnotes in 3 frames, use the command line 
option `frames-fn'
--------------------------------------
--------------------------------------
--- Note --- for file extension name xht, use the command line option `xht'
--------------------------------------
TeX4ht package options: html
--------------------------------------
--- Note --- To print a timestamp, use the command line option timestamp
--------------------------------------
--------------------------------------
--- Note --- to ignore CSS code, use the command line option `-css
--------------------------------------
--------------------------------------
--- Note --- for inline CSS code, use the command line option `css-in'
--------------------------------------
--------------------------------------
--- Note --- for pop ups on mouse over, use the command line option `mouseover'

--------------------------------------
--------------------------------------
--- Note --- for addressing images in a subdirectory, use the command line opti
on `imgdir:.../'
--------------------------------------
)
(/usr/local/texlive/2016/texmf-dist/tex/generic/tex4ht/html4-math.4ht
version 2009-05-18-23:01
)
\:tokwrite=\toks41
\:tokpage=\toks42
--------------------------------------
--- Note --- for back links to toc, use the command line option `sections+'
--------------------------------------
--------------------------------------
--- Note --- for linear crosslinks of pages, use the command line option `next'

--------------------------------------
\openout15 = `bisonsyntax.4ct'.

\:tocout=\write4
\openout4 = `bisonsyntax.4tc'.


(/usr/local/texlive/2016/texmf-dist/tex/generic/tex4ht/html4.4ht
version 2016-03-31-11:13
)
(/usr/local/texlive/2016/texmf-dist/tex/generic/tex4ht/html4-math.4ht
version 2009-05-18-23:01
)
(/usr/local/texlive/2016/texmf-dist/tex/generic/tex4ht/latex.4ht
version 2009-05-21-09:32
--------------------------------------
--- Note --- for links into captions, instead of float heads, use the command l
ine option `refcaption'
--------------------------------------

(/usr/local/texlive/2016/texmf-dist/tex/generic/tex4ht/html4.4ht
version 2016-03-31-11:13
--------------------------------------
--- Note --- For mini tocs immediately aftter the header use the command line o
ption `minitoc<'
--------------------------------------
--------------------------------------
--- Note --- for enumerated list elements with valued data, use the command lin
e option `enumerate+'
--------------------------------------
--------------------------------------
--- Note --- for enumerated list elements li's with value attributes, use the c
ommand line option `enumerate-'
--------------------------------------
--------------------------------------
--- Note --- for CSS2 code, use the command line option `css2'
--------------------------------------
--------------------------------------
--- Note --- for pictorial tabular, use the command line option `pic-tabular'
--------------------------------------
--------------------------------------
--- Note --- for bitmap fbox'es, use the command line option `pic-fbox'
--------------------------------------
--------------------------------------
--- Note --- for bitmap framebox'es, use the command line option `pic-framebox'

--------------------------------------
--------------------------------------
--- Note --- for inline footnotes use command line option `fn-in'
--------------------------------------
--------------------------------------
--- Note --- for tracing of latex font commands, use the command line option `f
onts'
--------------------------------------
--------------------------------------
--- Note --- for width specifications of tabular p entries, use the `p-width' c
ommand line option or a configuration similar to \Configure{HColWidth}{\HCode{ 
style="width:\HColWidth"}}
--------------------------------------
)
(/usr/local/texlive/2016/texmf-dist/tex/generic/tex4ht/html4-math.4ht
version 2009-05-18-23:01
--------------------------------------
--- Note --- for pictorial eqnarray, use the command line option `pic-eqnarray'

--------------------------------------
--------------------------------------
--- Note --- for pictorial array, use the command line option `pic-array'
--------------------------------------
--------------------------------------
--- Note --- for pictorial $...$ environments, use the command line option `pic
-m' (not recommended!!)
--------------------------------------
--------------------------------------
--- Note --- for pictorial $...$ and $$...$$ environments with latex alt, use t
he command line option `pic-m+' (not safe!!)
--------------------------------------
--------------------------------------
--- Note --- for pictorial array, use the command line option `pic-array'
--------------------------------------
))
(/usr/local/texlive/2016/texmf-dist/tex/generic/tex4ht/fontmath.4ht
version 2009-05-21-09:32

(/usr/local/texlive/2016/texmf-dist/tex/generic/tex4ht/html4.4ht
version 2016-03-31-11:13
)
(/usr/local/texlive/2016/texmf-dist/tex/generic/tex4ht/html4-math.4ht
version 2009-05-18-23:01
))
(/usr/local/texlive/2016/texmf-dist/tex/generic/tex4ht/article.4ht
version 2009-05-21-09:32

(/usr/local/texlive/2016/texmf-dist/tex/generic/tex4ht/html4.4ht
version 2016-03-31-11:13
--------------------------------------
--- Note --- for automatic sectioning pagination, use the command line option `
1', `2', `3', '4', '5', '6', or '7'
--------------------------------------
--------------------------------------
--- Note --- for files named derived from section titles, use the command line 
option `sec-filename'
--------------------------------------
--------------------------------------
--- Note --- for i-columns index, use the command line option `index=i' (e.g., 
index=2)
--------------------------------------
)
(/usr/local/texlive/2016/texmf-dist/tex/generic/tex4ht/html4-math.4ht
version 2009-05-18-23:01
))
(/usr/local/texlive/2016/texmf-dist/tex/generic/tex4ht/listings.4ht
version 2014-07-13-16:08

(/usr/local/texlive/2016/texmf-dist/tex/generic/tex4ht/html4.4ht
version 2016-03-31-11:13
--------------------------------------
--- Note --- to ensure proper alignments use fixed size fonts (see listings.dtx
)
--------------------------------------
)
(/usr/local/texlive/2016/texmf-dist/tex/generic/tex4ht/html4-math.4ht
version 2009-05-18-23:01
))
(/usr/local/texlive/2016/texmf-dist/tex/generic/tex4ht/color.4ht
version 2009-05-21-09:32

(/usr/local/texlive/2016/texmf-dist/tex/generic/tex4ht/html4.4ht
version 2016-03-31-11:13
)
(/usr/local/texlive/2016/texmf-dist/tex/generic/tex4ht/html4-math.4ht
version 2009-05-18-23:01
))
(/usr/local/texlive/2016/texmf-dist/tex/generic/tex4ht/dvips.4ht
version 2009-05-21-09:32

(/usr/local/texlive/2016/texmf-dist/tex/generic/tex4ht/html4.4ht
version 2016-03-31-11:13
)
(/usr/local/texlive/2016/texmf-dist/tex/generic/tex4ht/html4-math.4ht
version 2009-05-18-23:01
))
(/usr/local/texlive/2016/texmf-dist/tex/generic/tex4ht/dvipsnam.4ht
version 2009-05-21-09:32

(/usr/local/texlive/2016/texmf-dist/tex/latex/graphics/dvipsnam.def)
(/usr/local/texlive/2016/texmf-dist/tex/generic/tex4ht/html4.4ht
version 2016-03-31-11:13
)
(/usr/local/texlive/2016/texmf-dist/tex/generic/tex4ht/html4-math.4ht
version 2009-05-18-23:01
))
(/usr/local/texlive/2016/texmf-dist/tex/generic/tex4ht/euler.4ht
version 2009-05-21-09:32

(/usr/local/texlive/2016/texmf-dist/tex/generic/tex4ht/html4.4ht
version 2016-03-31-11:13
)
(/usr/local/texlive/2016/texmf-dist/tex/generic/tex4ht/html4-math.4ht
version 2009-05-18-23:01
))
(/usr/local/texlive/2016/texmf-dist/tex/generic/tex4ht/index.4ht
version 2009-05-21-09:32

(/usr/local/texlive/2016/texmf-dist/tex/generic/tex4ht/html4.4ht
version 2016-03-31-11:13
)
(/usr/local/texlive/2016/texmf-dist/tex/generic/tex4ht/html4-math.4ht
version 2009-05-18-23:01
))
(/usr/local/texlive/2016/texmf-dist/tex/generic/tex4ht/pstricks.4ht
version 2009-05-21-09:32

(/usr/local/texlive/2016/texmf-dist/tex/generic/tex4ht/html4.4ht
version 2016-03-31-11:13
)
(/usr/local/texlive/2016/texmf-dist/tex/generic/tex4ht/html4-math.4ht
version 2009-05-18-23:01
))
(/usr/local/texlive/2016/texmf-dist/tex/generic/tex4ht/xcolor.4ht
version 2009-05-21-09:32

(/usr/local/texlive/2016/texmf-dist/tex/generic/tex4ht/color.4ht
version 2009-05-21-09:32
)
(/usr/local/texlive/2016/texmf-dist/tex/generic/tex4ht/html4.4ht
version 2016-03-31-11:13
)
(/usr/local/texlive/2016/texmf-dist/tex/generic/tex4ht/html4-math.4ht
version 2009-05-18-23:01
))
(/usr/local/texlive/2016/texmf-dist/tex/generic/tex4ht/boxedminipage.4ht
version 2009-05-21-09:32

(/usr/local/texlive/2016/texmf-dist/tex/generic/tex4ht/html4.4ht
version 2016-03-31-11:13
)
(/usr/local/texlive/2016/texmf-dist/tex/generic/tex4ht/html4-math.4ht
version 2009-05-18-23:01
))
(/usr/local/texlive/2016/texmf-dist/tex/generic/tex4ht/epsfig.4ht
version 2009-05-21-09:32

(/usr/local/texlive/2016/texmf-dist/tex/generic/tex4ht/html4.4ht
version 2016-03-31-11:13
)
(/usr/local/texlive/2016/texmf-dist/tex/generic/tex4ht/html4-math.4ht
version 2009-05-18-23:01
))
(/usr/local/texlive/2016/texmf-dist/tex/generic/tex4ht/graphicx.4ht
version 2015-08-05-15:37

(/usr/local/texlive/2016/texmf-dist/tex/generic/tex4ht/html4.4ht
version 2016-03-31-11:13
)
(/usr/local/texlive/2016/texmf-dist/tex/generic/tex4ht/html4-math.4ht
version 2009-05-18-23:01
))
(/usr/local/texlive/2016/texmf-dist/tex/generic/tex4ht/graphics.4ht
version 2009-05-21-09:32

(/usr/local/texlive/2016/texmf-dist/tex/generic/tex4ht/html4.4ht
version 2016-03-31-11:13
--------------------------------------
--- Note --- if included graphics are of degraded quality, try the command line
 options `graphics-num' or `graphics-'. The `num' should provide the density of
 pixels in the bitmaps (e.g., 110). 
--------------------------------------
--------------------------------------
--- Note --- for key dimensions try the option `Gin-dim'; for key dimensions wh
en bounding box is unavailable try `Gin-dim+'; neither is recommended
--------------------------------------
)
(/usr/local/texlive/2016/texmf-dist/tex/generic/tex4ht/html4-math.4ht
version 2009-05-18-23:01
))
(/usr/local/texlive/2016/texmf-dist/tex/generic/tex4ht/harvard.4ht
version 2009-05-21-09:32

(/usr/local/texlive/2016/texmf-dist/tex/generic/tex4ht/html4.4ht
version 2016-03-31-11:13
)
(/usr/local/texlive/2016/texmf-dist/tex/generic/tex4ht/html4-math.4ht
version 2009-05-18-23:01
))
(/usr/local/texlive/2016/texmf-dist/tex/generic/tex4ht/ifthen.4ht
version 2009-05-21-09:32

(/usr/local/texlive/2016/texmf-dist/tex/generic/tex4ht/html4.4ht
version 2016-03-31-11:13
)
(/usr/local/texlive/2016/texmf-dist/tex/generic/tex4ht/html4-math.4ht
version 2009-05-18-23:01
))
(/usr/local/texlive/2016/texmf-dist/tex/generic/tex4ht/amsmath.4ht
version 2009-05-21-09:32
\tmp:muskip=\muskip11

(/usr/local/texlive/2016/texmf-dist/tex/generic/tex4ht/html4.4ht
version 2016-03-31-11:13
)
(/usr/local/texlive/2016/texmf-dist/tex/generic/tex4ht/html4-math.4ht
version 2009-05-18-23:01
))
(/usr/local/texlive/2016/texmf-dist/tex/generic/tex4ht/amstext.4ht
version 2009-05-21-09:32

(/usr/local/texlive/2016/texmf-dist/tex/generic/tex4ht/html4.4ht
version 2016-03-31-11:13
)
(/usr/local/texlive/2016/texmf-dist/tex/generic/tex4ht/html4-math.4ht
version 2009-05-18-23:01
))
(/usr/local/texlive/2016/texmf-dist/tex/generic/tex4ht/amsbsy.4ht
version 2009-05-21-09:32

(/usr/local/texlive/2016/texmf-dist/tex/generic/tex4ht/html4.4ht
version 2016-03-31-11:13
)
(/usr/local/texlive/2016/texmf-dist/tex/generic/tex4ht/html4-math.4ht
version 2009-05-18-23:01
))
(/usr/local/texlive/2016/texmf-dist/tex/generic/tex4ht/amsopn.4ht
version 2009-05-21-09:32

(/usr/local/texlive/2016/texmf-dist/tex/generic/tex4ht/html4.4ht
version 2016-03-31-11:13
)
(/usr/local/texlive/2016/texmf-dist/tex/generic/tex4ht/html4-math.4ht
version 2009-05-18-23:01
))
(/usr/local/texlive/2016/texmf-dist/tex/generic/tex4ht/amsfonts.4ht
version 2009-05-21-09:32

(/usr/local/texlive/2016/texmf-dist/tex/generic/tex4ht/html4.4ht
version 2016-03-31-11:13
)
(/usr/local/texlive/2016/texmf-dist/tex/generic/tex4ht/html4-math.4ht
version 2009-05-18-23:01
))
(/usr/local/texlive/2016/texmf-dist/tex/generic/tex4ht/amssymb.4ht
version 2009-05-21-09:32

(/usr/local/texlive/2016/texmf-dist/tex/generic/tex4ht/html4.4ht
version 2016-03-31-11:13
)
(/usr/local/texlive/2016/texmf-dist/tex/generic/tex4ht/html4-math.4ht
version 2009-05-18-23:01
))
(/usr/local/texlive/2016/texmf-dist/tex/generic/tex4ht/eurosym.4ht
version 2009-05-21-09:32

(/usr/local/texlive/2016/texmf-dist/tex/generic/tex4ht/html4.4ht
version 2016-03-31-11:13
)
(/usr/local/texlive/2016/texmf-dist/tex/generic/tex4ht/html4-math.4ht
version 2009-05-18-23:01
))
(/usr/local/texlive/2016/texmf-dist/tex/generic/tex4ht/rotating.4ht
version 2009-05-21-09:32

(/usr/local/texlive/2016/texmf-dist/tex/generic/tex4ht/html4.4ht
version 2016-03-31-11:13
)
(/usr/local/texlive/2016/texmf-dist/tex/generic/tex4ht/html4-math.4ht
version 2009-05-18-23:01
))
(/usr/local/texlive/2016/texmf-dist/tex/generic/tex4ht/subfigure.4ht
version 2009-05-21-09:32

(/usr/local/texlive/2016/texmf-dist/tex/generic/tex4ht/html4.4ht
version 2016-03-31-11:13
)
(/usr/local/texlive/2016/texmf-dist/tex/generic/tex4ht/html4-math.4ht
version 2009-05-18-23:01
))
(/usr/local/texlive/2016/texmf-dist/tex/generic/tex4ht/caption.4ht
version 2013-03-03-19:41

(/usr/local/texlive/2016/texmf-dist/tex/generic/tex4ht/html4.4ht
version 2016-03-31-11:13
)
(/usr/local/texlive/2016/texmf-dist/tex/generic/tex4ht/html4-math.4ht
version 2009-05-18-23:01
))
(/usr/local/texlive/2016/texmf-dist/tex/generic/tex4ht/dcolumn.4ht
version 2009-05-21-09:32

(/usr/local/texlive/2016/texmf-dist/tex/generic/tex4ht/html4.4ht
version 2016-03-31-11:13
)
(/usr/local/texlive/2016/texmf-dist/tex/generic/tex4ht/html4-math.4ht
version 2009-05-18-23:01
))
(/usr/local/texlive/2016/texmf-dist/tex/generic/tex4ht/array.4ht
version 2009-05-21-09:32

(/usr/local/texlive/2016/texmf-dist/tex/generic/tex4ht/html4.4ht
version 2016-03-31-11:13
)
(/usr/local/texlive/2016/texmf-dist/tex/generic/tex4ht/html4-math.4ht
version 2009-05-18-23:01
--------------------------------------
--- Note --- for pictorial array, use the command line option `pic-array'
--------------------------------------
))
(/usr/local/texlive/2016/texmf-dist/tex/generic/tex4ht/multirow.4ht
version 2009-05-21-09:32

(/usr/local/texlive/2016/texmf-dist/tex/generic/tex4ht/html4.4ht
version 2016-03-31-11:13
)
(/usr/local/texlive/2016/texmf-dist/tex/generic/tex4ht/html4-math.4ht
version 2009-05-18-23:01
))
(/usr/local/texlive/2016/texmf-dist/tex/generic/tex4ht/longtable.4ht
version 2009-05-21-09:32
\LT:box=\box42
\LT:ebox=\box43
\tmp:bx=\box44

(/usr/local/texlive/2016/texmf-dist/tex/generic/tex4ht/html4.4ht
version 2016-03-31-11:13
--------------------------------------
--- Note --- for pictorial longtable, use the command line option `pic-longtabl
e'
--------------------------------------
)
(/usr/local/texlive/2016/texmf-dist/tex/generic/tex4ht/html4-math.4ht
version 2009-05-18-23:01
))
(/usr/local/texlive/2016/texmf-dist/tex/generic/tex4ht/html4.4ht
version 2016-03-31-11:13
)
(/usr/local/texlive/2016/texmf-dist/tex/generic/tex4ht/html4-math.4ht
version 2009-05-18-23:01
))
(./bisonsyntax.aux)
\openout1 = `bisonsyntax.aux'.

LaTeX Font Info:    Checking defaults for OML/cmm/m/it on input line 346.
LaTeX Font Info:    ... okay on input line 346.
LaTeX Font Info:    Checking defaults for T1/cmr/m/n on input line 346.
LaTeX Font Info:    ... okay on input line 346.
LaTeX Font Info:    Checking defaults for OT1/cmr/m/n on input line 346.
LaTeX Font Info:    ... okay on input line 346.
LaTeX Font Info:    Checking defaults for OMS/cmsy/m/n on input line 346.
LaTeX Font Info:    ... okay on input line 346.
LaTeX Font Info:    Checking defaults for OMX/cmex/m/n on input line 346.
LaTeX Font Info:    ... okay on input line 346.
LaTeX Font Info:    Checking defaults for U/cmr/m/n on input line 346.
LaTeX Font Info:    ... okay on input line 346.
\c@lstlisting=\count173
LaTeX Font Info:    Redeclaring symbol font `operators' on input line 346.
LaTeX Font Info:    Overwriting symbol font `operators' in version `normal'
(Font)                  OT1/cmr/m/n --> OT1/cmr/m/n on input line 346.
LaTeX Font Info:    Overwriting symbol font `operators' in version `bold'
(Font)                  OT1/cmr/bx/n --> OT1/cmr/m/n on input line 346.
LaTeX Font Info:    Overwriting symbol font `operators' in version `bold'
(Font)                  OT1/cmr/m/n --> OT1/cmr/bx/n on input line 346.
LaTeX Font Info:    Overwriting math alphabet `\mathsf' in version `bold'
(Font)                  OT1/cmss/bx/n --> OT1/cmss/bx/n on input line 346.
LaTeX Font Info:    Overwriting math alphabet `\mathsf' in version `bold'
(Font)                  OT1/cmss/m/n --> OT1/cmss/bx/n on input line 346.
LaTeX Font Info:    Overwriting math alphabet `\mathit' in version `bold'
(Font)                  OT1/cmr/bx/it --> OT1/cmr/bx/it on input line 346.
LaTeX Font Info:    Overwriting math alphabet `\mathit' in version `bold'
(Font)                  OT1/cmr/m/it --> OT1/cmr/bx/it on input line 346.
Package caption Info: Begin \AtBeginDocument code.
Package caption Info: Incompatible package detected (regarding \caption).
(caption)             \caption = macro:->\SkipRefstepAnchor \ifx \@captype \@un
defined \@latex@error {\noexpand \caption outside float}\@ehd \expandafter \@go
bble \else \refstepcounter \@captype \expandafter \@firstofone \fi {\@dblarg {\
@caption \@captype }}.
Package caption Info: Incompatible package detected (regarding \@caption).
(caption)             \@caption = macro:->\ifx \EndPicture \:UnDef \expandafter
 \n:@caption: \else \expandafter \o:@caption: \fi .


Package caption Warning: \caption will not be redefined since it's already
(caption)                redefined by a document class or package which is
(caption)                unknown to the caption package.
See the caption package documentation for explanation.

Package caption Info: longtable package is loaded.
(/usr/local/texlive/2016/texmf-dist/tex/latex/caption/ltcaption.sty
Package: ltcaption 2013/06/09 v1.4-94 longtable captions (AR)
)
Package caption Info: End \AtBeginDocument code.
--- file bisonsyntax.css ---
 [1

]
[1] [2]
LaTeX Font Info:    Try loading font information for U+eur on input line 352.
 (/usr/local/texlive/2016/texmf-dist/tex/latex/amsfonts/ueur.fd
File: ueur.fd 2013/01/14 v3.01 Euler Roman
)
LaTeX Font Info:    Try loading font information for U+euf on input line 352.

(/usr/local/texlive/2016/texmf-dist/tex/latex/amsfonts/ueuf.fd
File: ueuf.fd 2013/01/14 v3.01 Euler Fraktur
)
LaTeX Font Info:    Try loading font information for U+eus on input line 352.

(/usr/local/texlive/2016/texmf-dist/tex/latex/amsfonts/ueus.fd
File: ueus.fd 2013/01/14 v3.01 Euler Script
)
LaTeX Font Info:    Try loading font information for U+euex on input line 352.

(/usr/local/texlive/2016/texmf-dist/tex/latex/amsfonts/ueuex.fd
File: ueuex.fd 2013/01/14 v3.01 Euler extra symbols
)
LaTeX Font Info:    Try loading font information for U+msa on input line 352.

(/usr/local/texlive/2016/texmf-dist/tex/latex/amsfonts/umsa.fd
File: umsa.fd 2013/01/14 v3.01 AMS symbols A
)
LaTeX Font Info:    Try loading font information for U+msb on input line 352.

(/usr/local/texlive/2016/texmf-dist/tex/latex/amsfonts/umsb.fd
File: umsb.fd 2013/01/14 v3.01 AMS symbols B
) [3] [4

]
LaTeX Font Info:    Font shape `OT1/cmtt/bx/n' in size <12> not available
(Font)              Font shape `OT1/cmtt/m/n' tried instead on input line 394.

[1] [2]
--- file bisonsyntax2.html ---
 [3] [4] [5] [6] [7] [8] [9] [10]
l. 539 Writing bisonsyntax.idv[1] (bisonsyntax0x.png)
 [11] [12] [13] [14] [15] [16] [17]
[18] [19] [20] [21] [22] [23] [24] [25] [26]
l. 871 Writing bisonsyntax.idv[2] (bisonsyntax1x.png)
 [27]
l. 879 Writing bisonsyntax.idv[3] (bisonsyntax2x.png)
 [28] [29]
l. 893 Writing bisonsyntax.idv[4] (bisonsyntax3x.png)
l. 897 Writing bisonsyntax.idv[5] (bisonsyntax4x.png)
 [30]
l. 909 Writing bisonsyntax.idv[6] (bisonsyntax5x.png)
l. 913 Writing bisonsyntax.idv[7] (bisonsyntax6x.png)
 [31] [32]
[33] [34]
l. 959 Writing bisonsyntax.idv[8] (bisonsyntax7x.png)
 [35] [36] [37]
LaTeX Font Info:    Try loading font information for OMS+cmr on input line 1031
.

(/usr/local/texlive/2016/texmf-dist/tex/latex/base/omscmr.fd
File: omscmr.fd 2014/09/29 v2.5h Standard LaTeX font definitions
)
LaTeX Font Info:    Font shape `OMS/cmr/m/n' in size <12> not available
(Font)              Font shape `OMS/cmsy/m/n' tried instead on input line 1031.

l. 1037 Writing bisonsyntax.idv[9] (bisonsyntax8x.png)
l. 1041 Writing bisonsyntax.idv[10] (bisonsyntax9x.png)
 [38] [39]
[40] [41] [42]
l. 1125 Writing bisonsyntax.idv[11] (bisonsyntax10x.png)
 [43] [44] [45] [46] [47] [48]
l. 1224 Writing bisonsyntax.idv[12] (bisonsyntax11x.png)
 [49]
l. 1242 Writing bisonsyntax.idv[13] (bisonsyntax12x.png)
 [50] (./bisonsyntax.bbl
[51]) [52] (./bisonsyntax.aux)

LaTeX Warning: Label(s) may have changed. Rerun to get cross-references right.

 ) 
Here is how much of TeX's memory you used:
 18747 strings out of 493015
 299364 string characters out of 6133378
 547386 words of memory out of 5000000
 21815 multiletter control sequences out of 15000+600000
 22450 words of font info for 92 fonts, out of 8000000 for 9000
 1141 hyphenation exceptions out of 8191
 55i,13n,98p,1023b,592s stack positions out of 5000i,500n,10000p,200000b,80000s

Output written on bisonsyntax.dvi (57 pages, 177224 bytes).
