This file contains any messages produced by compilers while
running configure, to aid debugging if configure makes a mistake.

It was created by biogeme configure 2.7b, which was
generated by GNU Autoconf 2.69.  Invocation command line was

  $ ./configure 

## --------- ##
## Platform. ##
## --------- ##

hostname = tsf-428-wpa-3-001.epfl.ch
uname -m = x86_64
uname -r = 17.4.0
uname -s = Darwin
uname -v = Darwin Kernel Version 17.4.0: Sun Dec 17 09:19:54 PST 2017; root:xnu-4570.41.2~1/RELEASE_X86_64

/usr/bin/uname -p = i386
/bin/uname -X     = unknown

/bin/arch              = unknown
/usr/bin/arch -k       = unknown
/usr/convex/getsysinfo = unknown
/usr/bin/hostinfo      = Mach kernel version:
	 Darwin Kernel Version 17.4.0: Sun Dec 17 09:19:54 PST 2017; root:xnu-4570.41.2~1/RELEASE_X86_64
Kernel configured for up to 8 processors.
4 processors are physically available.
8 processors are logically available.
Processor type: x86_64h (Intel x86-64h Haswell)
Processors active: 0 1 2 3 4 5 6 7
Primary memory available: 16.00 gigabytes
Default processor set: 407 tasks, 1922 threads, 8 processors
Load average: 2.37, Mach factor: 5.61
/bin/machine           = unknown
/usr/bin/oslevel       = unknown
/bin/universe          = unknown

PATH: /Library/Frameworks/Python.framework/Versions/Current/bin
PATH: .
PATH: /Users/michelbierlaire/depot_tools/depot_tools
PATH: /usr/local/sbin
PATH: /Library/TeX/texbin
PATH: /usr/local/bin
PATH: /Users/michelbierlaire/bin
PATH: /Applications/Octave.app/Contents/Resources/bin
PATH: .
PATH: /Users/michelbierlaire/depot_tools/depot_tools
PATH: /usr/local/sbin
PATH: /Library/TeX/texbin
PATH: /usr/local/bin
PATH: /Users/michelbierlaire/bin
PATH: /Applications/Octave.app/Contents/Resources/bin
PATH: /Library/Frameworks/Python.framework/Versions/Current/bin
PATH: .
PATH: /Users/michelbierlaire/depot_tools/depot_tools
PATH: /usr/local/sbin
PATH: /Library/TeX/texbin
PATH: /usr/local/bin
PATH: /Users/michelbierlaire/bin
PATH: /Applications/Octave.app/Contents/Resources/bin
PATH: /usr/local/bin
PATH: /usr/bin
PATH: /bin
PATH: /usr/sbin
PATH: /sbin
PATH: /Library/TeX/texbin


## ----------- ##
## Core tests. ##
## ----------- ##

configure:2739: checking build system type
configure:2753: result: x86_64-apple-darwin17.4.0
configure:2773: checking host system type
configure:2786: result: x86_64-apple-darwin17.4.0
configure:2827: checking how to print strings
configure:2854: result: printf
configure:2926: checking for gcc
configure:2942: found /usr/bin/gcc
configure:2953: result: gcc
configure:3182: checking for C compiler version
configure:3191: gcc --version >&5
Apple LLVM version 9.0.0 (clang-900.0.39.2)
Target: x86_64-apple-darwin17.4.0
Thread model: posix
InstalledDir: /Library/Developer/CommandLineTools/usr/bin
Configured with: --prefix=/Library/Developer/CommandLineTools/usr --with-gxx-include-dir=/usr/include/c++/4.2.1
configure:3202: $? = 0
configure:3191: gcc -v >&5
Configured with: --prefix=/Library/Developer/CommandLineTools/usr --with-gxx-include-dir=/usr/include/c++/4.2.1
Apple LLVM version 9.0.0 (clang-900.0.39.2)
Target: x86_64-apple-darwin17.4.0
Thread model: posix
InstalledDir: /Library/Developer/CommandLineTools/usr/bin
configure:3202: $? = 0
configure:3191: gcc -V >&5
clang: error: argument to '-V' is missing (expected 1 value)
clang: error: no input files
configure:3202: $? = 1
configure:3191: gcc -qversion >&5
clang: error: unknown argument: '-qversion'
clang: error: no input files
configure:3202: $? = 1
configure:3222: checking whether the C compiler works
configure:3244: gcc    conftest.c  >&5
configure:3248: $? = 0
configure:3296: result: yes
configure:3299: checking for C compiler default output file name
configure:3301: result: a.out
configure:3307: checking for suffix of executables
configure:3314: gcc -o conftest    conftest.c  >&5
configure:3318: $? = 0
configure:3340: result: 
configure:3362: checking whether we are cross compiling
configure:3370: gcc -o conftest    conftest.c  >&5
configure:3374: $? = 0
configure:3381: ./conftest
configure:3385: $? = 0
configure:3400: result: no
configure:3405: checking for suffix of object files
configure:3427: gcc -c   conftest.c >&5
configure:3431: $? = 0
configure:3452: result: o
configure:3456: checking whether we are using the GNU C compiler
configure:3475: gcc -c   conftest.c >&5
configure:3475: $? = 0
configure:3484: result: yes
configure:3493: checking whether gcc accepts -g
configure:3513: gcc -c -g  conftest.c >&5
configure:3513: $? = 0
configure:3554: result: yes
configure:3571: checking for gcc option to accept ISO C89
configure:3634: gcc  -c -g -O2  conftest.c >&5
configure:3634: $? = 0
configure:3647: result: none needed
configure:3672: checking whether gcc understands -c and -o together
configure:3694: gcc -c conftest.c -o conftest2.o
configure:3697: $? = 0
configure:3694: gcc -c conftest.c -o conftest2.o
configure:3697: $? = 0
configure:3709: result: yes
configure:3726: checking for a sed that does not truncate output
configure:3790: result: /usr/bin/sed
configure:3808: checking for grep that handles long lines and -e
configure:3866: result: /usr/bin/grep
configure:3871: checking for egrep
configure:3933: result: /usr/bin/grep -E
configure:3938: checking for fgrep
configure:4000: result: /usr/bin/grep -F
configure:4035: checking for ld used by gcc
configure:4102: result: /Library/Developer/CommandLineTools/usr/bin/ld
configure:4109: checking if the linker (/Library/Developer/CommandLineTools/usr/bin/ld) is GNU ld
configure:4124: result: no
configure:4136: checking for BSD- or MS-compatible name lister (nm)
configure:4190: result: /usr/bin/nm -B
configure:4320: checking the name lister (/usr/bin/nm -B) interface
configure:4327:  -c   conftest.cpp >&5
./configure: line 4328: -c: command not found
configure:4330: /usr/bin/nm -B "conftest.o"
/Library/Developer/CommandLineTools/usr/bin/nm: conftest.o: No such file or directory.
configure:4333: output
configure:4340: result: BSD nm
configure:4343: checking whether ln -s works
configure:4347: result: yes
configure:4355: checking the maximum length of command line arguments
configure:4486: result: 196608
configure:4534: checking how to convert x86_64-apple-darwin17.4.0 file names to x86_64-apple-darwin17.4.0 format
configure:4574: result: func_convert_file_noop
configure:4581: checking how to convert x86_64-apple-darwin17.4.0 file names to toolchain format
configure:4601: result: func_convert_file_noop
configure:4608: checking for /Library/Developer/CommandLineTools/usr/bin/ld option to reload object files
configure:4615: result: -r
configure:4689: checking for objdump
configure:4705: found /usr/bin/objdump
configure:4716: result: objdump
configure:4748: checking how to recognize dependent libraries
configure:4948: result: pass_all
configure:5033: checking for dlltool
configure:5063: result: no
configure:5093: checking how to associate runtime and link libraries
configure:5120: result: printf %s\n
configure:5189: checking for g++
configure:5205: found /usr/bin/g++
configure:5216: result: g++
configure:5243: checking for C++ compiler version
configure:5252: g++ --version >&5
Apple LLVM version 9.0.0 (clang-900.0.39.2)
Target: x86_64-apple-darwin17.4.0
Thread model: posix
InstalledDir: /Library/Developer/CommandLineTools/usr/bin
Configured with: --prefix=/Library/Developer/CommandLineTools/usr --with-gxx-include-dir=/usr/include/c++/4.2.1
configure:5263: $? = 0
configure:5252: g++ -v >&5
Configured with: --prefix=/Library/Developer/CommandLineTools/usr --with-gxx-include-dir=/usr/include/c++/4.2.1
Apple LLVM version 9.0.0 (clang-900.0.39.2)
Target: x86_64-apple-darwin17.4.0
Thread model: posix
InstalledDir: /Library/Developer/CommandLineTools/usr/bin
configure:5263: $? = 0
configure:5252: g++ -V >&5
clang: error: argument to '-V' is missing (expected 1 value)
clang: error: no input files
configure:5263: $? = 1
configure:5252: g++ -qversion >&5
clang: error: unknown argument: '-qversion'
clang: error: no input files
configure:5263: $? = 1
configure:5267: checking whether we are using the GNU C++ compiler
configure:5286: g++ -c   conftest.cpp >&5
configure:5286: $? = 0
configure:5295: result: yes
configure:5304: checking whether g++ accepts -g
configure:5324: g++ -c -g  conftest.cpp >&5
configure:5324: $? = 0
configure:5365: result: yes
configure:5438: checking for ar
configure:5454: found /usr/bin/ar
configure:5465: result: ar
configure:5502: checking for archiver @FILE support
configure:5519: g++ -c -g -O2  conftest.cpp >&5
configure:5519: $? = 0
configure:5522: ar cru libconftest.a @conftest.lst >&5
ar: @conftest.lst: No such file or directory
configure:5525: $? = 1
configure:5545: result: no
configure:5603: checking for strip
configure:5619: found /usr/bin/strip
configure:5630: result: strip
configure:5702: checking for ranlib
configure:5718: found /usr/bin/ranlib
configure:5729: result: ranlib
configure:5806: checking for gawk
configure:5836: result: no
configure:5806: checking for mawk
configure:5836: result: no
configure:5806: checking for nawk
configure:5836: result: no
configure:5806: checking for awk
configure:5822: found /usr/bin/awk
configure:5833: result: awk
configure:5873: checking command to parse /usr/bin/nm -B output from gcc object
configure:6026: g++ -c -g -O2  conftest.cpp >&5
configure:6029: $? = 0
configure:6033: /usr/bin/nm -B conftest.o \| sed -n -e 's/^.*[ ]\([BCDEGRST][BCDEGRST]*\)[ ][ ]*\([_A-Za-z][_A-Za-z0-9]*\)$/\1 \2 \2/p' | sed '/ __gnu_lto/d' \> conftest.nm
configure:6036: $? = 0
cannot find nm_test_var in conftest.nm
configure:6026: g++ -c -g -O2  conftest.cpp >&5
configure:6029: $? = 0
configure:6033: /usr/bin/nm -B conftest.o \| sed -n -e 's/^.*[ ]\([BCDEGRST][BCDEGRST]*\)[ ][ ]*_\([_A-Za-z][_A-Za-z0-9]*\)$/\1 _\2 \2/p' | sed '/ __gnu_lto/d' \> conftest.nm
configure:6036: $? = 0
configure:6102: g++ -o conftest -g -O2   conftest.cpp conftstm.o >&5
configure:6105: $? = 0
configure:6143: result: ok
configure:6190: checking for sysroot
configure:6220: result: no
configure:6227: checking for a working dd
configure:6265: result: /bin/dd
configure:6269: checking how to truncate binary pipes
configure:6284: result: /bin/dd bs=4096 count=1
configure:6614: checking for mt
configure:6644: result: no
configure:6664: checking if : is a manifest tool
configure:6670: : '-?'
configure:6678: result: no
configure:6734: checking for dsymutil
configure:6750: found /usr/bin/dsymutil
configure:6761: result: dsymutil
configure:6826: checking for nmedit
configure:6842: found /usr/bin/nmedit
configure:6853: result: nmedit
configure:6918: checking for lipo
configure:6934: found /usr/bin/lipo
configure:6945: result: lipo
configure:7010: checking for otool
configure:7026: found /usr/bin/otool
configure:7037: result: otool
configure:7102: checking for otool64
configure:7132: result: no
configure:7177: checking for -single_module linker flag
gcc -g -O2  -o libconftest.dylib -dynamiclib -Wl,-single_module conftest.c
configure:7210: result: yes
configure:7213: checking for -exported_symbols_list linker flag
configure:7233: g++ -o conftest -g -O2   -Wl,-exported_symbols_list,conftest.sym conftest.cpp  >&5
configure:7233: $? = 0
configure:7243: result: yes
configure:7246: checking for -force_load linker flag
gcc -g -O2 -c -o conftest.o conftest.c
ar cru libconftest.a conftest.o
ranlib libconftest.a
gcc -g -O2  -o conftest conftest.c -Wl,-force_load,./libconftest.a
configure:7278: result: yes
configure:7355: checking how to run the C preprocessor
configure:7386: gcc -E  conftest.c
configure:7386: $? = 0
configure:7400: gcc -E  conftest.c
conftest.c:9:10: fatal error: 'ac_nonexistent.h' file not found
#include <ac_nonexistent.h>
         ^~~~~~~~~~~~~~~~~~
1 error generated.
configure:7400: $? = 1
configure: failed program was:
| /* confdefs.h */
| #define PACKAGE_NAME "biogeme"
| #define PACKAGE_TARNAME "biogeme"
| #define PACKAGE_VERSION "2.7b"
| #define PACKAGE_STRING "biogeme 2.7b"
| #define PACKAGE_BUGREPORT "https://groups.google.com/d/forum/biogeme"
| #define PACKAGE_URL "http://biogeme.epfl.ch"
| /* end confdefs.h.  */
| #include <ac_nonexistent.h>
configure:7425: result: gcc -E
configure:7445: gcc -E  conftest.c
configure:7445: $? = 0
configure:7459: gcc -E  conftest.c
conftest.c:9:10: fatal error: 'ac_nonexistent.h' file not found
#include <ac_nonexistent.h>
         ^~~~~~~~~~~~~~~~~~
1 error generated.
configure:7459: $? = 1
configure: failed program was:
| /* confdefs.h */
| #define PACKAGE_NAME "biogeme"
| #define PACKAGE_TARNAME "biogeme"
| #define PACKAGE_VERSION "2.7b"
| #define PACKAGE_STRING "biogeme 2.7b"
| #define PACKAGE_BUGREPORT "https://groups.google.com/d/forum/biogeme"
| #define PACKAGE_URL "http://biogeme.epfl.ch"
| /* end confdefs.h.  */
| #include <ac_nonexistent.h>
configure:7488: checking for ANSI C header files
configure:7508: gcc -c -g -O2  conftest.c >&5
configure:7508: $? = 0
configure:7581: gcc -o conftest -g -O2   conftest.c  >&5
configure:7581: $? = 0
configure:7581: ./conftest
configure:7581: $? = 0
configure:7592: result: yes
configure:7605: checking for sys/types.h
configure:7605: gcc -c -g -O2  conftest.c >&5
configure:7605: $? = 0
configure:7605: result: yes
configure:7605: checking for sys/stat.h
configure:7605: gcc -c -g -O2  conftest.c >&5
configure:7605: $? = 0
configure:7605: result: yes
configure:7605: checking for stdlib.h
configure:7605: gcc -c -g -O2  conftest.c >&5
configure:7605: $? = 0
configure:7605: result: yes
configure:7605: checking for string.h
configure:7605: gcc -c -g -O2  conftest.c >&5
configure:7605: $? = 0
configure:7605: result: yes
configure:7605: checking for memory.h
configure:7605: gcc -c -g -O2  conftest.c >&5
configure:7605: $? = 0
configure:7605: result: yes
configure:7605: checking for strings.h
configure:7605: gcc -c -g -O2  conftest.c >&5
configure:7605: $? = 0
configure:7605: result: yes
configure:7605: checking for inttypes.h
configure:7605: gcc -c -g -O2  conftest.c >&5
configure:7605: $? = 0
configure:7605: result: yes
configure:7605: checking for stdint.h
configure:7605: gcc -c -g -O2  conftest.c >&5
configure:7605: $? = 0
configure:7605: result: yes
configure:7605: checking for unistd.h
configure:7605: gcc -c -g -O2  conftest.c >&5
configure:7605: $? = 0
configure:7605: result: yes
configure:7619: checking for dlfcn.h
configure:7619: gcc -c -g -O2  conftest.c >&5
configure:7619: $? = 0
configure:7619: result: yes
configure:7884: checking for objdir
configure:7899: result: .libs
configure:8163: checking if gcc supports -fno-rtti -fno-exceptions
configure:8181: gcc -c -g -O2  -fno-rtti -fno-exceptions conftest.c >&5
configure:8185: $? = 0
configure:8198: result: yes
configure:8556: checking for gcc option to produce PIC
configure:8563: result: -fno-common -DPIC
configure:8571: checking if gcc PIC flag -fno-common -DPIC works
configure:8589: gcc -c -g -O2  -fno-common -DPIC -DPIC conftest.c >&5
configure:8593: $? = 0
configure:8606: result: yes
configure:8635: checking if gcc static flag -static works
configure:8663: result: no
configure:8678: checking if gcc supports -c -o file.o
configure:8699: gcc -c -g -O2  -o out/conftest2.o conftest.c >&5
configure:8703: $? = 0
configure:8725: result: yes
configure:8733: checking if gcc supports -c -o file.o
configure:8780: result: yes
configure:8813: checking whether the gcc linker (/Library/Developer/CommandLineTools/usr/bin/ld) supports shared libraries
configure:10072: result: yes
configure:10312: checking dynamic linker characteristics
configure:11130: result: darwin17.4.0 dyld
configure:11252: checking how to hardcode library paths into programs
configure:11277: result: immediate
configure:11825: checking whether stripping libraries is possible
configure:11839: result: yes
configure:11865: checking if libtool supports shared libraries
configure:11867: result: yes
configure:11870: checking whether to build shared libraries
configure:11895: result: yes
configure:11898: checking whether to build static libraries
configure:11902: result: no
configure:11925: checking how to run the C++ preprocessor
configure:11952: g++ -E  conftest.cpp
configure:11952: $? = 0
configure:11966: g++ -E  conftest.cpp
conftest.cpp:21:10: fatal error: 'ac_nonexistent.h' file not found
#include <ac_nonexistent.h>
         ^~~~~~~~~~~~~~~~~~
1 error generated.
configure:11966: $? = 1
configure: failed program was:
| /* confdefs.h */
| #define PACKAGE_NAME "biogeme"
| #define PACKAGE_TARNAME "biogeme"
| #define PACKAGE_VERSION "2.7b"
| #define PACKAGE_STRING "biogeme 2.7b"
| #define PACKAGE_BUGREPORT "https://groups.google.com/d/forum/biogeme"
| #define PACKAGE_URL "http://biogeme.epfl.ch"
| #define STDC_HEADERS 1
| #define HAVE_SYS_TYPES_H 1
| #define HAVE_SYS_STAT_H 1
| #define HAVE_STDLIB_H 1
| #define HAVE_STRING_H 1
| #define HAVE_MEMORY_H 1
| #define HAVE_STRINGS_H 1
| #define HAVE_INTTYPES_H 1
| #define HAVE_STDINT_H 1
| #define HAVE_UNISTD_H 1
| #define HAVE_DLFCN_H 1
| #define LT_OBJDIR ".libs/"
| /* end confdefs.h.  */
| #include <ac_nonexistent.h>
configure:11991: result: g++ -E
configure:12011: g++ -E  conftest.cpp
configure:12011: $? = 0
configure:12025: g++ -E  conftest.cpp
conftest.cpp:21:10: fatal error: 'ac_nonexistent.h' file not found
#include <ac_nonexistent.h>
         ^~~~~~~~~~~~~~~~~~
1 error generated.
configure:12025: $? = 1
configure: failed program was:
| /* confdefs.h */
| #define PACKAGE_NAME "biogeme"
| #define PACKAGE_TARNAME "biogeme"
| #define PACKAGE_VERSION "2.7b"
| #define PACKAGE_STRING "biogeme 2.7b"
| #define PACKAGE_BUGREPORT "https://groups.google.com/d/forum/biogeme"
| #define PACKAGE_URL "http://biogeme.epfl.ch"
| #define STDC_HEADERS 1
| #define HAVE_SYS_TYPES_H 1
| #define HAVE_SYS_STAT_H 1
| #define HAVE_STDLIB_H 1
| #define HAVE_STRING_H 1
| #define HAVE_MEMORY_H 1
| #define HAVE_STRINGS_H 1
| #define HAVE_INTTYPES_H 1
| #define HAVE_STDINT_H 1
| #define HAVE_UNISTD_H 1
| #define HAVE_DLFCN_H 1
| #define LT_OBJDIR ".libs/"
| /* end confdefs.h.  */
| #include <ac_nonexistent.h>
configure:12187: checking for ld used by g++
configure:12254: result: /Library/Developer/CommandLineTools/usr/bin/ld
configure:12261: checking if the linker (/Library/Developer/CommandLineTools/usr/bin/ld) is GNU ld
configure:12276: result: no
configure:12331: checking whether the g++ linker (/Library/Developer/CommandLineTools/usr/bin/ld) supports shared libraries
configure:13404: result: yes
configure:13440: g++ -c -g -O2  conftest.cpp >&5
configure:13443: $? = 0
configure:13924: checking for g++ option to produce PIC
configure:13931: result: -fno-common -DPIC
configure:13939: checking if g++ PIC flag -fno-common -DPIC works
configure:13957: g++ -c -g -O2  -fno-common -DPIC -DPIC conftest.cpp >&5
configure:13961: $? = 0
configure:13974: result: yes
configure:13997: checking if g++ static flag -static works
configure:14025: result: no
configure:14037: checking if g++ supports -c -o file.o
configure:14058: g++ -c -g -O2  -o out/conftest2.o conftest.cpp >&5
configure:14062: $? = 0
configure:14084: result: yes
configure:14089: checking if g++ supports -c -o file.o
configure:14136: result: yes
configure:14166: checking whether the g++ linker (/Library/Developer/CommandLineTools/usr/bin/ld) supports shared libraries
configure:14206: result: yes
configure:14347: checking dynamic linker characteristics
configure:15092: result: darwin17.4.0 dyld
configure:15157: checking how to hardcode library paths into programs
configure:15182: result: immediate
configure:15264: checking for a BSD-compatible install
configure:15332: result: /usr/bin/install -c
configure:15343: checking whether build environment is sane
configure:15398: result: yes
configure:15546: checking for a thread-safe mkdir -p
configure:15585: result: ./install-sh -c -d
configure:15588: checking whether make sets $(MAKE)
configure:15610: result: yes
configure:15639: checking whether make supports nested variables
configure:15656: result: yes
configure:15897: checking for C++ compiler version
configure:15906: g++ --version >&5
Apple LLVM version 9.0.0 (clang-900.0.39.2)
Target: x86_64-apple-darwin17.4.0
Thread model: posix
InstalledDir: /Library/Developer/CommandLineTools/usr/bin
Configured with: --prefix=/Library/Developer/CommandLineTools/usr --with-gxx-include-dir=/usr/include/c++/4.2.1
configure:15917: $? = 0
configure:15906: g++ -v >&5
Configured with: --prefix=/Library/Developer/CommandLineTools/usr --with-gxx-include-dir=/usr/include/c++/4.2.1
Apple LLVM version 9.0.0 (clang-900.0.39.2)
Target: x86_64-apple-darwin17.4.0
Thread model: posix
InstalledDir: /Library/Developer/CommandLineTools/usr/bin
configure:15917: $? = 0
configure:15906: g++ -V >&5
clang: error: argument to '-V' is missing (expected 1 value)
clang: error: no input files
configure:15917: $? = 1
configure:15906: g++ -qversion >&5
clang: error: unknown argument: '-qversion'
clang: error: no input files
configure:15917: $? = 1
configure:15921: checking whether we are using the GNU C++ compiler
configure:15949: result: yes
configure:15958: checking whether g++ accepts -g
configure:16019: result: yes
configure:16154: checking for C compiler version
configure:16163: gcc --version >&5
Apple LLVM version 9.0.0 (clang-900.0.39.2)
Target: x86_64-apple-darwin17.4.0
Thread model: posix
InstalledDir: /Library/Developer/CommandLineTools/usr/bin
Configured with: --prefix=/Library/Developer/CommandLineTools/usr --with-gxx-include-dir=/usr/include/c++/4.2.1
configure:16174: $? = 0
configure:16163: gcc -v >&5
Configured with: --prefix=/Library/Developer/CommandLineTools/usr --with-gxx-include-dir=/usr/include/c++/4.2.1
Apple LLVM version 9.0.0 (clang-900.0.39.2)
Target: x86_64-apple-darwin17.4.0
Thread model: posix
InstalledDir: /Library/Developer/CommandLineTools/usr/bin
configure:16174: $? = 0
configure:16163: gcc -V >&5
clang: error: argument to '-V' is missing (expected 1 value)
clang: error: no input files
configure:16174: $? = 1
configure:16163: gcc -qversion >&5
clang: error: unknown argument: '-qversion'
clang: error: no input files
configure:16174: $? = 1
configure:16178: checking whether we are using the GNU C compiler
configure:16206: result: yes
configure:16215: checking whether gcc accepts -g
configure:16276: result: yes
configure:16293: checking for gcc option to accept ISO C89
configure:16369: result: none needed
configure:16394: checking whether gcc understands -c and -o together
configure:16431: result: yes
configure:16501: checking whether to build with debug information
configure:16510: result: no
configure:16697: checking for pkg-config
configure:16715: found /usr/local/bin/pkg-config
configure:16727: result: /usr/local/bin/pkg-config
configure:16752: checking pkg-config is at least version 0.9.0
configure:16755: result: yes
configure:16765: checking for gtkmm-3.0 >= 3.0
configure:16772: $PKG_CONFIG --exists --print-errors "gtkmm-3.0 >= 3.0"
configure:16775: $? = 0
configure:16789: $PKG_CONFIG --exists --print-errors "gtkmm-3.0 >= 3.0"
configure:16792: $? = 0
configure:16830: result: yes
configure:16837: checking whether to build with a GUI
configure:16839: result: yes
configure:16901: checking for ipopt
configure:16908: $PKG_CONFIG --exists --print-errors "ipopt"
configure:16911: $? = 0
configure:16925: $PKG_CONFIG --exists --print-errors "ipopt"
configure:16928: $? = 0
configure:16966: result: yes
configure:16973: checking whether to build with IPOPT
configure:16975: result: yes
configure:17029: checking for python3
configure:17047: found /usr/local/bin/python3
configure:17059: result: /usr/local/bin/python3
configure:17087: checking /usr/local/Cellar/python3/3.6.4_2/Frameworks/Python.framework/Versions/3.6/include/python3.6m/Python.h usability
configure:17087: g++ -c -g -O2  conftest.cpp >&5
configure:17087: $? = 0
configure:17087: result: yes
configure:17087: checking /usr/local/Cellar/python3/3.6.4_2/Frameworks/Python.framework/Versions/3.6/include/python3.6m/Python.h presence
configure:17087: g++ -E  conftest.cpp
configure:17087: $? = 0
configure:17087: result: yes
configure:17087: checking for /usr/local/Cellar/python3/3.6.4_2/Frameworks/Python.framework/Versions/3.6/include/python3.6m/Python.h
configure:17087: result: yes
configure:17138: checking for bison++
configure:17169: result: bison++
configure:17183: checking for lldb
configure:17201: found /usr/bin/lldb
configure:17214: result: /usr/bin/lldb
configure:17225: checking for flex++
configure:17243: found /usr/bin/flex++
configure:17256: result: /usr/bin/flex++
configure:17270: checking for latexmk
configure:17288: found /Library/TeX/texbin/latexmk
configure:17301: result: /Library/TeX/texbin/latexmk
configure:17312: checking whether _SC_NPROCESSORS_CONF is declared
configure:17312: g++ -c -g -O2  conftest.cpp >&5
configure:17312: $? = 0
configure:17312: result: yes
configure:17329: checking for qsub
configure:17360: result: no
configure:17383: checking float.h usability
configure:17383: g++ -c -g -O2  conftest.cpp >&5
configure:17383: $? = 0
configure:17383: result: yes
configure:17383: checking float.h presence
configure:17383: g++ -E  conftest.cpp
configure:17383: $? = 0
configure:17383: result: yes
configure:17383: checking for float.h
configure:17383: result: yes
configure:17383: checking for stdlib.h
configure:17383: result: yes
configure:17383: checking for sys/stat.h
configure:17383: result: yes
configure:17383: checking sys/time.h usability
configure:17383: g++ -c -g -O2  conftest.cpp >&5
configure:17383: $? = 0
configure:17383: result: yes
configure:17383: checking sys/time.h presence
configure:17383: g++ -E  conftest.cpp
configure:17383: $? = 0
configure:17383: result: yes
configure:17383: checking for sys/time.h
configure:17383: result: yes
configure:17383: checking sys/wait.h usability
configure:17383: g++ -c -g -O2  conftest.cpp >&5
configure:17383: $? = 0
configure:17383: result: yes
configure:17383: checking sys/wait.h presence
configure:17383: g++ -E  conftest.cpp
configure:17383: $? = 0
configure:17383: result: yes
configure:17383: checking for sys/wait.h
configure:17383: result: yes
configure:17383: checking errno.h usability
configure:17383: g++ -c -g -O2  conftest.cpp >&5
configure:17383: $? = 0
configure:17383: result: yes
configure:17383: checking errno.h presence
configure:17383: g++ -E  conftest.cpp
configure:17383: $? = 0
configure:17383: result: yes
configure:17383: checking for errno.h
configure:17383: result: yes
configure:17383: checking math.h usability
configure:17383: g++ -c -g -O2  conftest.cpp >&5
configure:17383: $? = 0
configure:17383: result: yes
configure:17383: checking math.h presence
configure:17383: g++ -E  conftest.cpp
configure:17383: $? = 0
configure:17383: result: yes
configure:17383: checking for math.h
configure:17383: result: yes
configure:17383: checking malloc.h usability
configure:17383: g++ -c -g -O2  conftest.cpp >&5
conftest.cpp:69:10: fatal error: 'malloc.h' file not found
#include <malloc.h>
         ^~~~~~~~~~
1 error generated.
configure:17383: $? = 1
configure: failed program was:
| /* confdefs.h */
| #define PACKAGE_NAME "biogeme"
| #define PACKAGE_TARNAME "biogeme"
| #define PACKAGE_VERSION "2.7b"
| #define PACKAGE_STRING "biogeme 2.7b"
| #define PACKAGE_BUGREPORT "https://groups.google.com/d/forum/biogeme"
| #define PACKAGE_URL "http://biogeme.epfl.ch"
| #define STDC_HEADERS 1
| #define HAVE_SYS_TYPES_H 1
| #define HAVE_SYS_STAT_H 1
| #define HAVE_STDLIB_H 1
| #define HAVE_STRING_H 1
| #define HAVE_MEMORY_H 1
| #define HAVE_STRINGS_H 1
| #define HAVE_INTTYPES_H 1
| #define HAVE_STDINT_H 1
| #define HAVE_UNISTD_H 1
| #define HAVE_DLFCN_H 1
| #define LT_OBJDIR ".libs/"
| #define PACKAGE "biogeme"
| #define VERSION "2.7b"
| #define NODEBUG /**/
| #define IPOPT /**/
| #define HAVE__USR_LOCAL_CELLAR_PYTHON3_3_6_4_2_FRAMEWORKS_PYTHON_FRAMEWORK_VERSIONS_3_6_INCLUDE_PYTHON3_6M_PYTHON_H 1
| #define PYTHONBIOGEME /**/
| #define BISONBIOGEME /**/
| #define HAVE_DECL__SC_NPROCESSORS_CONF 1
| #define HAVE_FLOAT_H 1
| #define HAVE_STDLIB_H 1
| #define HAVE_SYS_STAT_H 1
| #define HAVE_SYS_TIME_H 1
| #define HAVE_SYS_WAIT_H 1
| #define HAVE_ERRNO_H 1
| #define HAVE_MATH_H 1
| /* end confdefs.h.  */
| #include <stdio.h>
| #ifdef HAVE_SYS_TYPES_H
| # include <sys/types.h>
| #endif
| #ifdef HAVE_SYS_STAT_H
| # include <sys/stat.h>
| #endif
| #ifdef STDC_HEADERS
| # include <stdlib.h>
| # include <stddef.h>
| #else
| # ifdef HAVE_STDLIB_H
| #  include <stdlib.h>
| # endif
| #endif
| #ifdef HAVE_STRING_H
| # if !defined STDC_HEADERS && defined HAVE_MEMORY_H
| #  include <memory.h>
| # endif
| # include <string.h>
| #endif
| #ifdef HAVE_STRINGS_H
| # include <strings.h>
| #endif
| #ifdef HAVE_INTTYPES_H
| # include <inttypes.h>
| #endif
| #ifdef HAVE_STDINT_H
| # include <stdint.h>
| #endif
| #ifdef HAVE_UNISTD_H
| # include <unistd.h>
| #endif
| #include <malloc.h>
configure:17383: result: no
configure:17383: checking malloc.h presence
configure:17383: g++ -E  conftest.cpp
conftest.cpp:36:10: fatal error: 'malloc.h' file not found
#include <malloc.h>
         ^~~~~~~~~~
1 error generated.
configure:17383: $? = 1
configure: failed program was:
| /* confdefs.h */
| #define PACKAGE_NAME "biogeme"
| #define PACKAGE_TARNAME "biogeme"
| #define PACKAGE_VERSION "2.7b"
| #define PACKAGE_STRING "biogeme 2.7b"
| #define PACKAGE_BUGREPORT "https://groups.google.com/d/forum/biogeme"
| #define PACKAGE_URL "http://biogeme.epfl.ch"
| #define STDC_HEADERS 1
| #define HAVE_SYS_TYPES_H 1
| #define HAVE_SYS_STAT_H 1
| #define HAVE_STDLIB_H 1
| #define HAVE_STRING_H 1
| #define HAVE_MEMORY_H 1
| #define HAVE_STRINGS_H 1
| #define HAVE_INTTYPES_H 1
| #define HAVE_STDINT_H 1
| #define HAVE_UNISTD_H 1
| #define HAVE_DLFCN_H 1
| #define LT_OBJDIR ".libs/"
| #define PACKAGE "biogeme"
| #define VERSION "2.7b"
| #define NODEBUG /**/
| #define IPOPT /**/
| #define HAVE__USR_LOCAL_CELLAR_PYTHON3_3_6_4_2_FRAMEWORKS_PYTHON_FRAMEWORK_VERSIONS_3_6_INCLUDE_PYTHON3_6M_PYTHON_H 1
| #define PYTHONBIOGEME /**/
| #define BISONBIOGEME /**/
| #define HAVE_DECL__SC_NPROCESSORS_CONF 1
| #define HAVE_FLOAT_H 1
| #define HAVE_STDLIB_H 1
| #define HAVE_SYS_STAT_H 1
| #define HAVE_SYS_TIME_H 1
| #define HAVE_SYS_WAIT_H 1
| #define HAVE_ERRNO_H 1
| #define HAVE_MATH_H 1
| /* end confdefs.h.  */
| #include <malloc.h>
configure:17383: result: no
configure:17383: checking for malloc.h
configure:17383: result: no
configure:17383: checking sys/malloc.h usability
configure:17383: g++ -c -g -O2  conftest.cpp >&5
configure:17383: $? = 0
configure:17383: result: yes
configure:17383: checking sys/malloc.h presence
configure:17383: g++ -E  conftest.cpp
configure:17383: $? = 0
configure:17383: result: yes
configure:17383: checking for sys/malloc.h
configure:17383: result: yes
configure:17383: checking stdio.h usability
configure:17383: g++ -c -g -O2  conftest.cpp >&5
configure:17383: $? = 0
configure:17383: result: yes
configure:17383: checking stdio.h presence
configure:17383: g++ -E  conftest.cpp
configure:17383: $? = 0
configure:17383: result: yes
configure:17383: checking for stdio.h
configure:17383: result: yes
configure:17383: checking pthread.h usability
configure:17383: g++ -c -g -O2  conftest.cpp >&5
configure:17383: $? = 0
configure:17383: result: yes
configure:17383: checking pthread.h presence
configure:17383: g++ -E  conftest.cpp
configure:17383: $? = 0
configure:17383: result: yes
configure:17383: checking for pthread.h
configure:17383: result: yes
configure:17383: checking for unistd.h
configure:17383: result: yes
configure:17383: checking direct.h usability
configure:17383: g++ -c -g -O2  conftest.cpp >&5
conftest.cpp:73:10: fatal error: 'direct.h' file not found
#include <direct.h>
         ^~~~~~~~~~
1 error generated.
configure:17383: $? = 1
configure: failed program was:
| /* confdefs.h */
| #define PACKAGE_NAME "biogeme"
| #define PACKAGE_TARNAME "biogeme"
| #define PACKAGE_VERSION "2.7b"
| #define PACKAGE_STRING "biogeme 2.7b"
| #define PACKAGE_BUGREPORT "https://groups.google.com/d/forum/biogeme"
| #define PACKAGE_URL "http://biogeme.epfl.ch"
| #define STDC_HEADERS 1
| #define HAVE_SYS_TYPES_H 1
| #define HAVE_SYS_STAT_H 1
| #define HAVE_STDLIB_H 1
| #define HAVE_STRING_H 1
| #define HAVE_MEMORY_H 1
| #define HAVE_STRINGS_H 1
| #define HAVE_INTTYPES_H 1
| #define HAVE_STDINT_H 1
| #define HAVE_UNISTD_H 1
| #define HAVE_DLFCN_H 1
| #define LT_OBJDIR ".libs/"
| #define PACKAGE "biogeme"
| #define VERSION "2.7b"
| #define NODEBUG /**/
| #define IPOPT /**/
| #define HAVE__USR_LOCAL_CELLAR_PYTHON3_3_6_4_2_FRAMEWORKS_PYTHON_FRAMEWORK_VERSIONS_3_6_INCLUDE_PYTHON3_6M_PYTHON_H 1
| #define PYTHONBIOGEME /**/
| #define BISONBIOGEME /**/
| #define HAVE_DECL__SC_NPROCESSORS_CONF 1
| #define HAVE_FLOAT_H 1
| #define HAVE_STDLIB_H 1
| #define HAVE_SYS_STAT_H 1
| #define HAVE_SYS_TIME_H 1
| #define HAVE_SYS_WAIT_H 1
| #define HAVE_ERRNO_H 1
| #define HAVE_MATH_H 1
| #define HAVE_SYS_MALLOC_H 1
| #define HAVE_STDIO_H 1
| #define HAVE_PTHREAD_H 1
| #define HAVE_UNISTD_H 1
| /* end confdefs.h.  */
| #include <stdio.h>
| #ifdef HAVE_SYS_TYPES_H
| # include <sys/types.h>
| #endif
| #ifdef HAVE_SYS_STAT_H
| # include <sys/stat.h>
| #endif
| #ifdef STDC_HEADERS
| # include <stdlib.h>
| # include <stddef.h>
| #else
| # ifdef HAVE_STDLIB_H
| #  include <stdlib.h>
| # endif
| #endif
| #ifdef HAVE_STRING_H
| # if !defined STDC_HEADERS && defined HAVE_MEMORY_H
| #  include <memory.h>
| # endif
| # include <string.h>
| #endif
| #ifdef HAVE_STRINGS_H
| # include <strings.h>
| #endif
| #ifdef HAVE_INTTYPES_H
| # include <inttypes.h>
| #endif
| #ifdef HAVE_STDINT_H
| # include <stdint.h>
| #endif
| #ifdef HAVE_UNISTD_H
| # include <unistd.h>
| #endif
| #include <direct.h>
configure:17383: result: no
configure:17383: checking direct.h presence
configure:17383: g++ -E  conftest.cpp
conftest.cpp:40:10: fatal error: 'direct.h' file not found
#include <direct.h>
         ^~~~~~~~~~
1 error generated.
configure:17383: $? = 1
configure: failed program was:
| /* confdefs.h */
| #define PACKAGE_NAME "biogeme"
| #define PACKAGE_TARNAME "biogeme"
| #define PACKAGE_VERSION "2.7b"
| #define PACKAGE_STRING "biogeme 2.7b"
| #define PACKAGE_BUGREPORT "https://groups.google.com/d/forum/biogeme"
| #define PACKAGE_URL "http://biogeme.epfl.ch"
| #define STDC_HEADERS 1
| #define HAVE_SYS_TYPES_H 1
| #define HAVE_SYS_STAT_H 1
| #define HAVE_STDLIB_H 1
| #define HAVE_STRING_H 1
| #define HAVE_MEMORY_H 1
| #define HAVE_STRINGS_H 1
| #define HAVE_INTTYPES_H 1
| #define HAVE_STDINT_H 1
| #define HAVE_UNISTD_H 1
| #define HAVE_DLFCN_H 1
| #define LT_OBJDIR ".libs/"
| #define PACKAGE "biogeme"
| #define VERSION "2.7b"
| #define NODEBUG /**/
| #define IPOPT /**/
| #define HAVE__USR_LOCAL_CELLAR_PYTHON3_3_6_4_2_FRAMEWORKS_PYTHON_FRAMEWORK_VERSIONS_3_6_INCLUDE_PYTHON3_6M_PYTHON_H 1
| #define PYTHONBIOGEME /**/
| #define BISONBIOGEME /**/
| #define HAVE_DECL__SC_NPROCESSORS_CONF 1
| #define HAVE_FLOAT_H 1
| #define HAVE_STDLIB_H 1
| #define HAVE_SYS_STAT_H 1
| #define HAVE_SYS_TIME_H 1
| #define HAVE_SYS_WAIT_H 1
| #define HAVE_ERRNO_H 1
| #define HAVE_MATH_H 1
| #define HAVE_SYS_MALLOC_H 1
| #define HAVE_STDIO_H 1
| #define HAVE_PTHREAD_H 1
| #define HAVE_UNISTD_H 1
| /* end confdefs.h.  */
| #include <direct.h>
configure:17383: result: no
configure:17383: checking for direct.h
configure:17383: result: no
configure:17395: checking for setenv
configure:17395: g++ -o conftest -g -O2   conftest.cpp  >&5
configure:17395: $? = 0
configure:17395: result: yes
configure:17403: checking for _putenv_s
configure:17403: g++ -o conftest -g -O2   conftest.cpp  >&5
Undefined symbols for architecture x86_64:
  "__putenv_s", referenced from:
      _main in conftest-449402.o
ld: symbol(s) not found for architecture x86_64
clang: error: linker command failed with exit code 1 (use -v to see invocation)
configure:17403: $? = 1
configure: failed program was:
| /* confdefs.h */
| #define PACKAGE_NAME "biogeme"
| #define PACKAGE_TARNAME "biogeme"
| #define PACKAGE_VERSION "2.7b"
| #define PACKAGE_STRING "biogeme 2.7b"
| #define PACKAGE_BUGREPORT "https://groups.google.com/d/forum/biogeme"
| #define PACKAGE_URL "http://biogeme.epfl.ch"
| #define STDC_HEADERS 1
| #define HAVE_SYS_TYPES_H 1
| #define HAVE_SYS_STAT_H 1
| #define HAVE_STDLIB_H 1
| #define HAVE_STRING_H 1
| #define HAVE_MEMORY_H 1
| #define HAVE_STRINGS_H 1
| #define HAVE_INTTYPES_H 1
| #define HAVE_STDINT_H 1
| #define HAVE_UNISTD_H 1
| #define HAVE_DLFCN_H 1
| #define LT_OBJDIR ".libs/"
| #define PACKAGE "biogeme"
| #define VERSION "2.7b"
| #define NODEBUG /**/
| #define IPOPT /**/
| #define HAVE__USR_LOCAL_CELLAR_PYTHON3_3_6_4_2_FRAMEWORKS_PYTHON_FRAMEWORK_VERSIONS_3_6_INCLUDE_PYTHON3_6M_PYTHON_H 1
| #define PYTHONBIOGEME /**/
| #define BISONBIOGEME /**/
| #define HAVE_DECL__SC_NPROCESSORS_CONF 1
| #define HAVE_FLOAT_H 1
| #define HAVE_STDLIB_H 1
| #define HAVE_SYS_STAT_H 1
| #define HAVE_SYS_TIME_H 1
| #define HAVE_SYS_WAIT_H 1
| #define HAVE_ERRNO_H 1
| #define HAVE_MATH_H 1
| #define HAVE_SYS_MALLOC_H 1
| #define HAVE_STDIO_H 1
| #define HAVE_PTHREAD_H 1
| #define HAVE_UNISTD_H 1
| #define HAVE_SETENV 1
| /* end confdefs.h.  */
| /* Define _putenv_s to an innocuous variant, in case <limits.h> declares _putenv_s.
|    For example, HP-UX 11i <limits.h> declares gettimeofday.  */
| #define _putenv_s innocuous__putenv_s
| 
| /* System header to define __stub macros and hopefully few prototypes,
|     which can conflict with char _putenv_s (); below.
|     Prefer <limits.h> to <assert.h> if __STDC__ is defined, since
|     <limits.h> exists even on freestanding compilers.  */
| 
| #ifdef __STDC__
| # include <limits.h>
| #else
| # include <assert.h>
| #endif
| 
| #undef _putenv_s
| 
| /* Override any GCC internal prototype to avoid an error.
|    Use char because int might match the return type of a GCC
|    builtin and then its argument prototype would still apply.  */
| #ifdef __cplusplus
| extern "C"
| #endif
| char _putenv_s ();
| /* The GNU C library defines this for functions which it implements
|     to always fail with ENOSYS.  Some functions are actually named
|     something starting with __ and the normal name is an alias.  */
| #if defined __stub__putenv_s || defined __stub____putenv_s
| choke me
| #endif
| 
| int
| main ()
| {
| return _putenv_s ();
|   ;
|   return 0;
| }
configure:17403: result: no
configure:17412: checking for stdbool.h that conforms to C99
configure:17479: g++ -c -g -O2  conftest.cpp >&5
conftest.cpp:44:15: error: expected unqualified-id
              "error: bool is not defined"
              ^
conftest.cpp:62:48: error: C++ requires a type specifier for all declarations
             struct s { _Bool s: 1; _Bool t; } s;
                                               ^
2 errors generated.
configure:17479: $? = 1
configure: failed program was:
| /* confdefs.h */
| #define PACKAGE_NAME "biogeme"
| #define PACKAGE_TARNAME "biogeme"
| #define PACKAGE_VERSION "2.7b"
| #define PACKAGE_STRING "biogeme 2.7b"
| #define PACKAGE_BUGREPORT "https://groups.google.com/d/forum/biogeme"
| #define PACKAGE_URL "http://biogeme.epfl.ch"
| #define STDC_HEADERS 1
| #define HAVE_SYS_TYPES_H 1
| #define HAVE_SYS_STAT_H 1
| #define HAVE_STDLIB_H 1
| #define HAVE_STRING_H 1
| #define HAVE_MEMORY_H 1
| #define HAVE_STRINGS_H 1
| #define HAVE_INTTYPES_H 1
| #define HAVE_STDINT_H 1
| #define HAVE_UNISTD_H 1
| #define HAVE_DLFCN_H 1
| #define LT_OBJDIR ".libs/"
| #define PACKAGE "biogeme"
| #define VERSION "2.7b"
| #define NODEBUG /**/
| #define IPOPT /**/
| #define HAVE__USR_LOCAL_CELLAR_PYTHON3_3_6_4_2_FRAMEWORKS_PYTHON_FRAMEWORK_VERSIONS_3_6_INCLUDE_PYTHON3_6M_PYTHON_H 1
| #define PYTHONBIOGEME /**/
| #define BISONBIOGEME /**/
| #define HAVE_DECL__SC_NPROCESSORS_CONF 1
| #define HAVE_FLOAT_H 1
| #define HAVE_STDLIB_H 1
| #define HAVE_SYS_STAT_H 1
| #define HAVE_SYS_TIME_H 1
| #define HAVE_SYS_WAIT_H 1
| #define HAVE_ERRNO_H 1
| #define HAVE_MATH_H 1
| #define HAVE_SYS_MALLOC_H 1
| #define HAVE_STDIO_H 1
| #define HAVE_PTHREAD_H 1
| #define HAVE_UNISTD_H 1
| #define HAVE_SETENV 1
| /* end confdefs.h.  */
| 
|              #include <stdbool.h>
|              #ifndef bool
|               "error: bool is not defined"
|              #endif
|              #ifndef false
|               "error: false is not defined"
|              #endif
|              #if false
|               "error: false is not 0"
|              #endif
|              #ifndef true
|               "error: true is not defined"
|              #endif
|              #if true != 1
|               "error: true is not 1"
|              #endif
|              #ifndef __bool_true_false_are_defined
|               "error: __bool_true_false_are_defined is not defined"
|              #endif
| 
|              struct s { _Bool s: 1; _Bool t; } s;
| 
|              char a[true == 1 ? 1 : -1];
|              char b[false == 0 ? 1 : -1];
|              char c[__bool_true_false_are_defined == 1 ? 1 : -1];
|              char d[(bool) 0.5 == true ? 1 : -1];
|              /* See body of main program for 'e'.  */
|              char f[(_Bool) 0.0 == false ? 1 : -1];
|              char g[true];
|              char h[sizeof (_Bool)];
|              char i[sizeof s.t];
|              enum { j = false, k = true, l = false * true, m = true * 256 };
|              /* The following fails for
|                 HP aC++/ANSI C B3910B A.05.55 [Dec 04 2003]. */
|              _Bool n[m];
|              char o[sizeof n == m * sizeof n[0] ? 1 : -1];
|              char p[-1 - (_Bool) 0 < 0 && -1 - (bool) 0 < 0 ? 1 : -1];
|              /* Catch a bug in an HP-UX C compiler.  See
|                 http://gcc.gnu.org/ml/gcc-patches/2003-12/msg02303.html
|                 http://lists.gnu.org/archive/html/bug-coreutils/2005-11/msg00161.html
|               */
|              _Bool q = true;
|              _Bool *pq = &q;
| 
| int
| main ()
| {
| 
|              bool e = &s;
|              *pq |= q;
|              *pq |= ! q;
|              /* Refer to every declared value, to avoid compiler optimizations.  */
|              return (!a + !b + !c + !d + !e + !f + !g + !h + !i + !!j + !k + !!l
|                      + !m + !n + !o + !p + !q + !pq);
| 
|   ;
|   return 0;
| }
configure:17486: result: no
configure:17488: checking for _Bool
configure:17488: g++ -c -g -O2  conftest.cpp >&5
conftest.cpp:77:13: error: use of undeclared identifier '_Bool'
if (sizeof (_Bool))
            ^
1 error generated.
configure:17488: $? = 1
configure: failed program was:
| /* confdefs.h */
| #define PACKAGE_NAME "biogeme"
| #define PACKAGE_TARNAME "biogeme"
| #define PACKAGE_VERSION "2.7b"
| #define PACKAGE_STRING "biogeme 2.7b"
| #define PACKAGE_BUGREPORT "https://groups.google.com/d/forum/biogeme"
| #define PACKAGE_URL "http://biogeme.epfl.ch"
| #define STDC_HEADERS 1
| #define HAVE_SYS_TYPES_H 1
| #define HAVE_SYS_STAT_H 1
| #define HAVE_STDLIB_H 1
| #define HAVE_STRING_H 1
| #define HAVE_MEMORY_H 1
| #define HAVE_STRINGS_H 1
| #define HAVE_INTTYPES_H 1
| #define HAVE_STDINT_H 1
| #define HAVE_UNISTD_H 1
| #define HAVE_DLFCN_H 1
| #define LT_OBJDIR ".libs/"
| #define PACKAGE "biogeme"
| #define VERSION "2.7b"
| #define NODEBUG /**/
| #define IPOPT /**/
| #define HAVE__USR_LOCAL_CELLAR_PYTHON3_3_6_4_2_FRAMEWORKS_PYTHON_FRAMEWORK_VERSIONS_3_6_INCLUDE_PYTHON3_6M_PYTHON_H 1
| #define PYTHONBIOGEME /**/
| #define BISONBIOGEME /**/
| #define HAVE_DECL__SC_NPROCESSORS_CONF 1
| #define HAVE_FLOAT_H 1
| #define HAVE_STDLIB_H 1
| #define HAVE_SYS_STAT_H 1
| #define HAVE_SYS_TIME_H 1
| #define HAVE_SYS_WAIT_H 1
| #define HAVE_ERRNO_H 1
| #define HAVE_MATH_H 1
| #define HAVE_SYS_MALLOC_H 1
| #define HAVE_STDIO_H 1
| #define HAVE_PTHREAD_H 1
| #define HAVE_UNISTD_H 1
| #define HAVE_SETENV 1
| /* end confdefs.h.  */
| #include <stdio.h>
| #ifdef HAVE_SYS_TYPES_H
| # include <sys/types.h>
| #endif
| #ifdef HAVE_SYS_STAT_H
| # include <sys/stat.h>
| #endif
| #ifdef STDC_HEADERS
| # include <stdlib.h>
| # include <stddef.h>
| #else
| # ifdef HAVE_STDLIB_H
| #  include <stdlib.h>
| # endif
| #endif
| #ifdef HAVE_STRING_H
| # if !defined STDC_HEADERS && defined HAVE_MEMORY_H
| #  include <memory.h>
| # endif
| # include <string.h>
| #endif
| #ifdef HAVE_STRINGS_H
| # include <strings.h>
| #endif
| #ifdef HAVE_INTTYPES_H
| # include <inttypes.h>
| #endif
| #ifdef HAVE_STDINT_H
| # include <stdint.h>
| #endif
| #ifdef HAVE_UNISTD_H
| # include <unistd.h>
| #endif
| int
| main ()
| {
| if (sizeof (_Bool))
| 	 return 0;
|   ;
|   return 0;
| }
configure:17488: result: no
configure:17505: checking for inline
configure:17521: g++ -c -g -O2  conftest.cpp >&5
configure:17521: $? = 0
configure:17529: result: inline
configure:17549: checking whether time.h and sys/time.h may both be included
configure:17569: g++ -c -g -O2  conftest.cpp >&5
configure:17569: $? = 0
configure:17576: result: yes
configure:17590: checking for sys/time.h
configure:17590: result: yes
configure:17590: checking for unistd.h
configure:17590: result: yes
configure:17611: checking for alarm
configure:17611: g++ -o conftest -g -O2   conftest.cpp  >&5
configure:17611: $? = 0
configure:17611: result: yes
configure:17624: checking for working mktime
configure:17826: g++ -o conftest -g -O2   conftest.cpp  >&5
configure:17826: $? = 0
configure:17826: ./conftest
configure:17826: $? = 1
configure: program exited with status 1
configure: failed program was:
| /* confdefs.h */
| #define PACKAGE_NAME "biogeme"
| #define PACKAGE_TARNAME "biogeme"
| #define PACKAGE_VERSION "2.7b"
| #define PACKAGE_STRING "biogeme 2.7b"
| #define PACKAGE_BUGREPORT "https://groups.google.com/d/forum/biogeme"
| #define PACKAGE_URL "http://biogeme.epfl.ch"
| #define STDC_HEADERS 1
| #define HAVE_SYS_TYPES_H 1
| #define HAVE_SYS_STAT_H 1
| #define HAVE_STDLIB_H 1
| #define HAVE_STRING_H 1
| #define HAVE_MEMORY_H 1
| #define HAVE_STRINGS_H 1
| #define HAVE_INTTYPES_H 1
| #define HAVE_STDINT_H 1
| #define HAVE_UNISTD_H 1
| #define HAVE_DLFCN_H 1
| #define LT_OBJDIR ".libs/"
| #define PACKAGE "biogeme"
| #define VERSION "2.7b"
| #define NODEBUG /**/
| #define IPOPT /**/
| #define HAVE__USR_LOCAL_CELLAR_PYTHON3_3_6_4_2_FRAMEWORKS_PYTHON_FRAMEWORK_VERSIONS_3_6_INCLUDE_PYTHON3_6M_PYTHON_H 1
| #define PYTHONBIOGEME /**/
| #define BISONBIOGEME /**/
| #define HAVE_DECL__SC_NPROCESSORS_CONF 1
| #define HAVE_FLOAT_H 1
| #define HAVE_STDLIB_H 1
| #define HAVE_SYS_STAT_H 1
| #define HAVE_SYS_TIME_H 1
| #define HAVE_SYS_WAIT_H 1
| #define HAVE_ERRNO_H 1
| #define HAVE_MATH_H 1
| #define HAVE_SYS_MALLOC_H 1
| #define HAVE_STDIO_H 1
| #define HAVE_PTHREAD_H 1
| #define HAVE_UNISTD_H 1
| #define HAVE_SETENV 1
| #define TIME_WITH_SYS_TIME 1
| #define HAVE_SYS_TIME_H 1
| #define HAVE_UNISTD_H 1
| #define HAVE_ALARM 1
| /* end confdefs.h.  */
| /* Test program from Paul Eggert and Tony Leneis.  */
| #ifdef TIME_WITH_SYS_TIME
| # include <sys/time.h>
| # include <time.h>
| #else
| # ifdef HAVE_SYS_TIME_H
| #  include <sys/time.h>
| # else
| #  include <time.h>
| # endif
| #endif
| 
| #include <limits.h>
| #include <stdlib.h>
| 
| #ifdef HAVE_UNISTD_H
| # include <unistd.h>
| #endif
| 
| #ifndef HAVE_ALARM
| # define alarm(X) /* empty */
| #endif
| 
| /* Work around redefinition to rpl_putenv by other config tests.  */
| #undef putenv
| 
| static time_t time_t_max;
| static time_t time_t_min;
| 
| /* Values we'll use to set the TZ environment variable.  */
| static const char *tz_strings[] = {
|   (const char *) 0, "TZ=GMT0", "TZ=JST-9",
|   "TZ=EST+3EDT+2,M10.1.0/00:00:00,M2.3.0/00:00:00"
| };
| #define N_STRINGS (sizeof (tz_strings) / sizeof (tz_strings[0]))
| 
| /* Return 0 if mktime fails to convert a date in the spring-forward gap.
|    Based on a problem report from Andreas Jaeger.  */
| static int
| spring_forward_gap ()
| {
|   /* glibc (up to about 1998-10-07) failed this test. */
|   struct tm tm;
| 
|   /* Use the portable POSIX.1 specification "TZ=PST8PDT,M4.1.0,M10.5.0"
|      instead of "TZ=America/Vancouver" in order to detect the bug even
|      on systems that don't support the Olson extension, or don't have the
|      full zoneinfo tables installed.  */
|   putenv ((char*) "TZ=PST8PDT,M4.1.0,M10.5.0");
| 
|   tm.tm_year = 98;
|   tm.tm_mon = 3;
|   tm.tm_mday = 5;
|   tm.tm_hour = 2;
|   tm.tm_min = 0;
|   tm.tm_sec = 0;
|   tm.tm_isdst = -1;
|   return mktime (&tm) != (time_t) -1;
| }
| 
| static int
| mktime_test1 (time_t now)
| {
|   struct tm *lt;
|   return ! (lt = localtime (&now)) || mktime (lt) == now;
| }
| 
| static int
| mktime_test (time_t now)
| {
|   return (mktime_test1 (now)
| 	  && mktime_test1 ((time_t) (time_t_max - now))
| 	  && mktime_test1 ((time_t) (time_t_min + now)));
| }
| 
| static int
| irix_6_4_bug ()
| {
|   /* Based on code from Ariel Faigon.  */
|   struct tm tm;
|   tm.tm_year = 96;
|   tm.tm_mon = 3;
|   tm.tm_mday = 0;
|   tm.tm_hour = 0;
|   tm.tm_min = 0;
|   tm.tm_sec = 0;
|   tm.tm_isdst = -1;
|   mktime (&tm);
|   return tm.tm_mon == 2 && tm.tm_mday == 31;
| }
| 
| static int
| bigtime_test (int j)
| {
|   struct tm tm;
|   time_t now;
|   tm.tm_year = tm.tm_mon = tm.tm_mday = tm.tm_hour = tm.tm_min = tm.tm_sec = j;
|   now = mktime (&tm);
|   if (now != (time_t) -1)
|     {
|       struct tm *lt = localtime (&now);
|       if (! (lt
| 	     && lt->tm_year == tm.tm_year
| 	     && lt->tm_mon == tm.tm_mon
| 	     && lt->tm_mday == tm.tm_mday
| 	     && lt->tm_hour == tm.tm_hour
| 	     && lt->tm_min == tm.tm_min
| 	     && lt->tm_sec == tm.tm_sec
| 	     && lt->tm_yday == tm.tm_yday
| 	     && lt->tm_wday == tm.tm_wday
| 	     && ((lt->tm_isdst < 0 ? -1 : 0 < lt->tm_isdst)
| 		  == (tm.tm_isdst < 0 ? -1 : 0 < tm.tm_isdst))))
| 	return 0;
|     }
|   return 1;
| }
| 
| static int
| year_2050_test ()
| {
|   /* The correct answer for 2050-02-01 00:00:00 in Pacific time,
|      ignoring leap seconds.  */
|   unsigned long int answer = 2527315200UL;
| 
|   struct tm tm;
|   time_t t;
|   tm.tm_year = 2050 - 1900;
|   tm.tm_mon = 2 - 1;
|   tm.tm_mday = 1;
|   tm.tm_hour = tm.tm_min = tm.tm_sec = 0;
|   tm.tm_isdst = -1;
| 
|   /* Use the portable POSIX.1 specification "TZ=PST8PDT,M4.1.0,M10.5.0"
|      instead of "TZ=America/Vancouver" in order to detect the bug even
|      on systems that don't support the Olson extension, or don't have the
|      full zoneinfo tables installed.  */
|   putenv ((char*) "TZ=PST8PDT,M4.1.0,M10.5.0");
| 
|   t = mktime (&tm);
| 
|   /* Check that the result is either a failure, or close enough
|      to the correct answer that we can assume the discrepancy is
|      due to leap seconds.  */
|   return (t == (time_t) -1
| 	  || (0 < t && answer - 120 <= t && t <= answer + 120));
| }
| 
| int
| main ()
| {
|   time_t t, delta;
|   int i, j;
| 
|   /* This test makes some buggy mktime implementations loop.
|      Give up after 60 seconds; a mktime slower than that
|      isn't worth using anyway.  */
|   alarm (60);
| 
|   for (;;)
|     {
|       t = (time_t_max << 1) + 1;
|       if (t <= time_t_max)
| 	break;
|       time_t_max = t;
|     }
|   time_t_min = - ((time_t) ~ (time_t) 0 == (time_t) -1) - time_t_max;
| 
|   delta = time_t_max / 997; /* a suitable prime number */
|   for (i = 0; i < N_STRINGS; i++)
|     {
|       if (tz_strings[i])
| 	putenv ((char*) tz_strings[i]);
| 
|       for (t = 0; t <= time_t_max - delta; t += delta)
| 	if (! mktime_test (t))
| 	  return 1;
|       if (! (mktime_test ((time_t) 1)
| 	     && mktime_test ((time_t) (60 * 60))
| 	     && mktime_test ((time_t) (60 * 60 * 24))))
| 	return 1;
| 
|       for (j = 1; ; j <<= 1)
| 	if (! bigtime_test (j))
| 	  return 1;
| 	else if (INT_MAX / 2 < j)
| 	  break;
|       if (! bigtime_test (INT_MAX))
| 	return 1;
|     }
|   return ! (irix_6_4_bug () && spring_forward_gap () && year_2050_test ());
| }
configure:17836: result: no
configure:17850: checking for floor
configure:17850: g++ -o conftest -g -O2   conftest.cpp  >&5
configure:17850: $? = 0
configure:17850: result: yes
configure:17850: checking for ceil
configure:17850: g++ -o conftest -g -O2   conftest.cpp  >&5
configure:17850: $? = 0
configure:17850: result: yes
configure:17850: checking for gettimeofday
configure:17850: g++ -o conftest -g -O2   conftest.cpp  >&5
configure:17850: $? = 0
configure:17850: result: yes
configure:17850: checking for localtime_r
configure:17850: g++ -o conftest -g -O2   conftest.cpp  >&5
configure:17850: $? = 0
configure:17850: result: yes
configure:17850: checking for localtime
configure:17850: g++ -o conftest -g -O2   conftest.cpp  >&5
configure:17850: $? = 0
configure:17850: result: yes
configure:17850: checking for time
configure:17850: g++ -o conftest -g -O2   conftest.cpp  >&5
configure:17850: $? = 0
configure:17850: result: yes
configure:17850: checking for pow
configure:17850: g++ -o conftest -g -O2   conftest.cpp  >&5
configure:17850: $? = 0
configure:17850: result: yes
configure:17850: checking for exp
configure:17850: g++ -o conftest -g -O2   conftest.cpp  >&5
configure:17850: $? = 0
configure:17850: result: yes
configure:17850: checking for log
configure:17850: g++ -o conftest -g -O2   conftest.cpp  >&5
configure:17850: $? = 0
configure:17850: result: yes
configure:17850: checking for sqrt
configure:17850: g++ -o conftest -g -O2   conftest.cpp  >&5
configure:17850: $? = 0
configure:17850: result: yes
configure:17850: checking for atan
configure:17850: g++ -o conftest -g -O2   conftest.cpp  >&5
configure:17850: $? = 0
configure:17850: result: yes
configure:17850: checking for mktime
configure:17850: g++ -o conftest -g -O2   conftest.cpp  >&5
configure:17850: $? = 0
configure:17850: result: yes
configure:17850: checking for sched_getaffinity
configure:17850: g++ -o conftest -g -O2   conftest.cpp  >&5
Undefined symbols for architecture x86_64:
  "_sched_getaffinity", referenced from:
      _main in conftest-2edc2e.o
ld: symbol(s) not found for architecture x86_64
clang: error: linker command failed with exit code 1 (use -v to see invocation)
configure:17850: $? = 1
configure: failed program was:
| /* confdefs.h */
| #define PACKAGE_NAME "biogeme"
| #define PACKAGE_TARNAME "biogeme"
| #define PACKAGE_VERSION "2.7b"
| #define PACKAGE_STRING "biogeme 2.7b"
| #define PACKAGE_BUGREPORT "https://groups.google.com/d/forum/biogeme"
| #define PACKAGE_URL "http://biogeme.epfl.ch"
| #define STDC_HEADERS 1
| #define HAVE_SYS_TYPES_H 1
| #define HAVE_SYS_STAT_H 1
| #define HAVE_STDLIB_H 1
| #define HAVE_STRING_H 1
| #define HAVE_MEMORY_H 1
| #define HAVE_STRINGS_H 1
| #define HAVE_INTTYPES_H 1
| #define HAVE_STDINT_H 1
| #define HAVE_UNISTD_H 1
| #define HAVE_DLFCN_H 1
| #define LT_OBJDIR ".libs/"
| #define PACKAGE "biogeme"
| #define VERSION "2.7b"
| #define NODEBUG /**/
| #define IPOPT /**/
| #define HAVE__USR_LOCAL_CELLAR_PYTHON3_3_6_4_2_FRAMEWORKS_PYTHON_FRAMEWORK_VERSIONS_3_6_INCLUDE_PYTHON3_6M_PYTHON_H 1
| #define PYTHONBIOGEME /**/
| #define BISONBIOGEME /**/
| #define HAVE_DECL__SC_NPROCESSORS_CONF 1
| #define HAVE_FLOAT_H 1
| #define HAVE_STDLIB_H 1
| #define HAVE_SYS_STAT_H 1
| #define HAVE_SYS_TIME_H 1
| #define HAVE_SYS_WAIT_H 1
| #define HAVE_ERRNO_H 1
| #define HAVE_MATH_H 1
| #define HAVE_SYS_MALLOC_H 1
| #define HAVE_STDIO_H 1
| #define HAVE_PTHREAD_H 1
| #define HAVE_UNISTD_H 1
| #define HAVE_SETENV 1
| #define TIME_WITH_SYS_TIME 1
| #define HAVE_SYS_TIME_H 1
| #define HAVE_UNISTD_H 1
| #define HAVE_ALARM 1
| #define HAVE_FLOOR 1
| #define HAVE_CEIL 1
| #define HAVE_GETTIMEOFDAY 1
| #define HAVE_LOCALTIME_R 1
| #define HAVE_LOCALTIME 1
| #define HAVE_TIME 1
| #define HAVE_POW 1
| #define HAVE_EXP 1
| #define HAVE_LOG 1
| #define HAVE_SQRT 1
| #define HAVE_ATAN 1
| #define HAVE_MKTIME 1
| /* end confdefs.h.  */
| /* Define sched_getaffinity to an innocuous variant, in case <limits.h> declares sched_getaffinity.
|    For example, HP-UX 11i <limits.h> declares gettimeofday.  */
| #define sched_getaffinity innocuous_sched_getaffinity
| 
| /* System header to define __stub macros and hopefully few prototypes,
|     which can conflict with char sched_getaffinity (); below.
|     Prefer <limits.h> to <assert.h> if __STDC__ is defined, since
|     <limits.h> exists even on freestanding compilers.  */
| 
| #ifdef __STDC__
| # include <limits.h>
| #else
| # include <assert.h>
| #endif
| 
| #undef sched_getaffinity
| 
| /* Override any GCC internal prototype to avoid an error.
|    Use char because int might match the return type of a GCC
|    builtin and then its argument prototype would still apply.  */
| #ifdef __cplusplus
| extern "C"
| #endif
| char sched_getaffinity ();
| /* The GNU C library defines this for functions which it implements
|     to always fail with ENOSYS.  Some functions are actually named
|     something starting with __ and the normal name is an alias.  */
| #if defined __stub_sched_getaffinity || defined __stub___sched_getaffinity
| choke me
| #endif
| 
| int
| main ()
| {
| return sched_getaffinity ();
|   ;
|   return 0;
| }
configure:17850: result: no
configure:17850: checking for sysctlbyname
configure:17850: g++ -o conftest -g -O2   conftest.cpp  >&5
configure:17850: $? = 0
configure:17850: result: yes
configure:17850: checking for getcwd
configure:17850: g++ -o conftest -g -O2   conftest.cpp  >&5
configure:17850: $? = 0
configure:17850: result: yes
configure:17850: checking for _getcwd
configure:17850: g++ -o conftest -g -O2   conftest.cpp  >&5
Undefined symbols for architecture x86_64:
  "__getcwd", referenced from:
      _main in conftest-77d0cb.o
ld: symbol(s) not found for architecture x86_64
clang: error: linker command failed with exit code 1 (use -v to see invocation)
configure:17850: $? = 1
configure: failed program was:
| /* confdefs.h */
| #define PACKAGE_NAME "biogeme"
| #define PACKAGE_TARNAME "biogeme"
| #define PACKAGE_VERSION "2.7b"
| #define PACKAGE_STRING "biogeme 2.7b"
| #define PACKAGE_BUGREPORT "https://groups.google.com/d/forum/biogeme"
| #define PACKAGE_URL "http://biogeme.epfl.ch"
| #define STDC_HEADERS 1
| #define HAVE_SYS_TYPES_H 1
| #define HAVE_SYS_STAT_H 1
| #define HAVE_STDLIB_H 1
| #define HAVE_STRING_H 1
| #define HAVE_MEMORY_H 1
| #define HAVE_STRINGS_H 1
| #define HAVE_INTTYPES_H 1
| #define HAVE_STDINT_H 1
| #define HAVE_UNISTD_H 1
| #define HAVE_DLFCN_H 1
| #define LT_OBJDIR ".libs/"
| #define PACKAGE "biogeme"
| #define VERSION "2.7b"
| #define NODEBUG /**/
| #define IPOPT /**/
| #define HAVE__USR_LOCAL_CELLAR_PYTHON3_3_6_4_2_FRAMEWORKS_PYTHON_FRAMEWORK_VERSIONS_3_6_INCLUDE_PYTHON3_6M_PYTHON_H 1
| #define PYTHONBIOGEME /**/
| #define BISONBIOGEME /**/
| #define HAVE_DECL__SC_NPROCESSORS_CONF 1
| #define HAVE_FLOAT_H 1
| #define HAVE_STDLIB_H 1
| #define HAVE_SYS_STAT_H 1
| #define HAVE_SYS_TIME_H 1
| #define HAVE_SYS_WAIT_H 1
| #define HAVE_ERRNO_H 1
| #define HAVE_MATH_H 1
| #define HAVE_SYS_MALLOC_H 1
| #define HAVE_STDIO_H 1
| #define HAVE_PTHREAD_H 1
| #define HAVE_UNISTD_H 1
| #define HAVE_SETENV 1
| #define TIME_WITH_SYS_TIME 1
| #define HAVE_SYS_TIME_H 1
| #define HAVE_UNISTD_H 1
| #define HAVE_ALARM 1
| #define HAVE_FLOOR 1
| #define HAVE_CEIL 1
| #define HAVE_GETTIMEOFDAY 1
| #define HAVE_LOCALTIME_R 1
| #define HAVE_LOCALTIME 1
| #define HAVE_TIME 1
| #define HAVE_POW 1
| #define HAVE_EXP 1
| #define HAVE_LOG 1
| #define HAVE_SQRT 1
| #define HAVE_ATAN 1
| #define HAVE_MKTIME 1
| #define HAVE_SYSCTLBYNAME 1
| #define HAVE_GETCWD 1
| /* end confdefs.h.  */
| /* Define _getcwd to an innocuous variant, in case <limits.h> declares _getcwd.
|    For example, HP-UX 11i <limits.h> declares gettimeofday.  */
| #define _getcwd innocuous__getcwd
| 
| /* System header to define __stub macros and hopefully few prototypes,
|     which can conflict with char _getcwd (); below.
|     Prefer <limits.h> to <assert.h> if __STDC__ is defined, since
|     <limits.h> exists even on freestanding compilers.  */
| 
| #ifdef __STDC__
| # include <limits.h>
| #else
| # include <assert.h>
| #endif
| 
| #undef _getcwd
| 
| /* Override any GCC internal prototype to avoid an error.
|    Use char because int might match the return type of a GCC
|    builtin and then its argument prototype would still apply.  */
| #ifdef __cplusplus
| extern "C"
| #endif
| char _getcwd ();
| /* The GNU C library defines this for functions which it implements
|     to always fail with ENOSYS.  Some functions are actually named
|     something starting with __ and the normal name is an alias.  */
| #if defined __stub__getcwd || defined __stub____getcwd
| choke me
| #endif
| 
| int
| main ()
| {
| return _getcwd ();
|   ;
|   return 0;
| }
configure:17850: result: no
configure:17850: checking for execlp
configure:17850: g++ -o conftest -g -O2   conftest.cpp  >&5
configure:17850: $? = 0
configure:17850: result: yes
configure:17850: checking for system
configure:17850: g++ -o conftest -g -O2   conftest.cpp  >&5
configure:17850: $? = 0
configure:17850: result: yes
configure:17850: checking for stat
configure:17850: g++ -o conftest -g -O2   conftest.cpp  >&5
configure:17850: $? = 0
configure:17850: result: yes
configure:17859: checking for chdir
configure:17859: g++ -o conftest -g -O2   conftest.cpp  >&5
configure:17859: $? = 0
configure:17859: result: yes
configure:18090: checking that generated files are newer than configure
configure:18096: result: done
configure:18151: creating ./config.status

## ---------------------- ##
## Running config.status. ##
## ---------------------- ##

This file was extended by biogeme config.status 2.7b, which was
generated by GNU Autoconf 2.69.  Invocation command line was

  CONFIG_FILES    = 
  CONFIG_HEADERS  = 
  CONFIG_LINKS    = 
  CONFIG_COMMANDS = 
  $ ./config.status 

on tsf-428-wpa-3-001.epfl.ch

config.status:1308: creating Makefile
config.status:1308: creating libraries/utils/Makefile
config.status:1308: creating libraries/linearAlgebra/Makefile
config.status:1308: creating libraries/trustRegion/Makefile
config.status:1308: creating libraries/cfsqp/Makefile
config.status:1308: creating libraries/ipopt/Makefile
config.status:1308: creating libraries/solvopt/Makefile
config.status:1308: creating libraries/randomNumbers/Makefile
config.status:1308: creating libraries/gaussHermite/Makefile
config.status:1308: creating libraries/stochasticGradient/Makefile
config.status:1308: creating libraries/parameters/Makefile
config.status:1308: creating libraries/bisonbiogeme/Makefile
config.status:1308: creating libraries/pythonbiogeme/Makefile
config.status:1308: creating tools/histograms/Makefile
config.status:1308: creating tools/prepareData/Makefile
config.status:1308: creating biogeme/Makefile
config.status:1308: creating biosim/Makefile
config.status:1308: creating mod2py/Makefile
config.status:1308: creating biomerge/Makefile
config.status:1308: creating pythonbiogeme/Makefile
config.status:1308: creating pybiogeme/Makefile
config.status:1308: creating biogemedylib/Makefile
config.status:1308: creating gtkgui/Makefile
config.status:1308: creating pythonbiogeme/pythonbiogeme
config.status:1308: creating pythonbiogeme/debugbiogeme
config.status:1308: creating gtkgui/debuggui
config.status:1308: creating tools/prepareData/biocheckdata
config.status:1308: creating tools/prepareData/biosampledata
config.status:1308: creating tools/prepareData/biopreparedata
config.status:1308: creating tools/histograms/histogram
config.status:1308: creating tools/histograms/weightedhistogram
config.status:1308: creating pythonbiogeme/pythonbiogeme_static
config.status:1308: creating config.h
config.status:1489: config.h is unchanged
config.status:1537: executing libtool commands
configure:20522: result:
------------------------------------------------------------------------

  biogeme 2.7b for darwin17.4.0:  Automatic configuration OK.
 Build biogeme............yes 
 Build biomerge...........yes 
 Build biosim.............yes 
 Build python biogeme.....yes (Python version 3.6)
 Build GTK GUI version....yes 
 Use IPOPT optimization...yes 
 Static executables.......no (use option --enable-staticexec)
 Long double..............no (use option --enable-longdouble)
 Executables for debug....no (use option --enable-debug)
 Versioned installation...no (use option --enable-versioned)


## ---------------- ##
## Cache variables. ##
## ---------------- ##

ac_cv_build=x86_64-apple-darwin17.4.0
ac_cv_c_compiler_gnu=yes
ac_cv_c_inline=inline
ac_cv_cxx_compiler_gnu=yes
ac_cv_env_CCC_set=
ac_cv_env_CCC_value=
ac_cv_env_CC_set=
ac_cv_env_CC_value=
ac_cv_env_CFLAGS_set=
ac_cv_env_CFLAGS_value=
ac_cv_env_CPPFLAGS_set=
ac_cv_env_CPPFLAGS_value=
ac_cv_env_CPP_set=
ac_cv_env_CPP_value=
ac_cv_env_CXXCPP_set=
ac_cv_env_CXXCPP_value=
ac_cv_env_CXXFLAGS_set=
ac_cv_env_CXXFLAGS_value=
ac_cv_env_CXX_set=
ac_cv_env_CXX_value=
ac_cv_env_GTK_CFLAGS_set=
ac_cv_env_GTK_CFLAGS_value=
ac_cv_env_GTK_LIBS_set=
ac_cv_env_GTK_LIBS_value=
ac_cv_env_IPOPT_CFLAGS_set=
ac_cv_env_IPOPT_CFLAGS_value=
ac_cv_env_IPOPT_LIBS_set=
ac_cv_env_IPOPT_LIBS_value=
ac_cv_env_LDFLAGS_set=
ac_cv_env_LDFLAGS_value=
ac_cv_env_LIBS_set=
ac_cv_env_LIBS_value=
ac_cv_env_LT_SYS_LIBRARY_PATH_set=
ac_cv_env_LT_SYS_LIBRARY_PATH_value=
ac_cv_env_PKG_CONFIG_LIBDIR_set=
ac_cv_env_PKG_CONFIG_LIBDIR_value=
ac_cv_env_PKG_CONFIG_PATH_set=
ac_cv_env_PKG_CONFIG_PATH_value=
ac_cv_env_PKG_CONFIG_set=
ac_cv_env_PKG_CONFIG_value=
ac_cv_env_build_alias_set=
ac_cv_env_build_alias_value=
ac_cv_env_host_alias_set=
ac_cv_env_host_alias_value=
ac_cv_env_target_alias_set=
ac_cv_env_target_alias_value=
ac_cv_func__getcwd=no
ac_cv_func__putenv_s=no
ac_cv_func_alarm=yes
ac_cv_func_atan=yes
ac_cv_func_ceil=yes
ac_cv_func_chdir=yes
ac_cv_func_execlp=yes
ac_cv_func_exp=yes
ac_cv_func_floor=yes
ac_cv_func_getcwd=yes
ac_cv_func_gettimeofday=yes
ac_cv_func_localtime=yes
ac_cv_func_localtime_r=yes
ac_cv_func_log=yes
ac_cv_func_mktime=yes
ac_cv_func_pow=yes
ac_cv_func_sched_getaffinity=no
ac_cv_func_setenv=yes
ac_cv_func_sqrt=yes
ac_cv_func_stat=yes
ac_cv_func_sysctlbyname=yes
ac_cv_func_system=yes
ac_cv_func_time=yes
ac_cv_func_working_mktime=no
ac_cv_have_decl__SC_NPROCESSORS_CONF=yes
ac_cv_header__usr_local_Cellar_python3_3_6_4_2_Frameworks_Python_framework_Versions_3_6_include_python3_6m_Python_h=yes
ac_cv_header_direct_h=no
ac_cv_header_dlfcn_h=yes
ac_cv_header_errno_h=yes
ac_cv_header_float_h=yes
ac_cv_header_inttypes_h=yes
ac_cv_header_malloc_h=no
ac_cv_header_math_h=yes
ac_cv_header_memory_h=yes
ac_cv_header_pthread_h=yes
ac_cv_header_stdbool_h=no
ac_cv_header_stdc=yes
ac_cv_header_stdint_h=yes
ac_cv_header_stdio_h=yes
ac_cv_header_stdlib_h=yes
ac_cv_header_string_h=yes
ac_cv_header_strings_h=yes
ac_cv_header_sys_malloc_h=yes
ac_cv_header_sys_stat_h=yes
ac_cv_header_sys_time_h=yes
ac_cv_header_sys_types_h=yes
ac_cv_header_sys_wait_h=yes
ac_cv_header_time=yes
ac_cv_header_unistd_h=yes
ac_cv_host=x86_64-apple-darwin17.4.0
ac_cv_objext=o
ac_cv_path_BISON=bison++
ac_cv_path_EGREP='/usr/bin/grep -E'
ac_cv_path_FGREP='/usr/bin/grep -F'
ac_cv_path_FLEX=/usr/bin/flex++
ac_cv_path_GREP=/usr/bin/grep
ac_cv_path_LATEXMK=/Library/TeX/texbin/latexmk
ac_cv_path_LLDB=/usr/bin/lldb
ac_cv_path_PBS=no
ac_cv_path_PYTHONBIN=/usr/local/bin/python3
ac_cv_path_SED=/usr/bin/sed
ac_cv_path_ac_pt_PKG_CONFIG=/usr/local/bin/pkg-config
ac_cv_path_install='/usr/bin/install -c'
ac_cv_path_lt_DD=/bin/dd
ac_cv_prog_AWK=awk
ac_cv_prog_CPP='gcc -E'
ac_cv_prog_CXXCPP='g++ -E'
ac_cv_prog_ac_ct_AR=ar
ac_cv_prog_ac_ct_CC=gcc
ac_cv_prog_ac_ct_CXX=g++
ac_cv_prog_ac_ct_DSYMUTIL=dsymutil
ac_cv_prog_ac_ct_LIPO=lipo
ac_cv_prog_ac_ct_NMEDIT=nmedit
ac_cv_prog_ac_ct_OBJDUMP=objdump
ac_cv_prog_ac_ct_OTOOL=otool
ac_cv_prog_ac_ct_RANLIB=ranlib
ac_cv_prog_ac_ct_STRIP=strip
ac_cv_prog_cc_c89=
ac_cv_prog_cc_g=yes
ac_cv_prog_cxx_g=yes
ac_cv_prog_make_make_set=yes
ac_cv_type__Bool=no
am_cv_make_support_nested_variables=yes
am_cv_prog_cc_c_o=yes
lt_cv_apple_cc_single_mod=yes
lt_cv_ar_at_file=no
lt_cv_deplibs_check_method=pass_all
lt_cv_file_magic_cmd='$MAGIC_CMD'
lt_cv_file_magic_test_file=
lt_cv_ld_exported_symbols_list=yes
lt_cv_ld_force_load=yes
lt_cv_ld_reload_flag=-r
lt_cv_nm_interface='BSD nm'
lt_cv_objdir=.libs
lt_cv_path_LD=/Library/Developer/CommandLineTools/usr/bin/ld
lt_cv_path_LDCXX=/Library/Developer/CommandLineTools/usr/bin/ld
lt_cv_path_NM='/usr/bin/nm -B'
lt_cv_path_mainfest_tool=no
lt_cv_prog_compiler_c_o=yes
lt_cv_prog_compiler_c_o_CXX=yes
lt_cv_prog_compiler_pic='-fno-common -DPIC'
lt_cv_prog_compiler_pic_CXX='-fno-common -DPIC'
lt_cv_prog_compiler_pic_works=yes
lt_cv_prog_compiler_pic_works_CXX=yes
lt_cv_prog_compiler_rtti_exceptions=yes
lt_cv_prog_compiler_static_works=no
lt_cv_prog_compiler_static_works_CXX=no
lt_cv_prog_gnu_ld=no
lt_cv_prog_gnu_ldcxx=no
lt_cv_sharedlib_from_linklib_cmd='printf %s\n'
lt_cv_sys_global_symbol_pipe='sed -n -e '\''s/^.*[	 ]\([BCDEGRST][BCDEGRST]*\)[	 ][	 ]*_\([_A-Za-z][_A-Za-z0-9]*\)$/\1 _\2 \2/p'\'' | sed '\''/ __gnu_lto/d'\'''
lt_cv_sys_global_symbol_to_c_name_address='sed -n -e '\''s/^: \(.*\) .*$/  {"\1", (void *) 0},/p'\'' -e '\''s/^[BCDEGRST][BCDEGRST]* .* \(.*\)$/  {"\1", (void *) \&\1},/p'\'''
lt_cv_sys_global_symbol_to_c_name_address_lib_prefix='sed -n -e '\''s/^: \(.*\) .*$/  {"\1", (void *) 0},/p'\'' -e '\''s/^[BCDEGRST][BCDEGRST]* .* \(lib.*\)$/  {"\1", (void *) \&\1},/p'\'' -e '\''s/^[BCDEGRST][BCDEGRST]* .* \(.*\)$/  {"lib\1", (void *) \&\1},/p'\'''
lt_cv_sys_global_symbol_to_cdecl='sed -n -e '\''s/^T .* \(.*\)$/extern int \1();/p'\'' -e '\''s/^[BCDEGRST][BCDEGRST]* .* \(.*\)$/extern char \1;/p'\'''
lt_cv_sys_global_symbol_to_import=
lt_cv_sys_max_cmd_len=196608
lt_cv_to_host_file_cmd=func_convert_file_noop
lt_cv_to_tool_file_cmd=func_convert_file_noop
lt_cv_truncate_bin='/bin/dd bs=4096 count=1'
pkg_cv_GTK_CFLAGS='-D_REENTRANT -I/usr/local/Cellar/gtkmm3/3.22.2/include/gtkmm-3.0 -I/usr/local/Cellar/gtkmm3/3.22.2/lib/gtkmm-3.0/include -I/usr/local/Cellar/atkmm/2.24.2/include/atkmm-1.6 -I/usr/local/Cellar/gtk+3/3.22.26/include/gtk-3.0/unix-print -I/usr/local/Cellar/gtkmm3/3.22.2/include/gdkmm-3.0 -I/usr/local/Cellar/gtkmm3/3.22.2/lib/gdkmm-3.0/include -I/usr/local/Cellar/glibmm/2.54.1/include/giomm-2.4 -I/usr/local/Cellar/glibmm/2.54.1/lib/giomm-2.4/include -I/usr/local/Cellar/pangomm/2.40.1/include/pangomm-1.4 -I/usr/local/Cellar/pangomm/2.40.1/lib/pangomm-1.4/include -I/usr/local/Cellar/glibmm/2.54.1/include/glibmm-2.4 -I/usr/local/Cellar/glibmm/2.54.1/lib/glibmm-2.4/include -I/usr/local/Cellar/gtk+3/3.22.26/include/gtk-3.0 -I/usr/local/Cellar/glib/2.54.3/include/gio-unix-2.0/ -I/usr/local/Cellar/cairo/1.14.12/include/cairo -I/usr/local/Cellar/libepoxy/1.4.3/include -I/usr/local/Cellar/pango/1.40.14/include/pango-1.0 -I/usr/local/Cellar/harfbuzz/1.7.5/include/harfbuzz -I/usr/local/Cellar/graphite2/1.3.10/include -I/usr/local/Cellar/pango/1.40.14/include/pango-1.0 -I/usr/local/Cellar/atk/2.26.1/include/atk-1.0 -I/usr/local/Cellar/cairo/1.14.12/include/cairo -I/usr/local/Cellar/cairomm/1.12.2/include/cairomm-1.0 -I/usr/local/Cellar/cairomm/1.12.2/lib/cairomm-1.0/include -I/usr/local/Cellar/cairo/1.14.12/include/cairo -I/usr/local/Cellar/pixman/0.34.0_1/include/pixman-1 -I/usr/local/Cellar/fontconfig/2.12.6/include -I/usr/local/opt/freetype/include/freetype2 -I/usr/local/Cellar/libpng/1.6.34/include/libpng16 -I/usr/local/Cellar/libsigc++/2.10.0/include/sigc++-2.0 -I/usr/local/Cellar/libsigc++/2.10.0/lib/sigc++-2.0/include -I/usr/local/Cellar/gdk-pixbuf/2.36.11/include/gdk-pixbuf-2.0 -I/usr/local/Cellar/libpng/1.6.34/include/libpng16 -I/usr/local/Cellar/glib/2.54.3/include/glib-2.0 -I/usr/local/Cellar/glib/2.54.3/lib/glib-2.0/include -I/usr/local/opt/gettext/include -I/usr/local/Cellar/pcre/8.41/include'
pkg_cv_GTK_LIBS='-L/usr/local/Cellar/gtkmm3/3.22.2/lib -L/usr/local/Cellar/atkmm/2.24.2/lib -L/usr/local/Cellar/gtkmm3/3.22.2/lib -L/usr/local/Cellar/glibmm/2.54.1/lib -L/usr/local/Cellar/pangomm/2.40.1/lib -L/usr/local/Cellar/glibmm/2.54.1/lib -L/usr/local/Cellar/gtk+3/3.22.26/lib -L/usr/local/Cellar/pango/1.40.14/lib -L/usr/local/Cellar/atk/2.26.1/lib -L/usr/local/Cellar/cairo/1.14.12/lib -L/usr/local/Cellar/glib/2.54.3/lib -L/usr/local/Cellar/cairomm/1.12.2/lib -L/usr/local/Cellar/cairo/1.14.12/lib -L/usr/local/Cellar/libsigc++/2.10.0/lib -L/usr/local/Cellar/gdk-pixbuf/2.36.11/lib -L/usr/local/Cellar/glib/2.54.3/lib -L/usr/local/opt/gettext/lib -lgtkmm-3.0 -latkmm-1.6 -lgdkmm-3.0 -lgiomm-2.4 -lpangomm-1.4 -lglibmm-2.4 -lgtk-3 -lgdk-3 -lpangocairo-1.0 -lpango-1.0 -latk-1.0 -lcairo-gobject -lgio-2.0 -lcairomm-1.0 -lcairo -lsigc-2.0 -lgdk_pixbuf-2.0 -lgobject-2.0 -lglib-2.0 -lintl -Wl,-framework -Wl,CoreFoundation'
pkg_cv_IPOPT_CFLAGS=-I/usr/local/Cellar/ipopt/3.12.8_1/include/coin
pkg_cv_IPOPT_LIBS='-L/usr/local/Cellar/ipopt/3.12.8_1/lib -L/usr/local/opt/mumps/lib -lipopt -ldmumps -lmumps_common -lpord -lmpiseq -framework Accelerate -lm -ldl'

## ----------------- ##
## Output variables. ##
## ----------------- ##

ACLOCAL='${SHELL} /Users/michelbierlaire/GoogleDrive/biogeme/biogemeSourceCode/github/missing aclocal-1.15'
AMTAR='$${TAR-tar}'
AM_BACKSLASH='\'
AM_CXXFLAGS=' -std=gnu++11 -O3'
AM_DEFAULT_V='$(AM_DEFAULT_VERBOSITY)'
AM_DEFAULT_VERBOSITY='1'
AM_LDFLAGS=' -no-undefined -shared'
AM_V='$(V)'
APPLE_FALSE='#'
APPLE_TRUE=''
AR='ar'
AUTOCONF='${SHELL} /Users/michelbierlaire/GoogleDrive/biogeme/biogemeSourceCode/github/missing autoconf'
AUTOHEADER='${SHELL} /Users/michelbierlaire/GoogleDrive/biogeme/biogemeSourceCode/github/missing autoheader'
AUTOMAKE='${SHELL} /Users/michelbierlaire/GoogleDrive/biogeme/biogemeSourceCode/github/missing automake-1.15'
AWK='awk'
BISON='bison++'
BUILD_BISONBIOGEME_FALSE='#'
BUILD_BISONBIOGEME_TRUE=''
BUILD_DEBUG_FALSE=''
BUILD_DEBUG_TRUE='#'
BUILD_GUI_FALSE='#'
BUILD_GUI_TRUE=''
BUILD_IPOPT_FALSE='#'
BUILD_IPOPT_TRUE=''
BUILD_LONGDOUBLE_FALSE=''
BUILD_LONGDOUBLE_TRUE='#'
BUILD_PYTHON_FALSE='#'
BUILD_PYTHON_TRUE=''
BUILD_STATIC_FALSE=''
BUILD_STATIC_TRUE='#'
CC='gcc'
CFLAGS='-g -O2'
CPP='gcc -E'
CPPFLAGS=''
CXX='g++'
CXXCPP='g++ -E'
CXXFLAGS='-g -O2'
CYGPATH_W='echo'
DEFS='-DHAVE_CONFIG_H'
DLLTOOL='false'
DSYMUTIL='dsymutil'
DUMPBIN=''
ECHO_C='\c'
ECHO_N=''
ECHO_T=''
EGREP='/usr/bin/grep -E'
EXEEXT=''
FGREP='/usr/bin/grep -F'
FLEX='/usr/bin/flex++'
GREP='/usr/bin/grep'
GTK_CFLAGS='-D_REENTRANT -I/usr/local/Cellar/gtkmm3/3.22.2/include/gtkmm-3.0 -I/usr/local/Cellar/gtkmm3/3.22.2/lib/gtkmm-3.0/include -I/usr/local/Cellar/atkmm/2.24.2/include/atkmm-1.6 -I/usr/local/Cellar/gtk+3/3.22.26/include/gtk-3.0/unix-print -I/usr/local/Cellar/gtkmm3/3.22.2/include/gdkmm-3.0 -I/usr/local/Cellar/gtkmm3/3.22.2/lib/gdkmm-3.0/include -I/usr/local/Cellar/glibmm/2.54.1/include/giomm-2.4 -I/usr/local/Cellar/glibmm/2.54.1/lib/giomm-2.4/include -I/usr/local/Cellar/pangomm/2.40.1/include/pangomm-1.4 -I/usr/local/Cellar/pangomm/2.40.1/lib/pangomm-1.4/include -I/usr/local/Cellar/glibmm/2.54.1/include/glibmm-2.4 -I/usr/local/Cellar/glibmm/2.54.1/lib/glibmm-2.4/include -I/usr/local/Cellar/gtk+3/3.22.26/include/gtk-3.0 -I/usr/local/Cellar/glib/2.54.3/include/gio-unix-2.0/ -I/usr/local/Cellar/cairo/1.14.12/include/cairo -I/usr/local/Cellar/libepoxy/1.4.3/include -I/usr/local/Cellar/pango/1.40.14/include/pango-1.0 -I/usr/local/Cellar/harfbuzz/1.7.5/include/harfbuzz -I/usr/local/Cellar/graphite2/1.3.10/include -I/usr/local/Cellar/pango/1.40.14/include/pango-1.0 -I/usr/local/Cellar/atk/2.26.1/include/atk-1.0 -I/usr/local/Cellar/cairo/1.14.12/include/cairo -I/usr/local/Cellar/cairomm/1.12.2/include/cairomm-1.0 -I/usr/local/Cellar/cairomm/1.12.2/lib/cairomm-1.0/include -I/usr/local/Cellar/cairo/1.14.12/include/cairo -I/usr/local/Cellar/pixman/0.34.0_1/include/pixman-1 -I/usr/local/Cellar/fontconfig/2.12.6/include -I/usr/local/opt/freetype/include/freetype2 -I/usr/local/Cellar/libpng/1.6.34/include/libpng16 -I/usr/local/Cellar/libsigc++/2.10.0/include/sigc++-2.0 -I/usr/local/Cellar/libsigc++/2.10.0/lib/sigc++-2.0/include -I/usr/local/Cellar/gdk-pixbuf/2.36.11/include/gdk-pixbuf-2.0 -I/usr/local/Cellar/libpng/1.6.34/include/libpng16 -I/usr/local/Cellar/glib/2.54.3/include/glib-2.0 -I/usr/local/Cellar/glib/2.54.3/lib/glib-2.0/include -I/usr/local/opt/gettext/include -I/usr/local/Cellar/pcre/8.41/include'
GTK_CXXFLAGS='-I/usr/local/Cellar/gtkmm3/3.22.2/include/gtkmm-3.0 -I/usr/local/Cellar/gtkmm3/3.22.2/lib/gtkmm-3.0/include -I/usr/local/Cellar/atkmm/2.24.2/include/atkmm-1.6 -I/usr/local/Cellar/gtk+3/3.22.26/include/gtk-3.0/unix-print -I/usr/local/Cellar/gtkmm3/3.22.2/include/gdkmm-3.0 -I/usr/local/Cellar/gtkmm3/3.22.2/lib/gdkmm-3.0/include -I/usr/local/Cellar/glibmm/2.54.1/include/giomm-2.4 -I/usr/local/Cellar/glibmm/2.54.1/lib/giomm-2.4/include -I/usr/local/Cellar/pangomm/2.40.1/include/pangomm-1.4 -I/usr/local/Cellar/pangomm/2.40.1/lib/pangomm-1.4/include -I/usr/local/Cellar/glibmm/2.54.1/include/glibmm-2.4 -I/usr/local/Cellar/glibmm/2.54.1/lib/glibmm-2.4/include -I/usr/local/Cellar/gtk+3/3.22.26/include/gtk-3.0 -I/usr/local/Cellar/glib/2.54.3/include/gio-unix-2.0/ -I/usr/local/Cellar/cairo/1.14.12/include/cairo -I/usr/local/Cellar/libepoxy/1.4.3/include -I/usr/local/Cellar/pango/1.40.14/include/pango-1.0 -I/usr/local/Cellar/harfbuzz/1.7.5/include/harfbuzz -I/usr/local/Cellar/graphite2/1.3.10/include -I/usr/local/Cellar/pango/1.40.14/include/pango-1.0 -I/usr/local/Cellar/atk/2.26.1/include/atk-1.0 -I/usr/local/Cellar/cairo/1.14.12/include/cairo -I/usr/local/Cellar/cairomm/1.12.2/include/cairomm-1.0 -I/usr/local/Cellar/cairomm/1.12.2/lib/cairomm-1.0/include -I/usr/local/Cellar/cairo/1.14.12/include/cairo -I/usr/local/Cellar/pixman/0.34.0_1/include/pixman-1 -I/usr/local/Cellar/fontconfig/2.12.6/include -I/usr/local/opt/freetype/include/freetype2 -I/usr/local/Cellar/libpng/1.6.34/include/libpng16 -I/usr/local/Cellar/libsigc++/2.10.0/include/sigc++-2.0 -I/usr/local/Cellar/libsigc++/2.10.0/lib/sigc++-2.0/include -I/usr/local/Cellar/gdk-pixbuf/2.36.11/include/gdk-pixbuf-2.0 -I/usr/local/Cellar/libpng/1.6.34/include/libpng16 -I/usr/local/Cellar/glib/2.54.3/include/glib-2.0 -I/usr/local/Cellar/glib/2.54.3/lib/glib-2.0/include -I/usr/local/opt/gettext/include -I/usr/local/Cellar/pcre/8.41/include'
GTK_LDFLAGS='-L/usr/local/Cellar/gtkmm3/3.22.2/lib -L/usr/local/Cellar/atkmm/2.24.2/lib -L/usr/local/Cellar/gtkmm3/3.22.2/lib -L/usr/local/Cellar/glibmm/2.54.1/lib -L/usr/local/Cellar/pangomm/2.40.1/lib -L/usr/local/Cellar/glibmm/2.54.1/lib -L/usr/local/Cellar/gtk+3/3.22.26/lib -L/usr/local/Cellar/pango/1.40.14/lib -L/usr/local/Cellar/atk/2.26.1/lib -L/usr/local/Cellar/cairo/1.14.12/lib -L/usr/local/Cellar/glib/2.54.3/lib -L/usr/local/Cellar/cairomm/1.12.2/lib -L/usr/local/Cellar/cairo/1.14.12/lib -L/usr/local/Cellar/libsigc++/2.10.0/lib -L/usr/local/Cellar/gdk-pixbuf/2.36.11/lib -L/usr/local/Cellar/glib/2.54.3/lib -L/usr/local/opt/gettext/lib -lgtkmm-3.0 -latkmm-1.6 -lgdkmm-3.0 -lgiomm-2.4 -lpangomm-1.4 -lglibmm-2.4 -lgtk-3 -lgdk-3 -lpangocairo-1.0 -lpango-1.0 -latk-1.0 -lcairo-gobject -lgio-2.0 -lcairomm-1.0 -lcairo -lsigc-2.0 -lgdk_pixbuf-2.0 -lgobject-2.0 -lglib-2.0 -lintl -Wl,-framework -Wl,CoreFoundation'
GTK_LIBS='-lgtkmm-3.0 -latkmm-1.6 -lgdkmm-3.0 -lgiomm-2.4 -lpangomm-1.4 -lglibmm-2.4 -lgtk-3 -lgdk-3 -lpangocairo-1.0 -lpango-1.0 -latk-1.0 -lcairo-gobject -lgio-2.0 -lcairomm-1.0 -lcairo -lsigc-2.0 -lgdk_pixbuf-2.0 -lgobject-2.0 -lglib-2.0 -lintl '
GTK_STATIC_CXXFLAGS='-I/usr/local/Cellar/gtkmm3/3.22.2/include/gtkmm-3.0 -I/usr/local/Cellar/gtkmm3/3.22.2/lib/gtkmm-3.0/include -I/usr/local/Cellar/atkmm/2.24.2/include/atkmm-1.6 -I/usr/local/Cellar/gtk+3/3.22.26/include/gtk-3.0/unix-print -I/usr/local/Cellar/gtkmm3/3.22.2/include/gdkmm-3.0 -I/usr/local/Cellar/gtkmm3/3.22.2/lib/gdkmm-3.0/include -I/usr/local/Cellar/glibmm/2.54.1/include/giomm-2.4 -I/usr/local/Cellar/glibmm/2.54.1/lib/giomm-2.4/include -I/usr/local/Cellar/pangomm/2.40.1/include/pangomm-1.4 -I/usr/local/Cellar/pangomm/2.40.1/lib/pangomm-1.4/include -I/usr/local/Cellar/glibmm/2.54.1/include/glibmm-2.4 -I/usr/local/Cellar/glibmm/2.54.1/lib/glibmm-2.4/include -I/usr/local/Cellar/gtk+3/3.22.26/include/gtk-3.0 -I/usr/local/Cellar/glib/2.54.3/include/gio-unix-2.0/ -I/usr/local/Cellar/cairo/1.14.12/include/cairo -I/usr/local/Cellar/libepoxy/1.4.3/include -I/usr/local/Cellar/pango/1.40.14/include/pango-1.0 -I/usr/local/Cellar/harfbuzz/1.7.5/include/harfbuzz -I/usr/local/Cellar/graphite2/1.3.10/include -I/usr/local/Cellar/pango/1.40.14/include/pango-1.0 -I/usr/local/Cellar/atk/2.26.1/include/atk-1.0 -I/usr/local/Cellar/cairo/1.14.12/include/cairo -I/usr/local/Cellar/cairomm/1.12.2/include/cairomm-1.0 -I/usr/local/Cellar/cairomm/1.12.2/lib/cairomm-1.0/include -I/usr/local/Cellar/cairo/1.14.12/include/cairo -I/usr/local/Cellar/pixman/0.34.0_1/include/pixman-1 -I/usr/local/Cellar/fontconfig/2.12.6/include -I/usr/local/opt/freetype/include/freetype2 -I/usr/local/Cellar/libpng/1.6.34/include/libpng16 -I/usr/local/Cellar/libsigc++/2.10.0/include/sigc++-2.0 -I/usr/local/Cellar/libsigc++/2.10.0/lib/sigc++-2.0/include -I/usr/local/Cellar/gdk-pixbuf/2.36.11/include/gdk-pixbuf-2.0 -I/usr/local/Cellar/libpng/1.6.34/include/libpng16 -I/usr/local/Cellar/glib/2.54.3/include/glib-2.0 -I/usr/local/Cellar/glib/2.54.3/lib/glib-2.0/include -I/usr/local/opt/gettext/include -I/usr/local/Cellar/pcre/8.41/include'
GTK_STATIC_LDFLAGS='-L/usr/local/Cellar/gtkmm3/3.22.2/lib -L/usr/local/Cellar/atkmm/2.24.2/lib -L/usr/local/Cellar/gtkmm3/3.22.2/lib -L/usr/local/Cellar/glibmm/2.54.1/lib -L/usr/local/Cellar/pangomm/2.40.1/lib -L/usr/local/Cellar/glibmm/2.54.1/lib -L/usr/local/Cellar/gtk+3/3.22.26/lib -L/usr/local/Cellar/glib/2.54.3/lib -L/usr/local/Cellar/libepoxy/1.4.3/lib -L/usr/local/Cellar/pango/1.40.14/lib -L/usr/local/Cellar/harfbuzz/1.7.5/lib -L/usr/local/Cellar/graphite2/1.3.10/lib -L/usr/local/Cellar/pango/1.40.14/lib -L/usr/local/Cellar/atk/2.26.1/lib -L/usr/local/Cellar/cairo/1.14.12/lib -L/usr/local/Cellar/glib/2.54.3/lib -L/usr/local/Cellar/cairomm/1.12.2/lib -L/usr/local/Cellar/cairo/1.14.12/lib -L/usr/local/Cellar/pixman/0.34.0_1/lib -L/usr/local/Cellar/fontconfig/2.12.6/lib -L/usr/local/opt/freetype/lib -L/usr/local/Cellar/libpng/1.6.34/lib -L/usr/local/Cellar/libsigc++/2.10.0/lib -L/usr/local/Cellar/gdk-pixbuf/2.36.11/lib -L/usr/local/Cellar/glib/2.54.3/lib -L/usr/local/Cellar/libpng/1.6.34/lib -L/usr/local/Cellar/glib/2.54.3/lib -L/usr/local/Cellar/libffi/3.2.1/lib -L/usr/local/Cellar/glib/2.54.3/lib -L/usr/local/opt/gettext/lib -L/usr/local/Cellar/pcre/8.41/lib -lgtkmm-3.0 -latkmm-1.6 -lgdkmm-3.0 -lgiomm-2.4 -lpangomm-1.4 -lglibmm-2.4 -lgtk-3 -lgdk-3 -lgio-2.0 -lepoxy -ldl -lpangocairo-1.0 -lpangoft2-1.0 -lharfbuzz -lm -framework ApplicationServices -lgraphite2 -lpango-1.0 -lm -latk-1.0 -lcairo-gobject -lgio-2.0 -lz -lresolv -Wl,-framework,Foundation -Wl,-framework,Carbon -lcairomm-1.0 -lcairo -lz -lpixman-1 -lfontconfig -lexpat -lfreetype -lz -lbz2 -lpng16 -lz -lpng16 -lz -lsigc-2.0 -lgdk_pixbuf-2.0 -lgmodule-2.0 -lpng16 -lz -lgobject-2.0 -lffi -lglib-2.0 -lintl -Wl,-framework -Wl,CoreFoundation -lpcre -lintl -Wl,-framework -Wl,CoreFoundation -liconv -Wl,-framework,Carbon -Wl,-framework,Foundation -lpcre -D_THREAD_SAFE -pthread'
INSTALL_DATA='${INSTALL} -m 644'
INSTALL_PROGRAM='${INSTALL}'
INSTALL_RELEASE=''
INSTALL_SCRIPT='${INSTALL}'
INSTALL_STRIP_PROGRAM='$(install_sh) -c -s'
INSTALL_VERSIONED_FALSE=''
INSTALL_VERSIONED_TRUE='#'
INSTALL_VERSION_SUFFIX=''
IPOPT_CFLAGS='-I/usr/local/Cellar/ipopt/3.12.8_1/include/coin'
IPOPT_CXXFLAGS='-I/usr/local/Cellar/ipopt/3.12.8_1/include/coin'
IPOPT_LDFLAGS='-L/usr/local/Cellar/ipopt/3.12.8_1/lib -L/usr/local/opt/mumps/lib -lipopt -ldmumps -lmumps_common -lpord -lmpiseq -framework Accelerate -lm -ldl'
IPOPT_LIBS='-lipopt -ldmumps -lmumps_common -lpord -lmpiseq -lm -ldl '
IPOPT_STATIC_CXXFLAGS='-I/usr/local/Cellar/ipopt/3.12.8_1/include/coin'
IPOPT_STATIC_LDFLAGS='-L/usr/local/Cellar/ipopt/3.12.8_1/lib -L/usr/local/opt/mumps/lib -lipopt -ldmumps -lmumps_common -lpord -lmpiseq -framework Accelerate -lm -ldl'
LATEXMK='/Library/TeX/texbin/latexmk'
LD='/Library/Developer/CommandLineTools/usr/bin/ld'
LDFLAGS=''
LEX='${SHELL} /Users/michelbierlaire/GoogleDrive/biogeme/biogemeSourceCode/github/missing /usr/bin/flex++'
LEX_OUTPUT_ROOT='lex.yy'
LIBOBJS=' ${LIBOBJDIR}mktime$U.o'
LIBS=''
LIBTOOL='$(SHELL) $(top_builddir)/libtool'
LIPO='lipo'
LLDB='/usr/bin/lldb'
LN_S='ln -s'
LTLIBOBJS=' ${LIBOBJDIR}mktime$U.lo'
LT_SYS_LIBRARY_PATH=''
MAKEINFO='${SHELL} /Users/michelbierlaire/GoogleDrive/biogeme/biogemeSourceCode/github/missing makeinfo'
MANIFEST_TOOL=':'
MKDIR_P='./install-sh -c -d'
NM='/usr/bin/nm -B'
NMEDIT='nmedit'
OBJDUMP='objdump'
OBJEXT='o'
OTOOL64=':'
OTOOL='otool'
PACKAGE='biogeme'
PACKAGE_BUGREPORT='https://groups.google.com/d/forum/biogeme'
PACKAGE_NAME='biogeme'
PACKAGE_STRING='biogeme 2.7b'
PACKAGE_TARNAME='biogeme'
PACKAGE_URL='http://biogeme.epfl.ch'
PACKAGE_VERSION='2.7b'
PATH_SEPARATOR=':'
PBS='no'
PKG_CONFIG='/usr/local/bin/pkg-config'
PKG_CONFIG_LIBDIR=''
PKG_CONFIG_PATH=''
PYTHONBIN='/usr/local/bin/python3'
PYTHON_CXXFLAGS='-Wsign-compare -Wunreachable-code -fno-common -dynamic -DNDEBUG -g -fwrapv -O3 -Wall'
PYTHON_INCLUDES='-I/usr/local/Cellar/python3/3.6.4_2/Frameworks/Python.framework/Versions/3.6/include/python3.6m -I/usr/local/Cellar/python3/3.6.4_2/Frameworks/Python.framework/Versions/3.6/include/python3.6m'
PYTHON_LDFLAGS=' -L/usr/local/opt/python3/Frameworks/Python.framework/Versions/3.6/lib/python3.6/config-3.6m-darwin'
PYTHON_LIBS='-lpython3.6m -ldl  -framework CoreFoundation '
RANLIB='ranlib'
SED='/usr/bin/sed'
SET_MAKE=''
SHELL='/bin/sh'
STRIP='strip'
SYSTEM_WITH_PBS_FALSE=''
SYSTEM_WITH_PBS_TRUE='#'
VERSION='2.7b'
YACC='${SHELL} /Users/michelbierlaire/GoogleDrive/biogeme/biogemeSourceCode/github/missing bison++'
ac_ct_AR='ar'
ac_ct_CC='gcc'
ac_ct_CXX='g++'
ac_ct_DUMPBIN=''
am__EXEEXT_FALSE=''
am__EXEEXT_TRUE='#'
am__isrc=''
am__leading_dot='.'
am__tar='$${TAR-tar} chof - "$$tardir"'
am__untar='$${TAR-tar} xf -'
bindir='${exec_prefix}/bin'
build='x86_64-apple-darwin17.4.0'
build_alias=''
build_cpu='x86_64'
build_os='darwin17.4.0'
build_vendor='apple'
datadir='${datarootdir}'
datarootdir='${prefix}/share'
docdir='${datarootdir}/doc/${PACKAGE_TARNAME}'
dvidir='${docdir}'
exec_prefix='${prefix}'
host='x86_64-apple-darwin17.4.0'
host_alias=''
host_cpu='x86_64'
host_os='darwin17.4.0'
host_vendor='apple'
htmldir='${docdir}'
includedir='${prefix}/include'
infodir='${datarootdir}/info'
install_sh='${SHELL} /Users/michelbierlaire/GoogleDrive/biogeme/biogemeSourceCode/github/install-sh'
libdir='${exec_prefix}/lib'
libexecdir='${exec_prefix}/libexec'
localedir='${datarootdir}/locale'
localstatedir='${prefix}/var'
mandir='${datarootdir}/man'
mkdir_p='$(MKDIR_P)'
oldincludedir='/usr/include'
pdfdir='${docdir}'
prefix='/usr/local'
program_transform_name='s,x,x,'
psdir='${docdir}'
sbindir='${exec_prefix}/sbin'
sharedstatedir='${prefix}/com'
sysconfdir='${prefix}/etc'
target_alias=''

## ----------- ##
## confdefs.h. ##
## ----------- ##

/* confdefs.h */
#define PACKAGE_NAME "biogeme"
#define PACKAGE_TARNAME "biogeme"
#define PACKAGE_VERSION "2.7b"
#define PACKAGE_STRING "biogeme 2.7b"
#define PACKAGE_BUGREPORT "https://groups.google.com/d/forum/biogeme"
#define PACKAGE_URL "http://biogeme.epfl.ch"
#define STDC_HEADERS 1
#define HAVE_SYS_TYPES_H 1
#define HAVE_SYS_STAT_H 1
#define HAVE_STDLIB_H 1
#define HAVE_STRING_H 1
#define HAVE_MEMORY_H 1
#define HAVE_STRINGS_H 1
#define HAVE_INTTYPES_H 1
#define HAVE_STDINT_H 1
#define HAVE_UNISTD_H 1
#define HAVE_DLFCN_H 1
#define LT_OBJDIR ".libs/"
#define PACKAGE "biogeme"
#define VERSION "2.7b"
#define NODEBUG /**/
#define IPOPT /**/
#define HAVE__USR_LOCAL_CELLAR_PYTHON3_3_6_4_2_FRAMEWORKS_PYTHON_FRAMEWORK_VERSIONS_3_6_INCLUDE_PYTHON3_6M_PYTHON_H 1
#define PYTHONBIOGEME /**/
#define BISONBIOGEME /**/
#define HAVE_DECL__SC_NPROCESSORS_CONF 1
#define HAVE_FLOAT_H 1
#define HAVE_STDLIB_H 1
#define HAVE_SYS_STAT_H 1
#define HAVE_SYS_TIME_H 1
#define HAVE_SYS_WAIT_H 1
#define HAVE_ERRNO_H 1
#define HAVE_MATH_H 1
#define HAVE_SYS_MALLOC_H 1
#define HAVE_STDIO_H 1
#define HAVE_PTHREAD_H 1
#define HAVE_UNISTD_H 1
#define HAVE_SETENV 1
#define TIME_WITH_SYS_TIME 1
#define HAVE_SYS_TIME_H 1
#define HAVE_UNISTD_H 1
#define HAVE_ALARM 1
#define HAVE_FLOOR 1
#define HAVE_CEIL 1
#define HAVE_GETTIMEOFDAY 1
#define HAVE_LOCALTIME_R 1
#define HAVE_LOCALTIME 1
#define HAVE_TIME 1
#define HAVE_POW 1
#define HAVE_EXP 1
#define HAVE_LOG 1
#define HAVE_SQRT 1
#define HAVE_ATAN 1
#define HAVE_MKTIME 1
#define HAVE_SYSCTLBYNAME 1
#define HAVE_GETCWD 1
#define HAVE_EXECLP 1
#define HAVE_SYSTEM 1
#define HAVE_STAT 1
#define HAVE_CHDIR 1

configure: exit 0

## ---------------------- ##
## Running config.status. ##
## ---------------------- ##

This file was extended by biogeme config.status 2.7b, which was
generated by GNU Autoconf 2.69.  Invocation command line was

  CONFIG_FILES    = 
  CONFIG_HEADERS  = 
  CONFIG_LINKS    = 
  CONFIG_COMMANDS = 
  $ ./config.status libraries/utils/Makefile

on tsf-428-wpa-3-001.epfl.ch

config.status:1308: creating libraries/utils/Makefile


## ---------------------- ##
## Running config.status. ##
## ---------------------- ##
## ---------------------- ##
## Running config.status. ##
## ---------------------- ##

This file was extended by biogeme config.status 2.7b, which was
generated by GNU Autoconf 2.69.  Invocation command line was

  CONFIG_FILES    = 
  CONFIG_HEADERS  = 
  CONFIG_LINKS    = 
  CONFIG_COMMANDS = 
  $ ./config.status tools/histograms/weightedhistogram

on tsf-428-wpa-3-001.epfl.ch


This file was extended by biogeme config.status 2.7b, which was
generated by GNU Autoconf 2.69.  Invocation command line was

  CONFIG_FILES    = 
  CONFIG_HEADERS  = 
  CONFIG_LINKS    = 
  CONFIG_COMMANDS = 
  $ ./config.status tools/histograms/histogram

on tsf-428-wpa-3-001.epfl.ch

config.status:1308: creating tools/histograms/weightedhistogram
config.status:1308: creating tools/histograms/histogram



## ---------------------- ##
## Running config.status. ##
## ---------------------- ##
## ---------------------- ##
## Running config.status. ##
## ---------------------- ##
## ---------------------- ##
## Running config.status. ##
## ---------------------- ##

This file was extended by biogeme config.status 2.7b, which was
generated by GNU Autoconf 2.69.  Invocation command line was

  CONFIG_FILES    = 
  CONFIG_HEADERS  = 

This file was extended by biogeme config.status 2.7b, which was
generated by GNU Autoconf 2.69.  Invocation command line was

his file was extended by biogeme config.status 2.7b, which was
  CONFIG_LINKS    = 
  CONFIG_COMMANDS = 
  $ ./config.status tools/prepareData/biopreparedata

on tsf-428-wpa-3-001.epfl.ch

enerated by GNU Autoconf 2.69.  Invocation command line was

  CONFIG_FILES    = 
  CONFIG_HEADERS  = 
  CONFIG_HEADERS  = 
  CONFIG_LINKS    = 
  CONFIG_LINKS    = 
  CONFIG_COMMANDS = 
  CONFIG_COMMANDS = 
  $ ./config.status tools/prepareData/biocheckdata
  $ ./config.status tools/prepareData/biosampledata


on tsf-428-wpa-3-001.epfl.ch

on tsf-428-wpa-3-001.epfl.ch

config.status:1308: creating tools/prepareData/biopreparedata
config.status:1308: creating tools/prepareData/biocheckdata
config.status:1308: creating tools/prepareData/biosampledata

## ---------------------- ##
## Running config.status. ##
## ---------------------- ##

This file was extended by biogeme config.status 2.7b, which was
generated by GNU Autoconf 2.69.  Invocation command line was

  CONFIG_FILES    = 
  CONFIG_HEADERS  = 
  CONFIG_LINKS    = 
  CONFIG_COMMANDS = 
  $ ./config.status pythonbiogeme/pythonbiogeme

on tsf-428-wpa-3-001.epfl.ch

config.status:1308: creating pythonbiogeme/pythonbiogeme

## ---------------------- ##
## Running config.status. ##
## ---------------------- ##

This file was extended by biogeme config.status 2.7b, which was
generated by GNU Autoconf 2.69.  Invocation command line was

  CONFIG_FILES    = 
  CONFIG_HEADERS  = 
  CONFIG_LINKS    = 
  CONFIG_COMMANDS = 
  $ ./config.status libraries/stochasticGradient/Makefile

on tsf-428-wpa-3-001.epfl.ch

config.status:1308: creating libraries/stochasticGradient/Makefile


## ---------------------- ##
## Running config.status. ##
## ---------------------- ##
## ---------------------- ##
## Running config.status. ##
## ---------------------- ##

This file was extended by biogeme config.status 2.7b, which was
generated by GNU Autoconf 2.69.  Invocation command line was

  CONFIG_FILES    = 

  CONFIG_HEADERS  = 
  CONFIG_LINKS    = 
  CONFIG_COMMANDS = 
  $ ./config.status tools/histograms/histogram

his file was extended by biogeme config.status 2.7b, which was
generated by GNU Autoconf 2.69.  Invocation command line was
on tsf-428-wpa-3-001.epfl.ch
G_HEADERS  = 
  CONFIG_LINKS    = 
  CONFIG_COMMANDS = 
  $ ./config.status tools/histograms/weightedhistogram

on tsf-428-wpa-3-001.epfl.ch


config.status:1308: creating tools/histograms/weightedhistogram
config.status:1308: creating tools/histograms/histogram



## ---------------------- ##
## Running config.status. ##
## ---------------------- ##
## ---------------------- ##
## Running config.status. ##
## ---------------------- ##
## ---------------------- ##
## Running config.status. ##
## ---------------------- ##

This file was extended by biogeme config.status 2.7b, which was
generated by GNU Autoconf 2.69.  Invocation command line was

  CONFIG_FILES    = 

  CONFIG_HEADERS  = 

This file was extended by biogeme config.status 2.7b, which was
  CONFIG_LINKS    = 
This file was extended by biogeme config.status 2.7b, which was
generated by GNU Autoconf 2.69.  Invocation command line was
generated by GNU Autoconf 2.69.  Invocation command line was

  CONFIG_FILES    = 
  CONFIG_HEADERS  = 
  CONFIG_COMMANDS = 

  CONFIG_FILES    = 
  CONFIG_COMMANDS = 
  $ ./config.status tools/prepareData/biopreparedata

on tsf-428-wpa-3-001.epfl.ch
  CONFIG_HEADERS  = 
  $ ./config.status tools/prepareData/biocheckdata


  CONFIG_LINKS    = 
on tsf-428-wpa-3-001.epfl.ch
  CONFIG_COMMANDS = 

  $ ./config.status tools/prepareData/biosampledata

on tsf-428-wpa-3-001.epfl.ch

config.status:1308: creating tools/prepareData/biopreparedata
config.status:1308: creating tools/prepareData/biocheckdata
config.status:1308: creating tools/prepareData/biosampledata

## ---------------------- ##
## Running config.status. ##
## ---------------------- ##

This file was extended by biogeme config.status 2.7b, which was
generated by GNU Autoconf 2.69.  Invocation command line was

  CONFIG_FILES    = 
  CONFIG_HEADERS  = 
  CONFIG_LINKS    = 
  CONFIG_COMMANDS = 
  $ ./config.status pythonbiogeme/pythonbiogeme

on tsf-428-wpa-3-001.epfl.ch

config.status:1308: creating pythonbiogeme/pythonbiogeme
