This is pdfTeX, Version 3.14159265-2.6-1.40.17 (TeX Live 2016) (preloaded format=latex 2016.6.9)  22 JUN 2016 09:55
entering extended mode
 restricted \write18 enabled.
 %&-line parsing enabled.
**fig-ordinal-1.tex
(./fig-ordinal-1.tex
LaTeX2e <2016/03/31>
Babel <3.9r> and hyphenation patterns for 83 language(s) loaded.
\gptboxheight=\skip41
\gptboxwidth=\skip42
\gptboxtext=\box26
LaTeX Font Info:    External font `cmex10' loaded for size
(Font)              <7> on input line 95.
LaTeX Font Info:    External font `cmex10' loaded for size
(Font)              <5> on input line 95.
! Undefined control sequence.
<recently read> \operatorname 
                              
l.95     \gplbacktext
                     
? x
 
Here is how much of TeX's memory you used:
 28 strings out of 493015
 408 string characters out of 6133378
 53598 words of memory out of 5000000
 3671 multiletter control sequences out of 15000+600000
 3640 words of font info for 14 fonts, out of 8000000 for 9000
 1141 hyphenation exceptions out of 8191
 22i,5n,19p,142b,159s stack positions out of 5000i,500n,10000p,200000b,80000s
No pages of output.
