Iter 0

Size = 4
Data size = 10
[ 1246 -623 -113.971 234.378 ;
-623 1536.25 -154.532 867.351 ;
-113.971 -154.532 633.137 -206.643 ;
234.378 867.351 -206.643 1680.78 ;
]
+++++++++++++
Iter 1

Size = 4
Data size = 10
[ 1056.74 -233.534 -272.462 379.429 ;
-233.534 908.453 -72.7433 575.052 ;
-272.462 -72.7433 519.161 -246.922 ;
379.429 575.052 -246.922 1054.5 ;
]
+++++++++++++
Iter 2

Size = 4
Data size = 10
[ 1039.01 -203.066 -260.574 369.659 ;
-203.066 777.965 -60.7638 466.115 ;
-260.574 -60.7638 475.95 -237.605 ;
369.659 466.115 -237.605 856.402 ;
]
+++++++++++++
Iter 3

Size = 4
Data size = 10
[ 1026.55 -197.199 -258.857 362.894 ;
-197.199 761.707 -59.5043 453.171 ;
-258.857 -59.5043 467.639 -235.909 ;
362.894 453.171 -235.909 826.491 ;
]
+++++++++++++
Iter 4

Size = 4
Data size = 10
[ 1026.19 -197.068 -258.816 362.682 ;
-197.068 761.393 -59.479 452.912 ;
-258.816 -59.479 467.418 -235.869 ;
362.682 452.912 -235.869 825.777 ;
]
+++++++++++++
