bioArithAbs.h
bioArithAnd.h
bioArithBayes.h
bioArithBayesMH.h
bioArithBayesMean.h
bioArithBinaryExpression.h
bioArithBinaryMinus.h
bioArithBinaryPlus.h
bioArithCompositeLiteral.h
bioArithConstant.h
bioArithDerivative.h
bioArithDivide.h
bioArithElem.h
bioArithElementaryExpression.h
bioArithEqual.h
bioArithExp.h
bioArithFixedParameter.h
bioArithGHIntegral.h
bioArithGaussHermite.h
bioArithGreater.h
bioArithGreaterEqual.h
bioArithIntegral.h
bioArithIterator.h
bioArithLess.h
bioArithLessEqual.h
bioArithLikelihoodFctAndGrad.h
bioArithListOfExpressions.h
bioArithLiteral.h
bioArithLog.h
bioArithLogit.h
bioArithMatrix.h
bioArithMax.h
bioArithMin.h
bioArithMonteCarlo.h
bioArithMult.h
bioArithMultinaryExpression.h
bioArithMultinaryPlus.h
bioArithNormalCdf.h
bioArithNormalPdf.h
bioArithNotEqual.h
bioArithOr.h
bioArithPower.h
bioArithPrint.h
bioArithProd.h
bioArithRandom.h
bioArithRandomVariable.h
bioArithSum.h
bioArithSum_new.h
bioArithUnaryExpression.h
bioArithUnaryMinus.h
bioArithUnifRandom.h
bioArithVariable.h
