This file has automatically been generated.
Tue Feb 27 11:41:41 2018
Michel Bierlaire, EPFL

biogeme 2.7b [Wed Feb 14 17:14:26 CET 2018]
Michel Bierlaire, EPFL

Warning: [11:41:41]bioMain.cc:118  pythonbiogeme 01logit_sg swissmetro.dat
[11:41:41]bioParameters.cc:454  Parameter documentation generated: pythonparam.html
[11:41:41]bioMain.cc:124  Init bioReporting
[11:41:41]bioMain.cc:132  Init bioSample
[11:41:41]bioMain.cc:142  Init Python
[11:41:41]bioMain.cc:149  Done
[11:41:41]bioMain.cc:150  Python version: 3.6.4 (default, Jan  6 2018, 11:51:59) 
[GCC 4.2.1 Compatible Apple LLVM 9.0.0 (clang-900.0.39.2)]
[11:41:41]bioMain.cc:152  Done A
[11:41:41]bioMain.cc:159  Done B
[11:41:41]bioMain.cc:162  Get model name
[11:41:41]bioMain.cc:183  Init bioModelParser
[11:41:41]bioModelParser.cc:112  01logit_sg.py exists
[11:41:41]bioModelParser.cc:132  PYTHONPATH = .:/usr/local/share/biogeme:
[11:41:41]bioModelParser.cc:142  Init Python
[11:41:41]bioModelParser.cc:146  loading python module
[11:41:41]bioModelParser.cc:153  loading python module: done
 MODEL READ
 Read sample in binary format from __bin_swissmetro.dat *****
 Processing the sample file: __bin_swissmetro.dat [00:00]
 Nbr of cores reported by the system: 4
 Nbr of cores used by biogeme: 2
 Stochastic gradient: pass 1
 Stochastic gradient: pass 2
 Init. log-likelihood: -1.20897e+07 [00:00]
Warning:  Bounds constraints are not verified
Warning:  Starting point not feasible
Warning:  Initial solution not feasible. Its projection onto the feasible set is used instead.
     gmax Iter   radius        f(x)     Status       rhok nFree
 +4.31e-01    1 1.00e+00 +3.1637611e+06 ****OutTrReg +1.00e+00 4  ++ P
 +4.31e-01    2 2.00e+00 +3.1608783e+06 ****OutTrReg +1.00e+00 4  ++ P
 +4.31e-01    3 4.00e+00 +3.1551127e+06 ****OutTrReg +1.00e+00 4  ++ P
 +4.30e-01    4 8.00e+00 +3.1435814e+06 ****OutTrReg +1.00e+00 4  ++ P
 +4.30e-01    5 1.60e+01 +3.1205190e+06 ****OutTrReg +1.00e+00 4  ++ P
 +4.29e-01    6 3.20e+01 +3.0743941e+06 ****OutTrReg +1.00e+00 4  ++ P
 +4.28e-01    7 6.40e+01 +2.9821449e+06 ****OutTrReg +1.00e+00 4  ++ P
 +4.30e-01    8 1.28e+02 +2.8133978e+06 ****OutTrReg +1.00e+00 4  ++ P
 +4.48e-01    9 2.56e+02 +2.6751610e+06 ****OutTrReg +1.00e+00 4  ++ P
 +4.89e-01   10 5.12e+02 +2.3969690e+06 ****OutTrReg +9.86e-01 3  ++ P
 +6.13e-01   11 1.02e+03 +1.8879544e+06  -  P
 +6.13e-01   12 5.12e+02 +1.8879544e+06  -  P
 +6.13e-01   13 2.56e+02 +1.8879544e+06 ****OutTrReg +1.00e+00 4  ++ P
 +5.84e-01   14 5.12e+02 +1.2994376e+06  -  P
 +5.84e-01   15 2.56e+02 +1.2994376e+06 ****OutTrReg +1.00e+00 4  ++ P
 +5.91e-01   16 5.12e+02 +7.1127738e+05  -  P
 +5.91e-01   17 2.56e+02 +7.1127738e+05  -  P
 +5.91e-01   18 1.28e+02 +7.1127738e+05 ****OutTrReg +1.00e+00 4  ++ P
 +5.35e-01   19 2.56e+02 +4.2405979e+05  -  P
 +5.35e-01   20 1.28e+02 +4.2405979e+05  -  P
 +5.35e-01   21 6.40e+01 +4.2405979e+05 ****OutTrReg +1.00e+00 4  ++ P
 +5.07e-01   22 1.28e+02 +2.8108449e+05  -  P
 +5.07e-01   23 6.40e+01 +2.8108449e+05 ****OutTrReg +1.00e+00 4  ++ P
 +4.81e-01   24 1.28e+02 +1.3830114e+05  -  P
 +4.81e-01   25 6.40e+01 +1.3830114e+05  -  P
 +4.81e-01   26 3.20e+01 +1.3830114e+05  -  P
 +4.81e-01   27 1.60e+01 +1.3830114e+05 ****OutTrReg +1.00e+00 4  ++ P
 +4.75e-01   28 3.20e+01 +1.0275337e+05  -  P
 +4.75e-01   29 1.60e+01 +1.0275337e+05 ****OutTrReg +1.00e+00 4  ++ P
 +4.68e-01   30 3.20e+01 +6.7404896e+04  -  P
 +4.68e-01   31 1.60e+01 +6.7404896e+04  -  P
 +4.68e-01   32 8.00e+00 +6.7404896e+04 ****OutTrReg +1.00e+00 4  ++ P
 +4.62e-01   33 1.60e+01 +4.9993246e+04  -  P
 +4.62e-01   34 8.00e+00 +4.9993246e+04 ****OutTrReg +1.00e+00 4  ++ P
 +4.53e-01   35 1.60e+01 +3.2728937e+04  -  P
 +4.53e-01   36 8.00e+00 +3.2728937e+04  -  P
 +4.53e-01   37 4.00e+00 +3.2728937e+04 ****OutTrReg +9.99e-01 4  ++ P
 +4.42e-01   38 8.00e+00 +2.4248581e+04  -  P
 +4.42e-01   39 4.00e+00 +2.4248581e+04 ****OutTrReg +9.98e-01 4  ++ P
 +4.15e-01   40 8.00e+00 +1.6007312e+04  -  P
 +4.15e-01   41 4.00e+00 +1.6007312e+04 ****OutTrReg +9.80e-01 4  ++ P
 +3.05e-01   42 8.00e+00 +8.5740089e+03  -  P
 +3.05e-01   43 4.00e+00 +8.5740089e+03  -  P
 +3.05e-01   44 2.00e+00 +8.5740089e+03 ****OutTrReg +8.67e-01 4  +  P
 +1.56e-01   45 2.00e+00 +5.8347086e+03 ****Converg  +8.59e-01 4  +  P
 +3.93e-02   46 2.00e+00 +5.3592140e+03 ****Converg  +1.04e+00 4  ++ P
 +2.79e-03   47 4.00e+00 +5.3313985e+03 ****Converg  +1.00e+00 4  ++ P
 +1.88e-05   48 8.00e+00 +5.3312520e+03 ****Converg  +1.00e+00 4  ++ P
 
 Convergence reached...
 Run time interval: [11:41:42,11:41:43]
 Run time: 00:01
 Calculation of the final derivatives: [11:41:43,11:41:43]
 Estimated parameters: 
ASC_CAR = -0.154632

ASC_SM = 0

ASC_TRAIN = -0.701187

B_COST = -1.08379

B_TIME = -1.27786


 File 01logit_sg~11_param.py created
 --------------------------------------------------------
 Directory: /Users/michelbierlaire/GoogleDrive/biogeme/biogemeSourceCode/github/working
 The following files have been generated
 --------------------------------------------------------
 Debug files
 --------------------------------------------------------
      headers.py: List of headers of the data file (biogeme use only)
 --------------------------------------------------------
 Useful files
 --------------------------------------------------------
      __biogeme.log: Log of all outputs
      pythonparam.html: Documentation of the parameters
      __parametersUsed.py: Values of the parameters actually used
      01logit_sg~23.tex: Results in LaTeX format
 --------------------------------------------------------
 Important files
 --------------------------------------------------------
      01logit_sg~11_param.py: Results in Python format (to copy/paste for simulation)
      01logit_sg~11.html: Results in HTML format
