Iter 0

Size = 4
Data size = 10
[ 5.22688e-146 1.20218e-146 -7.63124e-146 0 ;
1.20218e-146 0.119215 0.0427433 -0.172027 ;
-7.63124e-146 0.0427433 0.394005 -0.335952 ;
0 -0.172027 -0.335952 0.446887 ;
]
+++++++++++++
Iter 1

Size = 4
Data size = 10
[ 5.39781e-146 1.2415e-146 -7.8808e-146 0 ;
1.2415e-146 0.119231 0.0427861 -0.172077 ;
-7.8808e-146 0.0427861 0.393286 -0.335482 ;
0 -0.172077 -0.335482 0.446608 ;
]
+++++++++++++
Iter 2

Size = 4
Data size = 10
[ 5.7567e-146 1.32404e-146 -8.40479e-146 0 ;
1.32404e-146 0.119263 0.0428722 -0.172177 ;
-8.40479e-146 0.0428722 0.39185 -0.334546 ;
0 -0.172177 -0.334546 0.44605 ;
]
+++++++++++++
Iter 3

Size = 4
Data size = 10
[ 6.54802e-146 1.50604e-146 -9.56011e-146 0 ;
1.50604e-146 0.119328 0.0430467 -0.172381 ;
-9.56011e-146 0.0430467 0.388987 -0.332683 ;
0 -0.172381 -0.332683 0.444945 ;
]
+++++++++++++
Iter 4

Size = 4
Data size = 10
[ 8.47379e-146 1.94897e-146 -1.23717e-145 0 ;
1.94897e-146 0.119461 0.0434045 -0.172799 ;
-1.23717e-145 0.0434045 0.383299 -0.328994 ;
0 -0.172799 -0.328994 0.442776 ;
]
+++++++++++++
Iter 5

Size = 4
Data size = 10
[ 1.42036e-145 3.26683e-146 -2.07373e-145 0 ;
3.26683e-146 0.119741 0.0441573 -0.17368 ;
-2.07373e-145 0.0441573 0.372132 -0.321814 ;
0 -0.17368 -0.321814 0.438635 ;
]
+++++++++++++
Iter 6

Size = 4
Data size = 10
[ 4.00506e-145 9.21164e-146 -5.84739e-145 0 ;
9.21164e-146 0.120365 0.0458255 -0.175635 ;
-5.84739e-145 0.0458255 0.351091 -0.30859 ;
0 -0.175635 -0.30859 0.43141 ;
]
+++++++++++++
Iter 7

Size = 4
Data size = 10
[ 7.65264e-131 1.76011e-131 -1.11729e-130 0 ;
1.76011e-131 0.116628 0.0513141 -0.175213 ;
-1.11729e-130 0.0513141 0.240483 -0.235232 ;
0 -0.175213 -0.235232 0.377996 ;
]
+++++++++++++
Iter 8

Size = 4
Data size = 10
[ 1.051e-76 2.41731e-77 -1.53447e-76 -5.66383e-287 ;
2.41731e-77 0.111477 0.0586886 -0.174483 ;
-1.53447e-76 0.0586886 0.3427 -0.319399 ;
-5.66383e-287 -0.174483 -0.319399 0.43915 ;
]
+++++++++++++
Iter 9

Size = 4
Data size = 10
[ 2.98538e-06 9.85175e-07 -4.35865e-06 -8.38529e-174 ;
9.85175e-07 0.0895558 -0.0290563 -0.084454 ;
-4.35865e-06 -0.0290563 0.716067 -0.489143 ;
-8.38529e-174 -0.084454 -0.489143 0.457231 ;
]
+++++++++++++
Iter 10

Size = 4
Data size = 10
[ 0.972442 0.084857 -0.124841 -0.000380858 ;
0.084857 0.129264 0.0357379 -0.175326 ;
-0.124841 0.0357379 0.0802994 -0.101532 ;
-0.000380858 -0.175326 -0.101532 0.277802 ;
]
+++++++++++++
Iter 13

Size = 4
Data size = 10
[ 2.12543 0.37074 -0.537635 -0.00207974 ;
0.37074 0.131145 -0.127738 -0.0494841 ;
-0.537635 -0.127738 0.405247 -0.171351 ;
-0.00207974 -0.0494841 -0.171351 0.190343 ;
]
+++++++++++++
Iter 15

Size = 4
Data size = 10
[ 3.70158 0.558077 -0.610564 -0.156099 ;
0.558077 0.402715 -0.453598 -0.107395 ;
-0.610564 -0.453598 2.72946 -1.64921 ;
-0.156099 -0.107395 -1.64921 1.44124 ;
]
+++++++++++++
Iter 18

Size = 4
Data size = 10
[ 5.14736 0.736827 -0.774067 -0.226518 ;
0.736827 0.543415 -0.49681 -0.237085 ;
-0.774067 -0.49681 4.17494 -2.76687 ;
-0.226518 -0.237085 -2.76687 2.49677 ;
]
+++++++++++++
Iter 21

Size = 4
Data size = 10
[ 6.98459 1.02987 -1.03716 -0.336411 ;
1.02987 0.727785 -0.636249 -0.336487 ;
-1.03716 -0.636249 6.05258 -4.12418 ;
-0.336411 -0.336487 -4.12418 3.71 ;
]
+++++++++++++
Iter 23

Size = 4
Data size = 10
[ 12.7579 2.08443 -2.00951 -0.629618 ;
2.08443 1.27438 -1.11789 -0.554377 ;
-2.00951 -1.11789 11.5264 -8.01218 ;
-0.629618 -0.554377 -8.01218 7.11254 ;
]
+++++++++++++
Iter 27

Size = 4
Data size = 10
[ 16.8432 2.90251 -2.75295 -0.798112 ;
2.90251 1.69159 -1.46824 -0.717555 ;
-2.75295 -1.46824 15.2156 -10.6267 ;
-0.798112 -0.717555 -10.6267 9.44081 ;
]
+++++++++++++
Iter 29

Size = 4
Data size = 10
[ 25.8582 4.95984 -4.45139 -1.12777 ;
4.95984 2.76203 -2.3308 -1.08178 ;
-4.45139 -2.3308 22.9965 -16.0905 ;
-1.12777 -1.08178 -16.0905 14.4005 ;
]
+++++++++++++
Iter 32

Size = 4
Data size = 10
[ 35.2102 7.42077 -6.17341 -1.49232 ;
7.42077 4.12094 -3.36465 -1.44701 ;
-6.17341 -3.36465 31.1794 -21.7772 ;
-1.49232 -1.44701 -21.7772 19.6228 ;
]
+++++++++++++
Iter 34

Size = 4
Data size = 10
[ 55.3617 13.8831 -9.47973 -2.38935 ;
13.8831 7.95588 -5.95295 -2.09925 ;
-9.47973 -5.95295 48.7499 -34.0688 ;
-2.38935 -2.09925 -34.0688 31.2746 ;
]
+++++++++++++
Iter 37

Size = 4
Data size = 10
[ 74.2572 21.5917 -12.3102 -3.25771 ;
21.5917 13.26 -9.32237 -2.34268 ;
-12.3102 -9.32237 67.9504 -47.7628 ;
-3.25771 -2.34268 -47.7628 44.9589 ;
]
+++++++++++++
Iter 39

Size = 4
Data size = 10
[ 108.856 39.9718 -16.6207 -4.8058 ;
39.9718 29.1166 -19.3491 -0.302343 ;
-16.6207 -19.3491 110.951 -79.1022 ;
-4.8058 -0.302343 -79.1022 80.3434 ;
]
+++++++++++++
Iter 41

Size = 4
Data size = 10
[ 192.792 103.511 -24.2917 -12.8026 ;
103.511 131.978 -76.0004 51.8325 ;
-24.2917 -76.0004 257.758 -182.322 ;
-12.8026 51.8325 -182.322 276.689 ;
]
+++++++++++++
Iter 44

Size = 4
Data size = 10
[ 431.089 286.434 -44.8892 -76.2984 ;
286.434 740.506 -212.448 385.186 ;
-44.8892 -212.448 521.475 -289.968 ;
-76.2984 385.186 -289.968 881.24 ;
]
+++++++++++++
Iter 45

Size = 4
Data size = 10
[ 899.347 539.049 -68.7803 -241.845 ;
539.049 893.359 -237.503 333.506 ;
-68.7803 -237.503 476.739 -250.278 ;
-241.845 333.506 -250.278 1033.7 ;
]
+++++++++++++
Iter 46

Size = 4
Data size = 10
[ 771.706 459.646 -60.163 -199.868 ;
459.646 831.016 -236.254 360.235 ;
-60.163 -236.254 467.634 -258.675 ;
-199.868 360.235 -258.675 1025.44 ;
]
+++++++++++++
Iter 47

Size = 4
Data size = 10
[ 761.463 452.958 -59.4835 -197.088 ;
452.958 825.814 -235.872 362.667 ;
-59.4835 -235.872 467.42 -258.815 ;
-197.088 362.667 -258.815 1026.18 ;
]
+++++++++++++
Iter 48

Size = 4
Data size = 10
[ 761.393 452.912 -59.479 -197.068 ;
452.912 825.776 -235.869 362.682 ;
-59.479 -235.869 467.418 -258.816 ;
-197.068 362.682 -258.816 1026.19 ;
]
+++++++++++++
